{"name": "Оформление заказа авторизованным пользователем", "status": "broken", "statusDetails": {"message": "selenium.common.exceptions.TimeoutException: Message: Элемент ('xpath', \"//p[contains(@class, 'text_type_digits-large')]\") не стал видимым\nStacktrace:\nRemoteError@chrome://remote/content/shared/RemoteError.sys.mjs:8:8\nWebDriverError@chrome://remote/content/shared/webdriver/Errors.sys.mjs:199:5\nNoSuchElementError@chrome://remote/content/shared/webdriver/Errors.sys.mjs:552:5\ndom.find/</<@chrome://remote/content/shared/DOM.sys.mjs:136:16", "trace": "self = <tests.test_constructor.TestConstructor object at 0x0000016838E9F5B0>\ndriver = <selenium.webdriver.firefox.webdriver.WebDriver (session=\"1727fcdb-d6c0-4428-86ec-4c2862565d86\")>\ntest_user = {'email': 'test_417956ed@example.com', 'name': 'User_839c', 'password': 'P@ssw0rd_23bd'}\n\n    @allure.title(\"Оформление заказа авторизованным пользователем\")\n    def test_make_order_by_authenticated_user(self, driver, test_user):\n        register_page = RegisterPage(driver)\n        login_page = LoginPage(driver)\n        main_page = MainPage(driver)\n    \n        with allure.step(\"1. Зарегистрировать нового пользователя\"):\n            register_new_user(driver, test_user)\n    \n        with allure.step(\"2. Авторизоваться под созданным пользователем\"):\n            login_user(driver, test_user[\"email\"], test_user[\"password\"])\n    \n        with allure.step(\"3. Добавить ингредиент в конструктор\"):\n            main_page.add_ingredient_to_constructor()\n    \n        with allure.step(\"4. Нажать кнопку 'Оформить заказ'\"):\n>           order_number = main_page.make_order()\n\ntests\\test_constructor.py:105: \n_ _ _ _ _ _ _ _ _ _ _ _ _ _ _ _ _ _ _ _ _ _ _ _ _ _ _ _ _ _ _ _ _ _ _ _ _ _ _ _ _ _ _ _ _ _ _ _ _ _ _ _ _ _ _ _ _ _ _ _ _ _ _ _ _ _ _ _ _ _ _ _ _ _ _ _ _ _ _ _ _ _ _\npages\\main_page.py:80: in make_order\n    return self.get_text(self.locators.ORDER_NUMBER)\npages\\base_page.py:65: in get_text\n    element = self.wait_until_visible(locator, timeout)\npages\\base_page.py:103: in wait_until_visible\n    return self._wait_until(\npages\\base_page.py:190: in _wait_until\n    return WebDriverWait(self.driver, wait_timeout).until(\n_ _ _ _ _ _ _ _ _ _ _ _ _ _ _ _ _ _ _ _ _ _ _ _ _ _ _ _ _ _ _ _ _ _ _ _ _ _ _ _ _ _ _ _ _ _ _ _ _ _ _ _ _ _ _ _ _ _ _ _ _ _ _ _ _ _ _ _ _ _ _ _ _ _ _ _ _ _ _ _ _ _ _\n\nself = <selenium.webdriver.support.wait.WebDriverWait (session=\"1727fcdb-d6c0-4428-86ec-4c2862565d86\")>\nmethod = <function visibility_of_element_located.<locals>._predicate at 0x000001683907E020>\nmessage = 'Элемент (\\'xpath\\', \"//p[contains(@class, \\'text_type_digits-large\\')]\") не стал видимым'\n\n    def until(self, method: Callable[[WebDriver], Union[Literal[False], T]], message: str = \"\") -> T:\n        \"\"\"Calls the method provided with the driver as an argument until the \\\n        return value does not evaluate to ``False``.\n    \n        :param method: callable(WebDriver)\n        :param message: optional message for :exc:`TimeoutException`\n        :returns: the result of the last call to `method`\n        :raises: :exc:`selenium.common.exceptions.TimeoutException` if timeout occurs\n        \"\"\"\n        screen = None\n        stacktrace = None\n    \n        end_time = time.monotonic() + self._timeout\n        while True:\n            try:\n                value = method(self._driver)\n                if value:\n                    return value\n            except self._ignored_exceptions as exc:\n                screen = getattr(exc, \"screen\", None)\n                stacktrace = getattr(exc, \"stacktrace\", None)\n            time.sleep(self._poll)\n            if time.monotonic() > end_time:\n                break\n>       raise TimeoutException(message, screen, stacktrace)\nE       selenium.common.exceptions.TimeoutException: Message: Элемент ('xpath', \"//p[contains(@class, 'text_type_digits-large')]\") не стал видимым\nE       Stacktrace:\nE       RemoteError@chrome://remote/content/shared/RemoteError.sys.mjs:8:8\nE       WebDriverError@chrome://remote/content/shared/webdriver/Errors.sys.mjs:199:5\nE       NoSuchElementError@chrome://remote/content/shared/webdriver/Errors.sys.mjs:552:5\nE       dom.find/</<@chrome://remote/content/shared/DOM.sys.mjs:136:16\n\nvenv\\Lib\\site-packages\\selenium\\webdriver\\support\\wait.py:101: TimeoutException"}, "steps": [{"name": "1. Зарегистрировать нового пользователя", "status": "passed", "steps": [{"name": "Зарегистрировать нового пользователя", "status": "passed", "steps": [{"name": "Открыть страницу регистрации", "status": "passed", "steps": [{"name": "Ожидание видимости элемента ('css selector', 'form.Auth_form__3qKeq')", "status": "passed", "parameters": [{"name": "locator", "value": "('css selector', 'form.Auth_form__3qKeq')"}, {"name": "timeout", "value": "None"}], "start": 1749424655643, "stop": 1749424655690}, {"name": "Ожидание видимости элемента ('css selector', \"input[name='name']\")", "status": "passed", "parameters": [{"name": "locator", "value": "('css selector', \"input[name='name']\")"}, {"name": "timeout", "value": "None"}], "start": 1749424655690, "stop": 1749424655705}, {"name": "Ожидание видимости элемента ('css selector', 'fieldset.Auth_fieldset__1QzWN:nth-of-type(2) input')", "status": "passed", "parameters": [{"name": "locator", "value": "('css selector', 'fieldset.Auth_fieldset__1QzWN:nth-of-type(2) input')"}, {"name": "timeout", "value": "None"}], "start": 1749424655705, "stop": 1749424655724}, {"name": "Ожидание видимости элемента ('css selector', \"input[type='password']\")", "status": "passed", "parameters": [{"name": "locator", "value": "('css selector', \"input[type='password']\")"}, {"name": "timeout", "value": "None"}], "start": 1749424655724, "stop": 1749424655744}], "start": 1749424653882, "stop": 1749424655744}, {"name": "Ввод текста ''User_839c'' в элемент ('css selector', \"input[name='name']\")", "status": "passed", "steps": [{"name": "Ожидание видимости элемента ('css selector', \"input[name='name']\")", "status": "passed", "parameters": [{"name": "locator", "value": "('css selector', \"input[name='name']\")"}, {"name": "timeout", "value": "None"}], "start": 1749424655744, "stop": 1749424655763}], "parameters": [{"name": "locator", "value": "('css selector', \"input[name='name']\")"}, {"name": "text", "value": "'User_839c'"}, {"name": "clear", "value": "True"}], "start": 1749424655744, "stop": 1749424655875}, {"name": "Ввод текста ''test_417956ed@example.com'' в элемент ('css selector', 'fieldset.Auth_fieldset__1QzWN:nth-of-type(2) input')", "status": "passed", "steps": [{"name": "Ожидание видимости элемента ('css selector', 'fieldset.Auth_fieldset__1QzWN:nth-of-type(2) input')", "status": "passed", "parameters": [{"name": "locator", "value": "('css selector', 'fieldset.Auth_fieldset__1QzWN:nth-of-type(2) input')"}, {"name": "timeout", "value": "None"}], "start": 1749424655875, "stop": 1749424655890}], "parameters": [{"name": "locator", "value": "('css selector', 'fieldset.Auth_fieldset__1QzWN:nth-of-type(2) input')"}, {"name": "text", "value": "'test_417956ed@example.com'"}, {"name": "clear", "value": "True"}], "start": 1749424655875, "stop": 1749424655945}, {"name": "Ввод текста ''P@ssw0rd_23bd'' в элемент ('css selector', \"input[type='password']\")", "status": "passed", "steps": [{"name": "Ожидание видимости элемента ('css selector', \"input[type='password']\")", "status": "passed", "parameters": [{"name": "locator", "value": "('css selector', \"input[type='password']\")"}, {"name": "timeout", "value": "None"}], "start": 1749424655945, "stop": 1749424655959}], "parameters": [{"name": "locator", "value": "('css selector', \"input[type='password']\")"}, {"name": "text", "value": "'P@ssw0rd_23bd'"}, {"name": "clear", "value": "True"}], "start": 1749424655945, "stop": 1749424655993}, {"name": "Клик по элементу ('css selector', 'button.button_button__33qZ0')", "status": "passed", "steps": [{"name": "Ожидание кликабельности элемента ('css selector', 'button.button_button__33qZ0')", "status": "passed", "parameters": [{"name": "locator", "value": "('css selector', 'button.button_button__33qZ0')"}, {"name": "timeout", "value": "None"}], "start": 1749424655993, "stop": 1749424656019}], "parameters": [{"name": "locator", "value": "('css selector', 'button.button_button__33qZ0')"}, {"name": "timeout", "value": "None"}], "start": 1749424655993, "stop": 1749424656258}, {"name": "Ожидание URL содержащего ''login''", "status": "passed", "parameters": [{"name": "expected_part", "value": "'login'"}, {"name": "timeout", "value": "15"}], "start": 1749424656258, "stop": 1749424656767}], "parameters": [{"name": "driver", "value": "<selenium.webdriver.firefox.webdriver.WebDriver (session=\"1727fcdb-d6c0-4428-86ec-4c2862565d86\")>"}, {"name": "user_data", "value": "{'email': 'test_417956ed@example.com', 'password': 'P@ssw0rd_23bd', 'name': 'User_839c'}"}], "start": 1749424653882, "stop": 1749424656767}], "start": 1749424653881, "stop": 1749424656767}, {"name": "2. Авторизоваться под созданным пользователем", "status": "passed", "steps": [{"name": "Авторизовать пользователя", "status": "passed", "steps": [{"name": "Открыть страницу логина", "status": "passed", "steps": [{"name": "Проверка загрузки страницы входа", "status": "passed", "steps": [{"name": "Ожидание видимости элемента ('xpath', \"//form[contains(@class, 'Auth_form')]\")", "status": "passed", "parameters": [{"name": "locator", "value": "('xpath', \"//form[contains(@class, 'Auth_form')]\")"}, {"name": "timeout", "value": "None"}], "start": 1749424657327, "stop": 1749424657350}, {"name": "Ожидание видимости элемента ('xpath', \"//input[@name='name']\")", "status": "passed", "parameters": [{"name": "locator", "value": "('xpath', \"//input[@name='name']\")"}, {"name": "timeout", "value": "None"}], "start": 1749424657351, "stop": 1749424657370}, {"name": "Ожидание видимости элемента ('xpath', \"//input[@type='password']\")", "status": "passed", "parameters": [{"name": "locator", "value": "('xpath', \"//input[@type='password']\")"}, {"name": "timeout", "value": "None"}], "start": 1749424657370, "stop": 1749424657390}], "start": 1749424657326, "stop": 1749424657390}, {"name": "Проверка загрузки страницы входа", "status": "passed", "steps": [{"name": "Ожидание видимости элемента ('xpath', \"//form[contains(@class, 'Auth_form')]\")", "status": "passed", "parameters": [{"name": "locator", "value": "('xpath', \"//form[contains(@class, 'Auth_form')]\")"}, {"name": "timeout", "value": "None"}], "start": 1749424657391, "stop": 1749424657408}, {"name": "Ожидание видимости элемента ('xpath', \"//input[@name='name']\")", "status": "passed", "parameters": [{"name": "locator", "value": "('xpath', \"//input[@name='name']\")"}, {"name": "timeout", "value": "None"}], "start": 1749424657409, "stop": 1749424657427}, {"name": "Ожидание видимости элемента ('xpath', \"//input[@type='password']\")", "status": "passed", "parameters": [{"name": "locator", "value": "('xpath', \"//input[@type='password']\")"}, {"name": "timeout", "value": "None"}], "start": 1749424657427, "stop": 1749424657452}], "start": 1749424657390, "stop": 1749424657452}], "start": 1749424656768, "stop": 1749424657452}, {"name": "Ввод текста ''test_417956ed@example.com'' в элемент ('xpath', \"//input[@name='name']\")", "status": "passed", "steps": [{"name": "Ожидание видимости элемента ('xpath', \"//input[@name='name']\")", "status": "passed", "parameters": [{"name": "locator", "value": "('xpath', \"//input[@name='name']\")"}, {"name": "timeout", "value": "None"}], "start": 1749424657452, "stop": 1749424657483}], "parameters": [{"name": "locator", "value": "('xpath', \"//input[@name='name']\")"}, {"name": "text", "value": "'test_417956ed@example.com'"}, {"name": "clear", "value": "True"}], "start": 1749424657452, "stop": 1749424657540}, {"name": "Ввод текста ''P@ssw0rd_23bd'' в элемент ('xpath', \"//input[@type='password']\")", "status": "passed", "steps": [{"name": "Ожидание видимости элемента ('xpath', \"//input[@type='password']\")", "status": "passed", "parameters": [{"name": "locator", "value": "('xpath', \"//input[@type='password']\")"}, {"name": "timeout", "value": "None"}], "start": 1749424657541, "stop": 1749424657564}], "parameters": [{"name": "locator", "value": "('xpath', \"//input[@type='password']\")"}, {"name": "text", "value": "'P@ssw0rd_23bd'"}, {"name": "clear", "value": "True"}], "start": 1749424657541, "stop": 1749424657604}, {"name": "Клик по элементу ('xpath', \"//button[contains(@class, 'button_button')]\")", "status": "passed", "steps": [{"name": "Ожидание кликабельности элемента ('xpath', \"//button[contains(@class, 'button_button')]\")", "status": "passed", "parameters": [{"name": "locator", "value": "('xpath', \"//button[contains(@class, 'button_button')]\")"}, {"name": "timeout", "value": "None"}], "start": 1749424657604, "stop": 1749424657627}], "parameters": [{"name": "locator", "value": "('xpath', \"//button[contains(@class, 'button_button')]\")"}, {"name": "timeout", "value": "None"}], "start": 1749424657604, "stop": 1749424657863}], "parameters": [{"name": "driver", "value": "<selenium.webdriver.firefox.webdriver.WebDriver (session=\"1727fcdb-d6c0-4428-86ec-4c2862565d86\")>"}, {"name": "email", "value": "'test_417956ed@example.com'"}, {"name": "password", "value": "'P@ssw0rd_23bd'"}], "start": 1749424656767, "stop": 1749424657863}], "start": 1749424656767, "stop": 1749424657863}, {"name": "3. Добавить ингредиент в конструктор", "status": "passed", "steps": [{"name": "Добавить ингредиент в конструктор", "status": "passed", "steps": [{"name": "Ожидание видимости элемента ('xpath', \"//div[contains(@class, 'BurgerIngredient_ingredient')]\")", "status": "passed", "parameters": [{"name": "locator", "value": "('xpath', \"//div[contains(@class, 'BurgerIngredient_ingredient')]\")"}, {"name": "timeout", "value": "None"}], "start": 1749424657864, "stop": 1749424657918}, {"name": "Ожидание видимости элемента ('xpath', \"//section[contains(@class, 'BurgerConstructor_basket')]\")", "status": "passed", "parameters": [{"name": "locator", "value": "('xpath', \"//section[contains(@class, 'BurgerConstructor_basket')]\")"}, {"name": "timeout", "value": "None"}], "start": 1749424657919, "stop": 1749424657948}, {"name": "Выполнение перетаскивания через JavaScript", "status": "passed", "parameters": [{"name": "source", "value": "<selenium.webdriver.remote.webelement.WebElement (session=\"1727fcdb-d6c0-4428-86ec-4c2862565d86\", element=\"c89c7eea-cc5d-40ae-9c85-e02e625903c9\")>"}, {"name": "target", "value": "<selenium.webdriver.remote.webelement.WebElement (session=\"1727fcdb-d6c0-4428-86ec-4c2862565d86\", element=\"a6bf292f-a42a-4c63-9904-a09898291c68\")>"}], "start": 1749424657948, "stop": 1749424657961}], "start": 1749424657864, "stop": 1749424657961}], "start": 1749424657863, "stop": 1749424657961}, {"name": "4. Нажать кнопку 'Оформить заказ'", "status": "broken", "statusDetails": {"message": "selenium.common.exceptions.TimeoutException: Message: Элемент ('xpath', \"//p[contains(@class, 'text_type_digits-large')]\") не стал видимым\nStacktrace:\nRemoteError@chrome://remote/content/shared/RemoteError.sys.mjs:8:8\nWebDriverError@chrome://remote/content/shared/webdriver/Errors.sys.mjs:199:5\nNoSuchElementError@chrome://remote/content/shared/webdriver/Errors.sys.mjs:552:5\ndom.find/</<@chrome://remote/content/shared/DOM.sys.mjs:136:16\n\n", "trace": "  File \"C:\\Users\\windw\\PycharmProjects\\Diplom\\Diplom_3\\tests\\test_constructor.py\", line 105, in test_make_order_by_authenticated_user\n    order_number = main_page.make_order()\n  File \"C:\\Users\\windw\\PycharmProjects\\Diplom\\Diplom_3\\venv\\Lib\\site-packages\\allure_commons\\_allure.py\", line 172, in impl\n    return func(*a, **kw)\n  File \"C:\\Users\\windw\\PycharmProjects\\Diplom\\Diplom_3\\pages\\main_page.py\", line 80, in make_order\n    return self.get_text(self.locators.ORDER_NUMBER)\n           ~~~~~~~~~~~~~^^^^^^^^^^^^^^^^^^^^^^^^^^^^\n  File \"C:\\Users\\windw\\PycharmProjects\\Diplom\\Diplom_3\\venv\\Lib\\site-packages\\allure_commons\\_allure.py\", line 172, in impl\n    return func(*a, **kw)\n  File \"C:\\Users\\windw\\PycharmProjects\\Diplom\\Diplom_3\\pages\\base_page.py\", line 65, in get_text\n    element = self.wait_until_visible(locator, timeout)\n  File \"C:\\Users\\windw\\PycharmProjects\\Diplom\\Diplom_3\\venv\\Lib\\site-packages\\allure_commons\\_allure.py\", line 172, in impl\n    return func(*a, **kw)\n  File \"C:\\Users\\windw\\PycharmProjects\\Diplom\\Diplom_3\\pages\\base_page.py\", line 103, in wait_until_visible\n    return self._wait_until(\n           ~~~~~~~~~~~~~~~~^\n        EC.visibility_of_element_located(locator),\n        ^^^^^^^^^^^^^^^^^^^^^^^^^^^^^^^^^^^^^^^^^^\n        timeout=timeout,\n        ^^^^^^^^^^^^^^^^\n        message=f\"Элемент {locator} не стал видимым\"\n        ^^^^^^^^^^^^^^^^^^^^^^^^^^^^^^^^^^^^^^^^^^^^\n    )\n    ^\n  File \"C:\\Users\\windw\\PycharmProjects\\Diplom\\Diplom_3\\pages\\base_page.py\", line 190, in _wait_until\n    return WebDriverWait(self.driver, wait_timeout).until(\n           ~~~~~~~~~~~~~~~~~~~~~~~~~~~~~~~~~~~~~~~~~~~~~~^\n        condition,\n        ^^^^^^^^^^\n        message=message\n        ^^^^^^^^^^^^^^^\n    )\n    ^\n  File \"C:\\Users\\windw\\PycharmProjects\\Diplom\\Diplom_3\\venv\\Lib\\site-packages\\selenium\\webdriver\\support\\wait.py\", line 101, in until\n    raise TimeoutException(message, screen, stacktrace)\n"}, "steps": [{"name": "Оформить заказ", "status": "broken", "statusDetails": {"message": "selenium.common.exceptions.TimeoutException: Message: Элемент ('xpath', \"//p[contains(@class, 'text_type_digits-large')]\") не стал видимым\nStacktrace:\nRemoteError@chrome://remote/content/shared/RemoteError.sys.mjs:8:8\nWebDriverError@chrome://remote/content/shared/webdriver/Errors.sys.mjs:199:5\nNoSuchElementError@chrome://remote/content/shared/webdriver/Errors.sys.mjs:552:5\ndom.find/</<@chrome://remote/content/shared/DOM.sys.mjs:136:16\n\n", "trace": "  File \"C:\\Users\\windw\\PycharmProjects\\Diplom\\Diplom_3\\venv\\Lib\\site-packages\\allure_commons\\_allure.py\", line 172, in impl\n    return func(*a, **kw)\n  File \"C:\\Users\\windw\\PycharmProjects\\Diplom\\Diplom_3\\pages\\main_page.py\", line 80, in make_order\n    return self.get_text(self.locators.ORDER_NUMBER)\n           ~~~~~~~~~~~~~^^^^^^^^^^^^^^^^^^^^^^^^^^^^\n  File \"C:\\Users\\windw\\PycharmProjects\\Diplom\\Diplom_3\\venv\\Lib\\site-packages\\allure_commons\\_allure.py\", line 172, in impl\n    return func(*a, **kw)\n  File \"C:\\Users\\windw\\PycharmProjects\\Diplom\\Diplom_3\\pages\\base_page.py\", line 65, in get_text\n    element = self.wait_until_visible(locator, timeout)\n  File \"C:\\Users\\windw\\PycharmProjects\\Diplom\\Diplom_3\\venv\\Lib\\site-packages\\allure_commons\\_allure.py\", line 172, in impl\n    return func(*a, **kw)\n  File \"C:\\Users\\windw\\PycharmProjects\\Diplom\\Diplom_3\\pages\\base_page.py\", line 103, in wait_until_visible\n    return self._wait_until(\n           ~~~~~~~~~~~~~~~~^\n        EC.visibility_of_element_located(locator),\n        ^^^^^^^^^^^^^^^^^^^^^^^^^^^^^^^^^^^^^^^^^^\n        timeout=timeout,\n        ^^^^^^^^^^^^^^^^\n        message=f\"Элемент {locator} не стал видимым\"\n        ^^^^^^^^^^^^^^^^^^^^^^^^^^^^^^^^^^^^^^^^^^^^\n    )\n    ^\n  File \"C:\\Users\\windw\\PycharmProjects\\Diplom\\Diplom_3\\pages\\base_page.py\", line 190, in _wait_until\n    return WebDriverWait(self.driver, wait_timeout).until(\n           ~~~~~~~~~~~~~~~~~~~~~~~~~~~~~~~~~~~~~~~~~~~~~~^\n        condition,\n        ^^^^^^^^^^\n        message=message\n        ^^^^^^^^^^^^^^^\n    )\n    ^\n  File \"C:\\Users\\windw\\PycharmProjects\\Diplom\\Diplom_3\\venv\\Lib\\site-packages\\selenium\\webdriver\\support\\wait.py\", line 101, in until\n    raise TimeoutException(message, screen, stacktrace)\n"}, "steps": [{"name": "Клик по элементу ('xpath', \"//button[contains(text(), 'Оформить заказ')]\")", "status": "passed", "steps": [{"name": "Ожидание кликабельности элемента ('xpath', \"//button[contains(text(), 'Оформить заказ')]\")", "status": "passed", "parameters": [{"name": "locator", "value": "('xpath', \"//button[contains(text(), 'Оформить заказ')]\")"}, {"name": "timeout", "value": "None"}], "start": 1749424657962, "stop": 1749424657988}, {"name": "Клик через JavaScript", "status": "passed", "parameters": [{"name": "element", "value": "<selenium.webdriver.remote.webelement.WebElement (session=\"1727fcdb-d6c0-4428-86ec-4c2862565d86\", element=\"08521c63-d112-4434-a329-a50d9058797a\")>"}], "start": 1749424657996, "stop": 1749424658008}], "parameters": [{"name": "locator", "value": "('xpath', \"//button[contains(text(), 'Оформить заказ')]\")"}, {"name": "timeout", "value": "None"}], "start": 1749424657962, "stop": 1749424658008}, {"name": "Получение текста элемента ('xpath', \"//p[contains(@class, 'text_type_digits-large')]\")", "status": "broken", "statusDetails": {"message": "selenium.common.exceptions.TimeoutException: Message: Элемент ('xpath', \"//p[contains(@class, 'text_type_digits-large')]\") не стал видимым\nStacktrace:\nRemoteError@chrome://remote/content/shared/RemoteError.sys.mjs:8:8\nWebDriverError@chrome://remote/content/shared/webdriver/Errors.sys.mjs:199:5\nNoSuchElementError@chrome://remote/content/shared/webdriver/Errors.sys.mjs:552:5\ndom.find/</<@chrome://remote/content/shared/DOM.sys.mjs:136:16\n\n", "trace": "  File \"C:\\Users\\windw\\PycharmProjects\\Diplom\\Diplom_3\\venv\\Lib\\site-packages\\allure_commons\\_allure.py\", line 172, in impl\n    return func(*a, **kw)\n  File \"C:\\Users\\windw\\PycharmProjects\\Diplom\\Diplom_3\\pages\\base_page.py\", line 65, in get_text\n    element = self.wait_until_visible(locator, timeout)\n  File \"C:\\Users\\windw\\PycharmProjects\\Diplom\\Diplom_3\\venv\\Lib\\site-packages\\allure_commons\\_allure.py\", line 172, in impl\n    return func(*a, **kw)\n  File \"C:\\Users\\windw\\PycharmProjects\\Diplom\\Diplom_3\\pages\\base_page.py\", line 103, in wait_until_visible\n    return self._wait_until(\n           ~~~~~~~~~~~~~~~~^\n        EC.visibility_of_element_located(locator),\n        ^^^^^^^^^^^^^^^^^^^^^^^^^^^^^^^^^^^^^^^^^^\n        timeout=timeout,\n        ^^^^^^^^^^^^^^^^\n        message=f\"Элемент {locator} не стал видимым\"\n        ^^^^^^^^^^^^^^^^^^^^^^^^^^^^^^^^^^^^^^^^^^^^\n    )\n    ^\n  File \"C:\\Users\\windw\\PycharmProjects\\Diplom\\Diplom_3\\pages\\base_page.py\", line 190, in _wait_until\n    return WebDriverWait(self.driver, wait_timeout).until(\n           ~~~~~~~~~~~~~~~~~~~~~~~~~~~~~~~~~~~~~~~~~~~~~~^\n        condition,\n        ^^^^^^^^^^\n        message=message\n        ^^^^^^^^^^^^^^^\n    )\n    ^\n  File \"C:\\Users\\windw\\PycharmProjects\\Diplom\\Diplom_3\\venv\\Lib\\site-packages\\selenium\\webdriver\\support\\wait.py\", line 101, in until\n    raise TimeoutException(message, screen, stacktrace)\n"}, "steps": [{"name": "Ожидание видимости элемента ('xpath', \"//p[contains(@class, 'text_type_digits-large')]\")", "status": "broken", "statusDetails": {"message": "selenium.common.exceptions.TimeoutException: Message: Элемент ('xpath', \"//p[contains(@class, 'text_type_digits-large')]\") не стал видимым\nStacktrace:\nRemoteError@chrome://remote/content/shared/RemoteError.sys.mjs:8:8\nWebDriverError@chrome://remote/content/shared/webdriver/Errors.sys.mjs:199:5\nNoSuchElementError@chrome://remote/content/shared/webdriver/Errors.sys.mjs:552:5\ndom.find/</<@chrome://remote/content/shared/DOM.sys.mjs:136:16\n\n", "trace": "  File \"C:\\Users\\windw\\PycharmProjects\\Diplom\\Diplom_3\\venv\\Lib\\site-packages\\allure_commons\\_allure.py\", line 172, in impl\n    return func(*a, **kw)\n  File \"C:\\Users\\windw\\PycharmProjects\\Diplom\\Diplom_3\\pages\\base_page.py\", line 103, in wait_until_visible\n    return self._wait_until(\n           ~~~~~~~~~~~~~~~~^\n        EC.visibility_of_element_located(locator),\n        ^^^^^^^^^^^^^^^^^^^^^^^^^^^^^^^^^^^^^^^^^^\n        timeout=timeout,\n        ^^^^^^^^^^^^^^^^\n        message=f\"Элемент {locator} не стал видимым\"\n        ^^^^^^^^^^^^^^^^^^^^^^^^^^^^^^^^^^^^^^^^^^^^\n    )\n    ^\n  File \"C:\\Users\\windw\\PycharmProjects\\Diplom\\Diplom_3\\pages\\base_page.py\", line 190, in _wait_until\n    return WebDriverWait(self.driver, wait_timeout).until(\n           ~~~~~~~~~~~~~~~~~~~~~~~~~~~~~~~~~~~~~~~~~~~~~~^\n        condition,\n        ^^^^^^^^^^\n        message=message\n        ^^^^^^^^^^^^^^^\n    )\n    ^\n  File \"C:\\Users\\windw\\PycharmProjects\\Diplom\\Diplom_3\\venv\\Lib\\site-packages\\selenium\\webdriver\\support\\wait.py\", line 101, in until\n    raise TimeoutException(message, screen, stacktrace)\n"}, "parameters": [{"name": "locator", "value": "('xpath', \"//p[contains(@class, 'text_type_digits-large')]\")"}, {"name": "timeout", "value": "None"}], "start": 1749424658009, "stop": 1749424669044}], "parameters": [{"name": "locator", "value": "('xpath', \"//p[contains(@class, 'text_type_digits-large')]\")"}, {"name": "timeout", "value": "None"}], "start": 1749424658008, "stop": 1749424669049}], "start": 1749424657962, "stop": 1749424669053}], "start": 1749424657962, "stop": 1749424669055}], "attachments": [{"name": "log", "source": "c94eb7ab-9017-42c6-a69b-b6ef177578cb-attachment.txt", "type": "text/plain"}], "parameters": [{"name": "driver", "value": "'firefox'"}], "start": 1749424653881, "stop": 1749424669058, "uuid": "6ebb319c-2ef3-4037-8772-dc7ba164f518", "historyId": "09251823eb3faacf6efadc3a8a455d3a", "testCaseId": "3c705b881303dba040ba93566b4f8774", "fullName": "tests.test_constructor.TestConstructor#test_make_order_by_authenticated_user", "labels": [{"name": "feature", "value": "Основной функционал"}, {"name": "parentSuite", "value": "tests"}, {"name": "suite", "value": "test_constructor"}, {"name": "subSuite", "value": "TestConstructor"}, {"name": "host", "value": "Gemini_78"}, {"name": "thread", "value": "12668-MainThread"}, {"name": "framework", "value": "pytest"}, {"name": "language", "value": "cpython3"}, {"name": "package", "value": "tests.test_constructor"}]}