{"name": "Переход в личный кабинет", "status": "broken", "statusDetails": {"message": "selenium.common.exceptions.TimeoutException: Message: URL не содержит 'account/profile'", "trace": "self = <tests.test_user_profile.TestUserProfile object at 0x0000016838EBEAD0>, driver = <undetected_chromedriver.Chrome (session=\"bb98baad83eda5003fc08caaf19867ec\")>\ntest_user = {'email': 'test_093078f1@example.com', 'name': 'User_095e', 'password': 'P@ssw0rd_614a'}\n\n    @allure.title(\"Переход в личный кабинет\")\n    def test_navigate_to_personal_account(self, driver, test_user):\n        login_page = LoginPage(driver)\n        profile_page = ProfilePage(driver)\n    \n        with allure.step(\"Авторизация пользователя\"):\n            login_user(driver, test_user[\"email\"], test_user[\"password\"])\n    \n        with allure.step(\"Переход в личный кабинет\"):\n>           login_page.go_to_personal_account()\n\ntests\\test_user_profile.py:21: \n_ _ _ _ _ _ _ _ _ _ _ _ _ _ _ _ _ _ _ _ _ _ _ _ _ _ _ _ _ _ _ _ _ _ _ _ _ _ _ _ _ _ _ _ _ _ _ _ _ _ _ _ _ _ _ _ _ _ _ _ _ _ _ _ _ _ _ _ _ _ _ _ _ _ _ _ _ _ _ _ _ _ _\npages\\login_page.py:56: in go_to_personal_account\n    self.wait_until_url_contains(\"account/profile\")\npages\\base_page.py:130: in wait_until_url_contains\n    return self._wait_until(\npages\\base_page.py:190: in _wait_until\n    return WebDriverWait(self.driver, wait_timeout).until(\n_ _ _ _ _ _ _ _ _ _ _ _ _ _ _ _ _ _ _ _ _ _ _ _ _ _ _ _ _ _ _ _ _ _ _ _ _ _ _ _ _ _ _ _ _ _ _ _ _ _ _ _ _ _ _ _ _ _ _ _ _ _ _ _ _ _ _ _ _ _ _ _ _ _ _ _ _ _ _ _ _ _ _\n\nself = <selenium.webdriver.support.wait.WebDriverWait (session=\"bb98baad83eda5003fc08caaf19867ec\")>\nmethod = <function url_contains.<locals>._predicate at 0x000001683A3EADE0>, message = \"URL не содержит 'account/profile'\"\n\n    def until(self, method: Callable[[WebDriver], Union[Literal[False], T]], message: str = \"\") -> T:\n        \"\"\"Calls the method provided with the driver as an argument until the \\\n        return value does not evaluate to ``False``.\n    \n        :param method: callable(WebDriver)\n        :param message: optional message for :exc:`TimeoutException`\n        :returns: the result of the last call to `method`\n        :raises: :exc:`selenium.common.exceptions.TimeoutException` if timeout occurs\n        \"\"\"\n        screen = None\n        stacktrace = None\n    \n        end_time = time.monotonic() + self._timeout\n        while True:\n            try:\n                value = method(self._driver)\n                if value:\n                    return value\n            except self._ignored_exceptions as exc:\n                screen = getattr(exc, \"screen\", None)\n                stacktrace = getattr(exc, \"stacktrace\", None)\n            time.sleep(self._poll)\n            if time.monotonic() > end_time:\n                break\n>       raise TimeoutException(message, screen, stacktrace)\nE       selenium.common.exceptions.TimeoutException: Message: URL не содержит 'account/profile'\n\nvenv\\Lib\\site-packages\\selenium\\webdriver\\support\\wait.py:101: TimeoutException"}, "steps": [{"name": "Авторизация пользователя", "status": "passed", "steps": [{"name": "Авторизовать пользователя", "status": "passed", "steps": [{"name": "Открыть страницу логина", "status": "passed", "steps": [{"name": "Проверка загрузки страницы входа", "status": "passed", "steps": [{"name": "Ожидание видимости элемента ('xpath', \"//form[contains(@class, 'Auth_form')]\")", "status": "passed", "parameters": [{"name": "locator", "value": "('xpath', \"//form[contains(@class, 'Auth_form')]\")"}, {"name": "timeout", "value": "None"}], "start": 1749424964850, "stop": 1749424964883}, {"name": "Ожидание видимости элемента ('xpath', \"//input[@name='name']\")", "status": "passed", "parameters": [{"name": "locator", "value": "('xpath', \"//input[@name='name']\")"}, {"name": "timeout", "value": "None"}], "start": 1749424964884, "stop": 1749424964909}, {"name": "Ожидание видимости элемента ('xpath', \"//input[@type='password']\")", "status": "passed", "parameters": [{"name": "locator", "value": "('xpath', \"//input[@type='password']\")"}, {"name": "timeout", "value": "None"}], "start": 1749424964909, "stop": 1749424964945}], "start": 1749424964849, "stop": 1749424964946}, {"name": "Проверка загрузки страницы входа", "status": "passed", "steps": [{"name": "Ожидание видимости элемента ('xpath', \"//form[contains(@class, 'Auth_form')]\")", "status": "passed", "parameters": [{"name": "locator", "value": "('xpath', \"//form[contains(@class, 'Auth_form')]\")"}, {"name": "timeout", "value": "None"}], "start": 1749424964946, "stop": 1749424964965}, {"name": "Ожидание видимости элемента ('xpath', \"//input[@name='name']\")", "status": "passed", "parameters": [{"name": "locator", "value": "('xpath', \"//input[@name='name']\")"}, {"name": "timeout", "value": "None"}], "start": 1749424964965, "stop": 1749424964986}, {"name": "Ожидание видимости элемента ('xpath', \"//input[@type='password']\")", "status": "passed", "parameters": [{"name": "locator", "value": "('xpath', \"//input[@type='password']\")"}, {"name": "timeout", "value": "None"}], "start": 1749424964986, "stop": 1749424965004}], "start": 1749424964946, "stop": 1749424965004}], "start": 1749424963348, "stop": 1749424965004}, {"name": "Ввод текста ''test_093078f1@example.com'' в элемент ('xpath', \"//input[@name='name']\")", "status": "passed", "steps": [{"name": "Ожидание видимости элемента ('xpath', \"//input[@name='name']\")", "status": "passed", "parameters": [{"name": "locator", "value": "('xpath', \"//input[@name='name']\")"}, {"name": "timeout", "value": "None"}], "start": 1749424965004, "stop": 1749424965020}], "parameters": [{"name": "locator", "value": "('xpath', \"//input[@name='name']\")"}, {"name": "text", "value": "'test_093078f1@example.com'"}, {"name": "clear", "value": "True"}], "start": 1749424965004, "stop": 1749424965150}, {"name": "Ввод текста ''P@ssw0rd_614a'' в элемент ('xpath', \"//input[@type='password']\")", "status": "passed", "steps": [{"name": "Ожидание видимости элемента ('xpath', \"//input[@type='password']\")", "status": "passed", "parameters": [{"name": "locator", "value": "('xpath', \"//input[@type='password']\")"}, {"name": "timeout", "value": "None"}], "start": 1749424965151, "stop": 1749424965168}], "parameters": [{"name": "locator", "value": "('xpath', \"//input[@type='password']\")"}, {"name": "text", "value": "'P@ssw0rd_614a'"}, {"name": "clear", "value": "True"}], "start": 1749424965150, "stop": 1749424965266}, {"name": "Клик по элементу ('xpath', \"//button[contains(@class, 'button_button')]\")", "status": "passed", "steps": [{"name": "Ожидание кликабельности элемента ('xpath', \"//button[contains(@class, 'button_button')]\")", "status": "passed", "parameters": [{"name": "locator", "value": "('xpath', \"//button[contains(@class, 'button_button')]\")"}, {"name": "timeout", "value": "None"}], "start": 1749424965267, "stop": 1749424965300}], "parameters": [{"name": "locator", "value": "('xpath', \"//button[contains(@class, 'button_button')]\")"}, {"name": "timeout", "value": "None"}], "start": 1749424965267, "stop": 1749424965386}], "parameters": [{"name": "driver", "value": "<undetected_chromedriver.Chrome (session=\"bb98baad83eda5003fc08caaf19867ec\")>"}, {"name": "email", "value": "'test_093078f1@example.com'"}, {"name": "password", "value": "'P@ssw0rd_614a'"}], "start": 1749424963348, "stop": 1749424965386}], "start": 1749424963348, "stop": 1749424965386}, {"name": "Переход в личный кабинет", "status": "broken", "statusDetails": {"message": "selenium.common.exceptions.TimeoutException: Message: URL не содержит 'account/profile'\n\n", "trace": "  File \"C:\\Users\\windw\\PycharmProjects\\Diplom\\Diplom_3\\tests\\test_user_profile.py\", line 21, in test_navigate_to_personal_account\n    login_page.go_to_personal_account()\n    ~~~~~~~~~~~~~~~~~~~~~~~~~~~~~~~~~^^\n  File \"C:\\Users\\windw\\PycharmProjects\\Diplom\\Diplom_3\\venv\\Lib\\site-packages\\allure_commons\\_allure.py\", line 172, in impl\n    return func(*a, **kw)\n  File \"C:\\Users\\windw\\PycharmProjects\\Diplom\\Diplom_3\\pages\\login_page.py\", line 56, in go_to_personal_account\n    self.wait_until_url_contains(\"account/profile\")\n    ~~~~~~~~~~~~~~~~~~~~~~~~~~~~^^^^^^^^^^^^^^^^^^^\n  File \"C:\\Users\\windw\\PycharmProjects\\Diplom\\Diplom_3\\venv\\Lib\\site-packages\\allure_commons\\_allure.py\", line 172, in impl\n    return func(*a, **kw)\n  File \"C:\\Users\\windw\\PycharmProjects\\Diplom\\Diplom_3\\pages\\base_page.py\", line 130, in wait_until_url_contains\n    return self._wait_until(\n           ~~~~~~~~~~~~~~~~^\n        EC.url_contains(expected_part),\n        ^^^^^^^^^^^^^^^^^^^^^^^^^^^^^^^\n        timeout=timeout,\n        ^^^^^^^^^^^^^^^^\n        message=f\"URL не содержит '{expected_part}'\"\n        ^^^^^^^^^^^^^^^^^^^^^^^^^^^^^^^^^^^^^^^^^^^^\n    )\n    ^\n  File \"C:\\Users\\windw\\PycharmProjects\\Diplom\\Diplom_3\\pages\\base_page.py\", line 190, in _wait_until\n    return WebDriverWait(self.driver, wait_timeout).until(\n           ~~~~~~~~~~~~~~~~~~~~~~~~~~~~~~~~~~~~~~~~~~~~~~^\n        condition,\n        ^^^^^^^^^^\n        message=message\n        ^^^^^^^^^^^^^^^\n    )\n    ^\n  File \"C:\\Users\\windw\\PycharmProjects\\Diplom\\Diplom_3\\venv\\Lib\\site-packages\\selenium\\webdriver\\support\\wait.py\", line 101, in until\n    raise TimeoutException(message, screen, stacktrace)\n"}, "steps": [{"name": "Перейти в личный кабинет", "status": "broken", "statusDetails": {"message": "selenium.common.exceptions.TimeoutException: Message: URL не содержит 'account/profile'\n\n", "trace": "  File \"C:\\Users\\windw\\PycharmProjects\\Diplom\\Diplom_3\\venv\\Lib\\site-packages\\allure_commons\\_allure.py\", line 172, in impl\n    return func(*a, **kw)\n  File \"C:\\Users\\windw\\PycharmProjects\\Diplom\\Diplom_3\\pages\\login_page.py\", line 56, in go_to_personal_account\n    self.wait_until_url_contains(\"account/profile\")\n    ~~~~~~~~~~~~~~~~~~~~~~~~~~~~^^^^^^^^^^^^^^^^^^^\n  File \"C:\\Users\\windw\\PycharmProjects\\Diplom\\Diplom_3\\venv\\Lib\\site-packages\\allure_commons\\_allure.py\", line 172, in impl\n    return func(*a, **kw)\n  File \"C:\\Users\\windw\\PycharmProjects\\Diplom\\Diplom_3\\pages\\base_page.py\", line 130, in wait_until_url_contains\n    return self._wait_until(\n           ~~~~~~~~~~~~~~~~^\n        EC.url_contains(expected_part),\n        ^^^^^^^^^^^^^^^^^^^^^^^^^^^^^^^\n        timeout=timeout,\n        ^^^^^^^^^^^^^^^^\n        message=f\"URL не содержит '{expected_part}'\"\n        ^^^^^^^^^^^^^^^^^^^^^^^^^^^^^^^^^^^^^^^^^^^^\n    )\n    ^\n  File \"C:\\Users\\windw\\PycharmProjects\\Diplom\\Diplom_3\\pages\\base_page.py\", line 190, in _wait_until\n    return WebDriverWait(self.driver, wait_timeout).until(\n           ~~~~~~~~~~~~~~~~~~~~~~~~~~~~~~~~~~~~~~~~~~~~~~^\n        condition,\n        ^^^^^^^^^^\n        message=message\n        ^^^^^^^^^^^^^^^\n    )\n    ^\n  File \"C:\\Users\\windw\\PycharmProjects\\Diplom\\Diplom_3\\venv\\Lib\\site-packages\\selenium\\webdriver\\support\\wait.py\", line 101, in until\n    raise TimeoutException(message, screen, stacktrace)\n"}, "steps": [{"name": "Клик по элементу ('xpath', \"//p[text()='Личный Кабинет']\")", "status": "passed", "steps": [{"name": "Ожидание кликабельности элемента ('xpath', \"//p[text()='Личный Кабинет']\")", "status": "passed", "parameters": [{"name": "locator", "value": "('xpath', \"//p[text()='Личный Кабинет']\")"}, {"name": "timeout", "value": "None"}], "start": 1749424965386, "stop": 1749424965422}], "parameters": [{"name": "locator", "value": "('xpath', \"//p[text()='Личный Кабинет']\")"}, {"name": "timeout", "value": "None"}], "start": 1749424965386, "stop": 1749424965789}, {"name": "Ожидание URL содержащего ''account/profile''", "status": "broken", "statusDetails": {"message": "selenium.common.exceptions.TimeoutException: Message: URL не содержит 'account/profile'\n\n", "trace": "  File \"C:\\Users\\windw\\PycharmProjects\\Diplom\\Diplom_3\\venv\\Lib\\site-packages\\allure_commons\\_allure.py\", line 172, in impl\n    return func(*a, **kw)\n  File \"C:\\Users\\windw\\PycharmProjects\\Diplom\\Diplom_3\\pages\\base_page.py\", line 130, in wait_until_url_contains\n    return self._wait_until(\n           ~~~~~~~~~~~~~~~~^\n        EC.url_contains(expected_part),\n        ^^^^^^^^^^^^^^^^^^^^^^^^^^^^^^^\n        timeout=timeout,\n        ^^^^^^^^^^^^^^^^\n        message=f\"URL не содержит '{expected_part}'\"\n        ^^^^^^^^^^^^^^^^^^^^^^^^^^^^^^^^^^^^^^^^^^^^\n    )\n    ^\n  File \"C:\\Users\\windw\\PycharmProjects\\Diplom\\Diplom_3\\pages\\base_page.py\", line 190, in _wait_until\n    return WebDriverWait(self.driver, wait_timeout).until(\n           ~~~~~~~~~~~~~~~~~~~~~~~~~~~~~~~~~~~~~~~~~~~~~~^\n        condition,\n        ^^^^^^^^^^\n        message=message\n        ^^^^^^^^^^^^^^^\n    )\n    ^\n  File \"C:\\Users\\windw\\PycharmProjects\\Diplom\\Diplom_3\\venv\\Lib\\site-packages\\selenium\\webdriver\\support\\wait.py\", line 101, in until\n    raise TimeoutException(message, screen, stacktrace)\n"}, "parameters": [{"name": "expected_part", "value": "'account/profile'"}, {"name": "timeout", "value": "None"}], "start": 1749424965790, "stop": 1749424976017}], "start": 1749424965386, "stop": 1749424976019}], "start": 1749424965386, "stop": 1749424976021}], "attachments": [{"name": "log", "source": "eee73774-3035-447a-932c-0ae84894d8a8-attachment.txt", "type": "text/plain"}], "parameters": [{"name": "driver", "value": "'chrome'"}], "start": 1749424963348, "stop": 1749424976023, "uuid": "4a650566-0041-4b7b-9c05-59b6280ec0a0", "historyId": "021fee2710dde2a4d86c90fd540c8d54", "testCaseId": "73caa306201ebf53c427a4a5221ee3e1", "fullName": "tests.test_user_profile.TestUserProfile#test_navigate_to_personal_account", "labels": [{"name": "feature", "value": "Личный кабинет"}, {"name": "parentSuite", "value": "tests"}, {"name": "suite", "value": "test_user_profile"}, {"name": "subSuite", "value": "TestUserProfile"}, {"name": "host", "value": "Gemini_78"}, {"name": "thread", "value": "12668-MainThread"}, {"name": "framework", "value": "pytest"}, {"name": "language", "value": "cpython3"}, {"name": "package", "value": "tests.test_user_profile"}]}