{"name": "Проверка отображения заказа в разделе 'В работе'", "status": "broken", "statusDetails": {"message": "selenium.common.exceptions.TimeoutException: Message: Элемент ('xpath', \"//p[contains(@class, 'text_type_digits-large')]\") не стал видимым\nStacktrace:\nRemoteError@chrome://remote/content/shared/RemoteError.sys.mjs:8:8\nWebDriverError@chrome://remote/content/shared/webdriver/Errors.sys.mjs:199:5\nNoSuchElementError@chrome://remote/content/shared/webdriver/Errors.sys.mjs:552:5\ndom.find/</<@chrome://remote/content/shared/DOM.sys.mjs:136:16", "trace": "self = <tests.test_order_feed.TestOrderFeed object at 0x0000016838E67A70>\ndriver = <selenium.webdriver.firefox.webdriver.WebDriver (session=\"0d5c6878-993f-4ec0-8c69-39f622dc3372\")>\nauthenticated_user = {'email': 'test_93cd4926@example.com', 'name': 'User_cf76', 'password': 'P@ssw0rd_9ea1'}\nmain_page = <pages.main_page.MainPage object at 0x000001683A46AF50>, order_feed_page = <pages.order_feed_page.OrderFeedPage object at 0x00000168390C4F50>\n\n    @allure.title(\"Проверка отображения заказа в разделе 'В работе'\")\n    def test_order_in_progress_section(self, driver, authenticated_user, main_page, order_feed_page):\n        with allure.step(\"Создать новый заказ\"):\n            main_page.add_ingredient_to_constructor()\n>           order_number = main_page.make_order()\n\ntests\\test_order_feed.py:89: \n_ _ _ _ _ _ _ _ _ _ _ _ _ _ _ _ _ _ _ _ _ _ _ _ _ _ _ _ _ _ _ _ _ _ _ _ _ _ _ _ _ _ _ _ _ _ _ _ _ _ _ _ _ _ _ _ _ _ _ _ _ _ _ _ _ _ _ _ _ _ _ _ _ _ _ _ _ _ _ _ _ _ _\npages\\main_page.py:80: in make_order\n    return self.get_text(self.locators.ORDER_NUMBER)\npages\\base_page.py:65: in get_text\n    element = self.wait_until_visible(locator, timeout)\npages\\base_page.py:103: in wait_until_visible\n    return self._wait_until(\npages\\base_page.py:190: in _wait_until\n    return WebDriverWait(self.driver, wait_timeout).until(\n_ _ _ _ _ _ _ _ _ _ _ _ _ _ _ _ _ _ _ _ _ _ _ _ _ _ _ _ _ _ _ _ _ _ _ _ _ _ _ _ _ _ _ _ _ _ _ _ _ _ _ _ _ _ _ _ _ _ _ _ _ _ _ _ _ _ _ _ _ _ _ _ _ _ _ _ _ _ _ _ _ _ _\n\nself = <selenium.webdriver.support.wait.WebDriverWait (session=\"0d5c6878-993f-4ec0-8c69-39f622dc3372\")>\nmethod = <function visibility_of_element_located.<locals>._predicate at 0x000001683A3EBE20>\nmessage = 'Элемент (\\'xpath\\', \"//p[contains(@class, \\'text_type_digits-large\\')]\") не стал видимым'\n\n    def until(self, method: Callable[[WebDriver], Union[Literal[False], T]], message: str = \"\") -> T:\n        \"\"\"Calls the method provided with the driver as an argument until the \\\n        return value does not evaluate to ``False``.\n    \n        :param method: callable(WebDriver)\n        :param message: optional message for :exc:`TimeoutException`\n        :returns: the result of the last call to `method`\n        :raises: :exc:`selenium.common.exceptions.TimeoutException` if timeout occurs\n        \"\"\"\n        screen = None\n        stacktrace = None\n    \n        end_time = time.monotonic() + self._timeout\n        while True:\n            try:\n                value = method(self._driver)\n                if value:\n                    return value\n            except self._ignored_exceptions as exc:\n                screen = getattr(exc, \"screen\", None)\n                stacktrace = getattr(exc, \"stacktrace\", None)\n            time.sleep(self._poll)\n            if time.monotonic() > end_time:\n                break\n>       raise TimeoutException(message, screen, stacktrace)\nE       selenium.common.exceptions.TimeoutException: Message: Элемент ('xpath', \"//p[contains(@class, 'text_type_digits-large')]\") не стал видимым\nE       Stacktrace:\nE       RemoteError@chrome://remote/content/shared/RemoteError.sys.mjs:8:8\nE       WebDriverError@chrome://remote/content/shared/webdriver/Errors.sys.mjs:199:5\nE       NoSuchElementError@chrome://remote/content/shared/webdriver/Errors.sys.mjs:552:5\nE       dom.find/</<@chrome://remote/content/shared/DOM.sys.mjs:136:16\n\nvenv\\Lib\\site-packages\\selenium\\webdriver\\support\\wait.py:101: TimeoutException"}, "steps": [{"name": "Создать новый заказ", "status": "broken", "statusDetails": {"message": "selenium.common.exceptions.TimeoutException: Message: Элемент ('xpath', \"//p[contains(@class, 'text_type_digits-large')]\") не стал видимым\nStacktrace:\nRemoteError@chrome://remote/content/shared/RemoteError.sys.mjs:8:8\nWebDriverError@chrome://remote/content/shared/webdriver/Errors.sys.mjs:199:5\nNoSuchElementError@chrome://remote/content/shared/webdriver/Errors.sys.mjs:552:5\ndom.find/</<@chrome://remote/content/shared/DOM.sys.mjs:136:16\n\n", "trace": "  File \"C:\\Users\\windw\\PycharmProjects\\Diplom\\Diplom_3\\tests\\test_order_feed.py\", line 89, in test_order_in_progress_section\n    order_number = main_page.make_order()\n  File \"C:\\Users\\windw\\PycharmProjects\\Diplom\\Diplom_3\\venv\\Lib\\site-packages\\allure_commons\\_allure.py\", line 172, in impl\n    return func(*a, **kw)\n  File \"C:\\Users\\windw\\PycharmProjects\\Diplom\\Diplom_3\\pages\\main_page.py\", line 80, in make_order\n    return self.get_text(self.locators.ORDER_NUMBER)\n           ~~~~~~~~~~~~~^^^^^^^^^^^^^^^^^^^^^^^^^^^^\n  File \"C:\\Users\\windw\\PycharmProjects\\Diplom\\Diplom_3\\venv\\Lib\\site-packages\\allure_commons\\_allure.py\", line 172, in impl\n    return func(*a, **kw)\n  File \"C:\\Users\\windw\\PycharmProjects\\Diplom\\Diplom_3\\pages\\base_page.py\", line 65, in get_text\n    element = self.wait_until_visible(locator, timeout)\n  File \"C:\\Users\\windw\\PycharmProjects\\Diplom\\Diplom_3\\venv\\Lib\\site-packages\\allure_commons\\_allure.py\", line 172, in impl\n    return func(*a, **kw)\n  File \"C:\\Users\\windw\\PycharmProjects\\Diplom\\Diplom_3\\pages\\base_page.py\", line 103, in wait_until_visible\n    return self._wait_until(\n           ~~~~~~~~~~~~~~~~^\n        EC.visibility_of_element_located(locator),\n        ^^^^^^^^^^^^^^^^^^^^^^^^^^^^^^^^^^^^^^^^^^\n        timeout=timeout,\n        ^^^^^^^^^^^^^^^^\n        message=f\"Элемент {locator} не стал видимым\"\n        ^^^^^^^^^^^^^^^^^^^^^^^^^^^^^^^^^^^^^^^^^^^^\n    )\n    ^\n  File \"C:\\Users\\windw\\PycharmProjects\\Diplom\\Diplom_3\\pages\\base_page.py\", line 190, in _wait_until\n    return WebDriverWait(self.driver, wait_timeout).until(\n           ~~~~~~~~~~~~~~~~~~~~~~~~~~~~~~~~~~~~~~~~~~~~~~^\n        condition,\n        ^^^^^^^^^^\n        message=message\n        ^^^^^^^^^^^^^^^\n    )\n    ^\n  File \"C:\\Users\\windw\\PycharmProjects\\Diplom\\Diplom_3\\venv\\Lib\\site-packages\\selenium\\webdriver\\support\\wait.py\", line 101, in until\n    raise TimeoutException(message, screen, stacktrace)\n"}, "steps": [{"name": "Добавить ингредиент в конструктор", "status": "passed", "steps": [{"name": "Ожидание видимости элемента ('xpath', \"//div[contains(@class, 'BurgerIngredient_ingredient')]\")", "status": "passed", "parameters": [{"name": "locator", "value": "('xpath', \"//div[contains(@class, 'BurgerIngredient_ingredient')]\")"}, {"name": "timeout", "value": "None"}], "start": 1749424872456, "stop": 1749424872474}, {"name": "Ожидание видимости элемента ('xpath', \"//section[contains(@class, 'BurgerConstructor_basket')]\")", "status": "passed", "parameters": [{"name": "locator", "value": "('xpath', \"//section[contains(@class, 'BurgerConstructor_basket')]\")"}, {"name": "timeout", "value": "None"}], "start": 1749424872474, "stop": 1749424872488}, {"name": "Выполнение перетаскивания через JavaScript", "status": "passed", "parameters": [{"name": "source", "value": "<selenium.webdriver.remote.webelement.WebElement (session=\"0d5c6878-993f-4ec0-8c69-39f622dc3372\", element=\"1e47c823-5257-42b2-b158-2004f4b20798\")>"}, {"name": "target", "value": "<selenium.webdriver.remote.webelement.WebElement (session=\"0d5c6878-993f-4ec0-8c69-39f622dc3372\", element=\"6ec4b186-57b3-4c5f-9024-97130d1d51bf\")>"}], "start": 1749424872488, "stop": 1749424872501}], "start": 1749424872456, "stop": 1749424872501}, {"name": "Оформить заказ", "status": "broken", "statusDetails": {"message": "selenium.common.exceptions.TimeoutException: Message: Элемент ('xpath', \"//p[contains(@class, 'text_type_digits-large')]\") не стал видимым\nStacktrace:\nRemoteError@chrome://remote/content/shared/RemoteError.sys.mjs:8:8\nWebDriverError@chrome://remote/content/shared/webdriver/Errors.sys.mjs:199:5\nNoSuchElementError@chrome://remote/content/shared/webdriver/Errors.sys.mjs:552:5\ndom.find/</<@chrome://remote/content/shared/DOM.sys.mjs:136:16\n\n", "trace": "  File \"C:\\Users\\windw\\PycharmProjects\\Diplom\\Diplom_3\\venv\\Lib\\site-packages\\allure_commons\\_allure.py\", line 172, in impl\n    return func(*a, **kw)\n  File \"C:\\Users\\windw\\PycharmProjects\\Diplom\\Diplom_3\\pages\\main_page.py\", line 80, in make_order\n    return self.get_text(self.locators.ORDER_NUMBER)\n           ~~~~~~~~~~~~~^^^^^^^^^^^^^^^^^^^^^^^^^^^^\n  File \"C:\\Users\\windw\\PycharmProjects\\Diplom\\Diplom_3\\venv\\Lib\\site-packages\\allure_commons\\_allure.py\", line 172, in impl\n    return func(*a, **kw)\n  File \"C:\\Users\\windw\\PycharmProjects\\Diplom\\Diplom_3\\pages\\base_page.py\", line 65, in get_text\n    element = self.wait_until_visible(locator, timeout)\n  File \"C:\\Users\\windw\\PycharmProjects\\Diplom\\Diplom_3\\venv\\Lib\\site-packages\\allure_commons\\_allure.py\", line 172, in impl\n    return func(*a, **kw)\n  File \"C:\\Users\\windw\\PycharmProjects\\Diplom\\Diplom_3\\pages\\base_page.py\", line 103, in wait_until_visible\n    return self._wait_until(\n           ~~~~~~~~~~~~~~~~^\n        EC.visibility_of_element_located(locator),\n        ^^^^^^^^^^^^^^^^^^^^^^^^^^^^^^^^^^^^^^^^^^\n        timeout=timeout,\n        ^^^^^^^^^^^^^^^^\n        message=f\"Элемент {locator} не стал видимым\"\n        ^^^^^^^^^^^^^^^^^^^^^^^^^^^^^^^^^^^^^^^^^^^^\n    )\n    ^\n  File \"C:\\Users\\windw\\PycharmProjects\\Diplom\\Diplom_3\\pages\\base_page.py\", line 190, in _wait_until\n    return WebDriverWait(self.driver, wait_timeout).until(\n           ~~~~~~~~~~~~~~~~~~~~~~~~~~~~~~~~~~~~~~~~~~~~~~^\n        condition,\n        ^^^^^^^^^^\n        message=message\n        ^^^^^^^^^^^^^^^\n    )\n    ^\n  File \"C:\\Users\\windw\\PycharmProjects\\Diplom\\Diplom_3\\venv\\Lib\\site-packages\\selenium\\webdriver\\support\\wait.py\", line 101, in until\n    raise TimeoutException(message, screen, stacktrace)\n"}, "steps": [{"name": "Клик по элементу ('xpath', \"//button[contains(text(), 'Оформить заказ')]\")", "status": "passed", "steps": [{"name": "Ожидание кликабельности элемента ('xpath', \"//button[contains(text(), 'Оформить заказ')]\")", "status": "passed", "parameters": [{"name": "locator", "value": "('xpath', \"//button[contains(text(), 'Оформить заказ')]\")"}, {"name": "timeout", "value": "None"}], "start": 1749424872502, "stop": 1749424872521}, {"name": "Клик через JavaScript", "status": "passed", "parameters": [{"name": "element", "value": "<selenium.webdriver.remote.webelement.WebElement (session=\"0d5c6878-993f-4ec0-8c69-39f622dc3372\", element=\"20d7bc7b-87ad-41a1-8364-0fafcdbadc0a\")>"}], "start": 1749424872530, "stop": 1749424872548}], "parameters": [{"name": "locator", "value": "('xpath', \"//button[contains(text(), 'Оформить заказ')]\")"}, {"name": "timeout", "value": "None"}], "start": 1749424872502, "stop": 1749424872548}, {"name": "Получение текста элемента ('xpath', \"//p[contains(@class, 'text_type_digits-large')]\")", "status": "broken", "statusDetails": {"message": "selenium.common.exceptions.TimeoutException: Message: Элемент ('xpath', \"//p[contains(@class, 'text_type_digits-large')]\") не стал видимым\nStacktrace:\nRemoteError@chrome://remote/content/shared/RemoteError.sys.mjs:8:8\nWebDriverError@chrome://remote/content/shared/webdriver/Errors.sys.mjs:199:5\nNoSuchElementError@chrome://remote/content/shared/webdriver/Errors.sys.mjs:552:5\ndom.find/</<@chrome://remote/content/shared/DOM.sys.mjs:136:16\n\n", "trace": "  File \"C:\\Users\\windw\\PycharmProjects\\Diplom\\Diplom_3\\venv\\Lib\\site-packages\\allure_commons\\_allure.py\", line 172, in impl\n    return func(*a, **kw)\n  File \"C:\\Users\\windw\\PycharmProjects\\Diplom\\Diplom_3\\pages\\base_page.py\", line 65, in get_text\n    element = self.wait_until_visible(locator, timeout)\n  File \"C:\\Users\\windw\\PycharmProjects\\Diplom\\Diplom_3\\venv\\Lib\\site-packages\\allure_commons\\_allure.py\", line 172, in impl\n    return func(*a, **kw)\n  File \"C:\\Users\\windw\\PycharmProjects\\Diplom\\Diplom_3\\pages\\base_page.py\", line 103, in wait_until_visible\n    return self._wait_until(\n           ~~~~~~~~~~~~~~~~^\n        EC.visibility_of_element_located(locator),\n        ^^^^^^^^^^^^^^^^^^^^^^^^^^^^^^^^^^^^^^^^^^\n        timeout=timeout,\n        ^^^^^^^^^^^^^^^^\n        message=f\"Элемент {locator} не стал видимым\"\n        ^^^^^^^^^^^^^^^^^^^^^^^^^^^^^^^^^^^^^^^^^^^^\n    )\n    ^\n  File \"C:\\Users\\windw\\PycharmProjects\\Diplom\\Diplom_3\\pages\\base_page.py\", line 190, in _wait_until\n    return WebDriverWait(self.driver, wait_timeout).until(\n           ~~~~~~~~~~~~~~~~~~~~~~~~~~~~~~~~~~~~~~~~~~~~~~^\n        condition,\n        ^^^^^^^^^^\n        message=message\n        ^^^^^^^^^^^^^^^\n    )\n    ^\n  File \"C:\\Users\\windw\\PycharmProjects\\Diplom\\Diplom_3\\venv\\Lib\\site-packages\\selenium\\webdriver\\support\\wait.py\", line 101, in until\n    raise TimeoutException(message, screen, stacktrace)\n"}, "steps": [{"name": "Ожидание видимости элемента ('xpath', \"//p[contains(@class, 'text_type_digits-large')]\")", "status": "broken", "statusDetails": {"message": "selenium.common.exceptions.TimeoutException: Message: Элемент ('xpath', \"//p[contains(@class, 'text_type_digits-large')]\") не стал видимым\nStacktrace:\nRemoteError@chrome://remote/content/shared/RemoteError.sys.mjs:8:8\nWebDriverError@chrome://remote/content/shared/webdriver/Errors.sys.mjs:199:5\nNoSuchElementError@chrome://remote/content/shared/webdriver/Errors.sys.mjs:552:5\ndom.find/</<@chrome://remote/content/shared/DOM.sys.mjs:136:16\n\n", "trace": "  File \"C:\\Users\\windw\\PycharmProjects\\Diplom\\Diplom_3\\venv\\Lib\\site-packages\\allure_commons\\_allure.py\", line 172, in impl\n    return func(*a, **kw)\n  File \"C:\\Users\\windw\\PycharmProjects\\Diplom\\Diplom_3\\pages\\base_page.py\", line 103, in wait_until_visible\n    return self._wait_until(\n           ~~~~~~~~~~~~~~~~^\n        EC.visibility_of_element_located(locator),\n        ^^^^^^^^^^^^^^^^^^^^^^^^^^^^^^^^^^^^^^^^^^\n        timeout=timeout,\n        ^^^^^^^^^^^^^^^^\n        message=f\"Элемент {locator} не стал видимым\"\n        ^^^^^^^^^^^^^^^^^^^^^^^^^^^^^^^^^^^^^^^^^^^^\n    )\n    ^\n  File \"C:\\Users\\windw\\PycharmProjects\\Diplom\\Diplom_3\\pages\\base_page.py\", line 190, in _wait_until\n    return WebDriverWait(self.driver, wait_timeout).until(\n           ~~~~~~~~~~~~~~~~~~~~~~~~~~~~~~~~~~~~~~~~~~~~~~^\n        condition,\n        ^^^^^^^^^^\n        message=message\n        ^^^^^^^^^^^^^^^\n    )\n    ^\n  File \"C:\\Users\\windw\\PycharmProjects\\Diplom\\Diplom_3\\venv\\Lib\\site-packages\\selenium\\webdriver\\support\\wait.py\", line 101, in until\n    raise TimeoutException(message, screen, stacktrace)\n"}, "parameters": [{"name": "locator", "value": "('xpath', \"//p[contains(@class, 'text_type_digits-large')]\")"}, {"name": "timeout", "value": "None"}], "start": 1749424872548, "stop": 1749424883580}], "parameters": [{"name": "locator", "value": "('xpath', \"//p[contains(@class, 'text_type_digits-large')]\")"}, {"name": "timeout", "value": "None"}], "start": 1749424872548, "stop": 1749424883582}], "start": 1749424872502, "stop": 1749424883585}], "start": 1749424872456, "stop": 1749424883587}], "attachments": [{"name": "log", "source": "37a52a12-32ba-4c8b-a371-74509f9f5739-attachment.txt", "type": "text/plain"}], "parameters": [{"name": "driver", "value": "'firefox'"}], "start": 1749424872456, "stop": 1749424883590, "uuid": "96303b2e-61af-4b7f-8280-27d8b81e7b9f", "historyId": "2d34a2a948a8d42e701885af97951cb9", "testCaseId": "362f12ea56841d1f11a99ca276959f21", "fullName": "tests.test_order_feed.TestOrderFeed#test_order_in_progress_section", "labels": [{"name": "feature", "value": "Лента заказов"}, {"name": "parentSuite", "value": "tests"}, {"name": "suite", "value": "test_order_feed"}, {"name": "subSuite", "value": "TestOrderFeed"}, {"name": "host", "value": "Gemini_78"}, {"name": "thread", "value": "12668-MainThread"}, {"name": "framework", "value": "pytest"}, {"name": "language", "value": "cpython3"}, {"name": "package", "value": "tests.test_order_feed"}]}