{"name": "Переход в историю заказов", "status": "broken", "statusDetails": {"message": "selenium.common.exceptions.TimeoutException: Message: URL не содержит 'account/profile'", "trace": "self = <tests.test_user_profile.TestUserProfile object at 0x0000016838E32D70>, driver = <undetected_chromedriver.Chrome (session=\"a139160d455cdda218273a0ebd0342f0\")>\ntest_user = {'email': 'test_53f4bd7f@example.com', 'name': 'User_748d', 'password': 'P@ssw0rd_9eae'}\n\n    @allure.title(\"Переход в историю заказов\")\n    def test_navigate_to_order_history(self, driver, test_user):\n        login_page = LoginPage(driver)\n        profile_page = ProfilePage(driver)\n    \n        with allure.step(\"Авторизация пользователя\"):\n            login_user(driver, test_user[\"email\"], test_user[\"password\"])\n    \n        with allure.step(\"Переход в личный кабинет\"):\n>           login_page.go_to_personal_account()\n\ntests\\test_user_profile.py:36: \n_ _ _ _ _ _ _ _ _ _ _ _ _ _ _ _ _ _ _ _ _ _ _ _ _ _ _ _ _ _ _ _ _ _ _ _ _ _ _ _ _ _ _ _ _ _ _ _ _ _ _ _ _ _ _ _ _ _ _ _ _ _ _ _ _ _ _ _ _ _ _ _ _ _ _ _ _ _ _ _ _ _ _\npages\\login_page.py:56: in go_to_personal_account\n    self.wait_until_url_contains(\"account/profile\")\npages\\base_page.py:130: in wait_until_url_contains\n    return self._wait_until(\npages\\base_page.py:190: in _wait_until\n    return WebDriverWait(self.driver, wait_timeout).until(\n_ _ _ _ _ _ _ _ _ _ _ _ _ _ _ _ _ _ _ _ _ _ _ _ _ _ _ _ _ _ _ _ _ _ _ _ _ _ _ _ _ _ _ _ _ _ _ _ _ _ _ _ _ _ _ _ _ _ _ _ _ _ _ _ _ _ _ _ _ _ _ _ _ _ _ _ _ _ _ _ _ _ _\n\nself = <selenium.webdriver.support.wait.WebDriverWait (session=\"a139160d455cdda218273a0ebd0342f0\")>\nmethod = <function url_contains.<locals>._predicate at 0x000001683A4DF6A0>, message = \"URL не содержит 'account/profile'\"\n\n    def until(self, method: Callable[[WebDriver], Union[Literal[False], T]], message: str = \"\") -> T:\n        \"\"\"Calls the method provided with the driver as an argument until the \\\n        return value does not evaluate to ``False``.\n    \n        :param method: callable(WebDriver)\n        :param message: optional message for :exc:`TimeoutException`\n        :returns: the result of the last call to `method`\n        :raises: :exc:`selenium.common.exceptions.TimeoutException` if timeout occurs\n        \"\"\"\n        screen = None\n        stacktrace = None\n    \n        end_time = time.monotonic() + self._timeout\n        while True:\n            try:\n                value = method(self._driver)\n                if value:\n                    return value\n            except self._ignored_exceptions as exc:\n                screen = getattr(exc, \"screen\", None)\n                stacktrace = getattr(exc, \"stacktrace\", None)\n            time.sleep(self._poll)\n            if time.monotonic() > end_time:\n                break\n>       raise TimeoutException(message, screen, stacktrace)\nE       selenium.common.exceptions.TimeoutException: Message: URL не содержит 'account/profile'\n\nvenv\\Lib\\site-packages\\selenium\\webdriver\\support\\wait.py:101: TimeoutException"}, "steps": [{"name": "Авторизация пользователя", "status": "passed", "steps": [{"name": "Авторизовать пользователя", "status": "passed", "steps": [{"name": "Открыть страницу логина", "status": "passed", "steps": [{"name": "Проверка загрузки страницы входа", "status": "passed", "steps": [{"name": "Ожидание видимости элемента ('xpath', \"//form[contains(@class, 'Auth_form')]\")", "status": "passed", "parameters": [{"name": "locator", "value": "('xpath', \"//form[contains(@class, 'Auth_form')]\")"}, {"name": "timeout", "value": "None"}], "start": 1749425001551, "stop": 1749425001586}, {"name": "Ожидание видимости элемента ('xpath', \"//input[@name='name']\")", "status": "passed", "parameters": [{"name": "locator", "value": "('xpath', \"//input[@name='name']\")"}, {"name": "timeout", "value": "None"}], "start": 1749425001586, "stop": 1749425001613}, {"name": "Ожидание видимости элемента ('xpath', \"//input[@type='password']\")", "status": "passed", "parameters": [{"name": "locator", "value": "('xpath', \"//input[@type='password']\")"}, {"name": "timeout", "value": "None"}], "start": 1749425001613, "stop": 1749425001636}], "start": 1749425001551, "stop": 1749425001636}, {"name": "Проверка загрузки страницы входа", "status": "passed", "steps": [{"name": "Ожидание видимости элемента ('xpath', \"//form[contains(@class, 'Auth_form')]\")", "status": "passed", "parameters": [{"name": "locator", "value": "('xpath', \"//form[contains(@class, 'Auth_form')]\")"}, {"name": "timeout", "value": "None"}], "start": 1749425001636, "stop": 1749425001655}, {"name": "Ожидание видимости элемента ('xpath', \"//input[@name='name']\")", "status": "passed", "parameters": [{"name": "locator", "value": "('xpath', \"//input[@name='name']\")"}, {"name": "timeout", "value": "None"}], "start": 1749425001655, "stop": 1749425001677}, {"name": "Ожидание видимости элемента ('xpath', \"//input[@type='password']\")", "status": "passed", "parameters": [{"name": "locator", "value": "('xpath', \"//input[@type='password']\")"}, {"name": "timeout", "value": "None"}], "start": 1749425001678, "stop": 1749425001696}], "start": 1749425001636, "stop": 1749425001696}], "start": 1749425000055, "stop": 1749425001696}, {"name": "Ввод текста ''test_53f4bd7f@example.com'' в элемент ('xpath', \"//input[@name='name']\")", "status": "passed", "steps": [{"name": "Ожидание видимости элемента ('xpath', \"//input[@name='name']\")", "status": "passed", "parameters": [{"name": "locator", "value": "('xpath', \"//input[@name='name']\")"}, {"name": "timeout", "value": "None"}], "start": 1749425001697, "stop": 1749425001716}], "parameters": [{"name": "locator", "value": "('xpath', \"//input[@name='name']\")"}, {"name": "text", "value": "'test_53f4bd7f@example.com'"}, {"name": "clear", "value": "True"}], "start": 1749425001697, "stop": 1749425001861}, {"name": "Ввод текста ''P@ssw0rd_9eae'' в элемент ('xpath', \"//input[@type='password']\")", "status": "passed", "steps": [{"name": "Ожидание видимости элемента ('xpath', \"//input[@type='password']\")", "status": "passed", "parameters": [{"name": "locator", "value": "('xpath', \"//input[@type='password']\")"}, {"name": "timeout", "value": "None"}], "start": 1749425001861, "stop": 1749425001886}], "parameters": [{"name": "locator", "value": "('xpath', \"//input[@type='password']\")"}, {"name": "text", "value": "'P@ssw0rd_9eae'"}, {"name": "clear", "value": "True"}], "start": 1749425001861, "stop": 1749425002024}, {"name": "Клик по элементу ('xpath', \"//button[contains(@class, 'button_button')]\")", "status": "passed", "steps": [{"name": "Ожидание кликабельности элемента ('xpath', \"//button[contains(@class, 'button_button')]\")", "status": "passed", "parameters": [{"name": "locator", "value": "('xpath', \"//button[contains(@class, 'button_button')]\")"}, {"name": "timeout", "value": "None"}], "start": 1749425002025, "stop": 1749425002067}], "parameters": [{"name": "locator", "value": "('xpath', \"//button[contains(@class, 'button_button')]\")"}, {"name": "timeout", "value": "None"}], "start": 1749425002024, "stop": 1749425002205}], "parameters": [{"name": "driver", "value": "<undetected_chromedriver.Chrome (session=\"a139160d455cdda218273a0ebd0342f0\")>"}, {"name": "email", "value": "'test_53f4bd7f@example.com'"}, {"name": "password", "value": "'P@ssw0rd_9eae'"}], "start": 1749425000054, "stop": 1749425002205}], "start": 1749425000054, "stop": 1749425002205}, {"name": "Переход в личный кабинет", "status": "broken", "statusDetails": {"message": "selenium.common.exceptions.TimeoutException: Message: URL не содержит 'account/profile'\n\n", "trace": "  File \"C:\\Users\\windw\\PycharmProjects\\Diplom\\Diplom_3\\tests\\test_user_profile.py\", line 36, in test_navigate_to_order_history\n    login_page.go_to_personal_account()\n    ~~~~~~~~~~~~~~~~~~~~~~~~~~~~~~~~~^^\n  File \"C:\\Users\\windw\\PycharmProjects\\Diplom\\Diplom_3\\venv\\Lib\\site-packages\\allure_commons\\_allure.py\", line 172, in impl\n    return func(*a, **kw)\n  File \"C:\\Users\\windw\\PycharmProjects\\Diplom\\Diplom_3\\pages\\login_page.py\", line 56, in go_to_personal_account\n    self.wait_until_url_contains(\"account/profile\")\n    ~~~~~~~~~~~~~~~~~~~~~~~~~~~~^^^^^^^^^^^^^^^^^^^\n  File \"C:\\Users\\windw\\PycharmProjects\\Diplom\\Diplom_3\\venv\\Lib\\site-packages\\allure_commons\\_allure.py\", line 172, in impl\n    return func(*a, **kw)\n  File \"C:\\Users\\windw\\PycharmProjects\\Diplom\\Diplom_3\\pages\\base_page.py\", line 130, in wait_until_url_contains\n    return self._wait_until(\n           ~~~~~~~~~~~~~~~~^\n        EC.url_contains(expected_part),\n        ^^^^^^^^^^^^^^^^^^^^^^^^^^^^^^^\n        timeout=timeout,\n        ^^^^^^^^^^^^^^^^\n        message=f\"URL не содержит '{expected_part}'\"\n        ^^^^^^^^^^^^^^^^^^^^^^^^^^^^^^^^^^^^^^^^^^^^\n    )\n    ^\n  File \"C:\\Users\\windw\\PycharmProjects\\Diplom\\Diplom_3\\pages\\base_page.py\", line 190, in _wait_until\n    return WebDriverWait(self.driver, wait_timeout).until(\n           ~~~~~~~~~~~~~~~~~~~~~~~~~~~~~~~~~~~~~~~~~~~~~~^\n        condition,\n        ^^^^^^^^^^\n        message=message\n        ^^^^^^^^^^^^^^^\n    )\n    ^\n  File \"C:\\Users\\windw\\PycharmProjects\\Diplom\\Diplom_3\\venv\\Lib\\site-packages\\selenium\\webdriver\\support\\wait.py\", line 101, in until\n    raise TimeoutException(message, screen, stacktrace)\n"}, "steps": [{"name": "Перейти в личный кабинет", "status": "broken", "statusDetails": {"message": "selenium.common.exceptions.TimeoutException: Message: URL не содержит 'account/profile'\n\n", "trace": "  File \"C:\\Users\\windw\\PycharmProjects\\Diplom\\Diplom_3\\venv\\Lib\\site-packages\\allure_commons\\_allure.py\", line 172, in impl\n    return func(*a, **kw)\n  File \"C:\\Users\\windw\\PycharmProjects\\Diplom\\Diplom_3\\pages\\login_page.py\", line 56, in go_to_personal_account\n    self.wait_until_url_contains(\"account/profile\")\n    ~~~~~~~~~~~~~~~~~~~~~~~~~~~~^^^^^^^^^^^^^^^^^^^\n  File \"C:\\Users\\windw\\PycharmProjects\\Diplom\\Diplom_3\\venv\\Lib\\site-packages\\allure_commons\\_allure.py\", line 172, in impl\n    return func(*a, **kw)\n  File \"C:\\Users\\windw\\PycharmProjects\\Diplom\\Diplom_3\\pages\\base_page.py\", line 130, in wait_until_url_contains\n    return self._wait_until(\n           ~~~~~~~~~~~~~~~~^\n        EC.url_contains(expected_part),\n        ^^^^^^^^^^^^^^^^^^^^^^^^^^^^^^^\n        timeout=timeout,\n        ^^^^^^^^^^^^^^^^\n        message=f\"URL не содержит '{expected_part}'\"\n        ^^^^^^^^^^^^^^^^^^^^^^^^^^^^^^^^^^^^^^^^^^^^\n    )\n    ^\n  File \"C:\\Users\\windw\\PycharmProjects\\Diplom\\Diplom_3\\pages\\base_page.py\", line 190, in _wait_until\n    return WebDriverWait(self.driver, wait_timeout).until(\n           ~~~~~~~~~~~~~~~~~~~~~~~~~~~~~~~~~~~~~~~~~~~~~~^\n        condition,\n        ^^^^^^^^^^\n        message=message\n        ^^^^^^^^^^^^^^^\n    )\n    ^\n  File \"C:\\Users\\windw\\PycharmProjects\\Diplom\\Diplom_3\\venv\\Lib\\site-packages\\selenium\\webdriver\\support\\wait.py\", line 101, in until\n    raise TimeoutException(message, screen, stacktrace)\n"}, "steps": [{"name": "Клик по элементу ('xpath', \"//p[text()='Личный Кабинет']\")", "status": "passed", "steps": [{"name": "Ожидание кликабельности элемента ('xpath', \"//p[text()='Личный Кабинет']\")", "status": "passed", "parameters": [{"name": "locator", "value": "('xpath', \"//p[text()='Личный Кабинет']\")"}, {"name": "timeout", "value": "None"}], "start": 1749425002206, "stop": 1749425002248}], "parameters": [{"name": "locator", "value": "('xpath', \"//p[text()='Личный Кабинет']\")"}, {"name": "timeout", "value": "None"}], "start": 1749425002205, "stop": 1749425002642}, {"name": "Ожидание URL содержащего ''account/profile''", "status": "broken", "statusDetails": {"message": "selenium.common.exceptions.TimeoutException: Message: URL не содержит 'account/profile'\n\n", "trace": "  File \"C:\\Users\\windw\\PycharmProjects\\Diplom\\Diplom_3\\venv\\Lib\\site-packages\\allure_commons\\_allure.py\", line 172, in impl\n    return func(*a, **kw)\n  File \"C:\\Users\\windw\\PycharmProjects\\Diplom\\Diplom_3\\pages\\base_page.py\", line 130, in wait_until_url_contains\n    return self._wait_until(\n           ~~~~~~~~~~~~~~~~^\n        EC.url_contains(expected_part),\n        ^^^^^^^^^^^^^^^^^^^^^^^^^^^^^^^\n        timeout=timeout,\n        ^^^^^^^^^^^^^^^^\n        message=f\"URL не содержит '{expected_part}'\"\n        ^^^^^^^^^^^^^^^^^^^^^^^^^^^^^^^^^^^^^^^^^^^^\n    )\n    ^\n  File \"C:\\Users\\windw\\PycharmProjects\\Diplom\\Diplom_3\\pages\\base_page.py\", line 190, in _wait_until\n    return WebDriverWait(self.driver, wait_timeout).until(\n           ~~~~~~~~~~~~~~~~~~~~~~~~~~~~~~~~~~~~~~~~~~~~~~^\n        condition,\n        ^^^^^^^^^^\n        message=message\n        ^^^^^^^^^^^^^^^\n    )\n    ^\n  File \"C:\\Users\\windw\\PycharmProjects\\Diplom\\Diplom_3\\venv\\Lib\\site-packages\\selenium\\webdriver\\support\\wait.py\", line 101, in until\n    raise TimeoutException(message, screen, stacktrace)\n"}, "parameters": [{"name": "expected_part", "value": "'account/profile'"}, {"name": "timeout", "value": "None"}], "start": 1749425002642, "stop": 1749425012866}], "start": 1749425002205, "stop": 1749425012869}], "start": 1749425002205, "stop": 1749425012871}], "attachments": [{"name": "log", "source": "f6e5c27c-e56a-4910-89ca-5892936eddd6-attachment.txt", "type": "text/plain"}], "parameters": [{"name": "driver", "value": "'chrome'"}], "start": 1749425000054, "stop": 1749425012873, "uuid": "145b55b9-fc02-4115-96bc-6daa30d7e1c6", "historyId": "c6a4f5de268849da3196def6844cea8f", "testCaseId": "1a0f25c70ed39757db1fabf3f48932a0", "fullName": "tests.test_user_profile.TestUserProfile#test_navigate_to_order_history", "labels": [{"name": "feature", "value": "Личный кабинет"}, {"name": "parentSuite", "value": "tests"}, {"name": "suite", "value": "test_user_profile"}, {"name": "subSuite", "value": "TestUserProfile"}, {"name": "host", "value": "Gemini_78"}, {"name": "thread", "value": "12668-MainThread"}, {"name": "framework", "value": "pytest"}, {"name": "language", "value": "cpython3"}, {"name": "package", "value": "tests.test_user_profile"}]}