{"name": "Открытие деталей заказа из ленты", "status": "broken", "statusDetails": {"message": "selenium.common.exceptions.StaleElementReferenceException: Message: stale element reference: stale element not found in the current frame\n  (Session info: chrome=137.0.7151.104); For documentation on this error, please visit: https://www.selenium.dev/documentation/webdriver/troubleshooting/errors#stale-element-reference-exception\nStacktrace:\n\tGetHandleVerifier [0x0xf33783+63299]\n\tGetHandleVerifier [0x0xf337c4+63364]\n\t(No symbol) [0x0xd61113]\n\t(No symbol) [0x0xd67920]\n\t(No symbol) [0x0xd69c4a]\n\t(No symbol) [0x0xd69cc7]\n\t(No symbol) [0x0xdab54a]\n\t(No symbol) [0x0xd9f3ca]\n\t(No symbol) [0x0xdce57c]\n\t(No symbol) [0x0xd9eed4]\n\t(No symbol) [0x0xdce7f4]\n\t(No symbol) [0x0xdefa4a]\n\t(No symbol) [0x0xdce376]\n\t(No symbol) [0x0xd9d6e0]\n\t(No symbol) [0x0xd9e544]\n\tGetHandleVerifier [0x0x118e073+2531379]\n\tGetHandleVerifier [0x0x1189372+2511666]\n\tGetHandleVerifier [0x0xf59efa+220858]\n\tGetHandleVerifier [0x0xf4a548+156936]\n\tGetHandleVerifier [0x0xf50c7d+183357]\n\tGetHandleVerifier [0x0xf3b6e8+95912]\n\tGetHandleVerifier [0x0xf3b890+96336]\n\tGetHandleVerifier [0x0xf2666a+9770]\n\tBaseThreadInitThunk [0x0x75d75d49+25]\n\tRtlInitializeExceptionChain [0x0x7792d09b+107]\n\tRtlGetAppContainerNamedObjectPath [0x0x7792d021+561]", "trace": "self = <tests.test_order_feed.TestOrderFeed object at 0x000001A22BBA5590>\nauthenticated_user = {'access_token': 'Bearer eyJhbGciOiJIUzI1NiIsInR5cCI6IkpXVCJ9.eyJpZCI6IjY4NGM4ODJkOWVkMjgwMDAxYjYxZGU0YSIsImlhdCI6MTc0...5e63ae3ae6f15503b61', 'user': {'email': 'test_c2a46e8d@example.com', 'name': 'User_3c79', 'password': 'P@ssw0rd_0d11'}}\nmain_page = <pages.main_page.MainPage object at 0x000001A22BC27850>, order_feed_page = <pages.order_feed_page.OrderFeedPage object at 0x000001A22BCEDE50>\n\n    @allure.title(\"Открытие деталей заказа из ленты\")\n    def test_open_order_details_modal(self, authenticated_user, main_page, order_feed_page):\n        with allure.step(\"Подготовка: создать тестовый заказ\"):\n            main_page.add_ingredient_to_constructor()\n            main_page.make_order()\n            main_page.close_modal()\n    \n        with allure.step(\"Действие: перейти в ленту заказов и открыть детали\"):\n            main_page.navigate_to_order_feed()\n>           order_feed_page.click_first_order()\n\ntests\\test_order_feed.py:19: \n_ _ _ _ _ _ _ _ _ _ _ _ _ _ _ _ _ _ _ _ _ _ _ _ _ _ _ _ _ _ _ _ _ _ _ _ _ _ _ _ _ _ _ _ _ _ _ _ _ _ _ _ _ _ _ _ _ _ _ _ _ _ _ _ _ _ _ _ _ _ _ _ _ _ _ _ _ _ _ _ _ _ _\npages\\order_feed_page.py:45: in click_first_order\n    self.click(self.locators.FIRST_ORDER_NUMBER)\npages\\base_page.py:49: in click\n    element.click()\nvenv\\Lib\\site-packages\\selenium\\webdriver\\remote\\webelement.py:93: in click\n    self._execute(Command.CLICK_ELEMENT)\nvenv\\Lib\\site-packages\\selenium\\webdriver\\remote\\webelement.py:394: in _execute\n    return self._parent.execute(command, params)\nvenv\\Lib\\site-packages\\selenium\\webdriver\\remote\\webdriver.py:346: in execute\n    self.error_handler.check_response(response)\n_ _ _ _ _ _ _ _ _ _ _ _ _ _ _ _ _ _ _ _ _ _ _ _ _ _ _ _ _ _ _ _ _ _ _ _ _ _ _ _ _ _ _ _ _ _ _ _ _ _ _ _ _ _ _ _ _ _ _ _ _ _ _ _ _ _ _ _ _ _ _ _ _ _ _ _ _ _ _ _ _ _ _\n\nself = <selenium.webdriver.remote.errorhandler.ErrorHandler object at 0x000001A22BC26190>\nresponse = {'status': 404, 'value': '{\"value\":{\"error\":\"stale element reference\",\"message\":\"stale element reference: stale elemen...]\\\\n\\\\tRtlInitializeExceptionChain [0x0x7792d09b+107]\\\\n\\\\tRtlGetAppContainerNamedObjectPath [0x0x7792d021+561]\\\\n\"}}'}\n\n    def check_response(self, response: Dict[str, Any]) -> None:\n        \"\"\"Checks that a JSON response from the WebDriver does not have an\n        error.\n    \n        :Args:\n         - response - The JSON response from the WebDriver server as a dictionary\n           object.\n    \n        :Raises: If the response contains an error message.\n        \"\"\"\n        status = response.get(\"status\", None)\n        if not status or status == ErrorCode.SUCCESS:\n            return\n        value = None\n        message = response.get(\"message\", \"\")\n        screen: str = response.get(\"screen\", \"\")\n        stacktrace = None\n        if isinstance(status, int):\n            value_json = response.get(\"value\", None)\n            if value_json and isinstance(value_json, str):\n                import json\n    \n                try:\n                    value = json.loads(value_json)\n                    if len(value) == 1:\n                        value = value[\"value\"]\n                    status = value.get(\"error\", None)\n                    if not status:\n                        status = value.get(\"status\", ErrorCode.UNKNOWN_ERROR)\n                        message = value.get(\"value\") or value.get(\"message\")\n                        if not isinstance(message, str):\n                            value = message\n                            message = message.get(\"message\")\n                    else:\n                        message = value.get(\"message\", None)\n                except ValueError:\n                    pass\n    \n        exception_class: Type[WebDriverException]\n        e = ErrorCode()\n        error_codes = [item for item in dir(e) if not item.startswith(\"__\")]\n        for error_code in error_codes:\n            error_info = getattr(ErrorCode, error_code)\n            if isinstance(error_info, list) and status in error_info:\n                exception_class = getattr(ExceptionMapping, error_code, WebDriverException)\n                break\n        else:\n            exception_class = WebDriverException\n    \n        if not value:\n            value = response[\"value\"]\n        if isinstance(value, str):\n            raise exception_class(value)\n        if message == \"\" and \"message\" in value:\n            message = value[\"message\"]\n    \n        screen = None  # type: ignore[assignment]\n        if \"screen\" in value:\n            screen = value[\"screen\"]\n    \n        stacktrace = None\n        st_value = value.get(\"stackTrace\") or value.get(\"stacktrace\")\n        if st_value:\n            if isinstance(st_value, str):\n                stacktrace = st_value.split(\"\\n\")\n            else:\n                stacktrace = []\n                try:\n                    for frame in st_value:\n                        line = frame.get(\"lineNumber\", \"\")\n                        file = frame.get(\"fileName\", \"<anonymous>\")\n                        if line:\n                            file = f\"{file}:{line}\"\n                        meth = frame.get(\"methodName\", \"<anonymous>\")\n                        if \"className\" in frame:\n                            meth = f\"{frame['className']}.{meth}\"\n                        msg = \"    at %s (%s)\"\n                        msg = msg % (meth, file)\n                        stacktrace.append(msg)\n                except TypeError:\n                    pass\n        if exception_class == UnexpectedAlertPresentException:\n            alert_text = None\n            if \"data\" in value:\n                alert_text = value[\"data\"].get(\"text\")\n            elif \"alert\" in value:\n                alert_text = value[\"alert\"].get(\"text\")\n            raise exception_class(message, screen, stacktrace, alert_text)  # type: ignore[call-arg]  # mypy is not smart enough here\n>       raise exception_class(message, screen, stacktrace)\nE       selenium.common.exceptions.StaleElementReferenceException: Message: stale element reference: stale element not found in the current frame\nE         (Session info: chrome=137.0.7151.104); For documentation on this error, please visit: https://www.selenium.dev/documentation/webdriver/troubleshooting/errors#stale-element-reference-exception\nE       Stacktrace:\nE       \tGetHandleVerifier [0x0xf33783+63299]\nE       \tGetHandleVerifier [0x0xf337c4+63364]\nE       \t(No symbol) [0x0xd61113]\nE       \t(No symbol) [0x0xd67920]\nE       \t(No symbol) [0x0xd69c4a]\nE       \t(No symbol) [0x0xd69cc7]\nE       \t(No symbol) [0x0xdab54a]\nE       \t(No symbol) [0x0xd9f3ca]\nE       \t(No symbol) [0x0xdce57c]\nE       \t(No symbol) [0x0xd9eed4]\nE       \t(No symbol) [0x0xdce7f4]\nE       \t(No symbol) [0x0xdefa4a]\nE       \t(No symbol) [0x0xdce376]\nE       \t(No symbol) [0x0xd9d6e0]\nE       \t(No symbol) [0x0xd9e544]\nE       \tGetHandleVerifier [0x0x118e073+2531379]\nE       \tGetHandleVerifier [0x0x1189372+2511666]\nE       \tGetHandleVerifier [0x0xf59efa+220858]\nE       \tGetHandleVerifier [0x0xf4a548+156936]\nE       \tGetHandleVerifier [0x0xf50c7d+183357]\nE       \tGetHandleVerifier [0x0xf3b6e8+95912]\nE       \tGetHandleVerifier [0x0xf3b890+96336]\nE       \tGetHandleVerifier [0x0xf2666a+9770]\nE       \tBaseThreadInitThunk [0x0x75d75d49+25]\nE       \tRtlInitializeExceptionChain [0x0x7792d09b+107]\nE       \tRtlGetAppContainerNamedObjectPath [0x0x7792d021+561]\n\nvenv\\Lib\\site-packages\\selenium\\webdriver\\remote\\errorhandler.py:229: StaleElementReferenceException"}, "steps": [{"name": "Подготовка: создать тестовый заказ", "status": "passed", "steps": [{"name": "Добавить ингредиент в конструктор", "status": "passed", "steps": [{"name": "Ожидание видимости элемента ('xpath', \"//div[contains(@class, 'BurgerIngredient_ingredient')]\")", "status": "passed", "parameters": [{"name": "locator", "value": "('xpath', \"//div[contains(@class, 'BurgerIngredient_ingredient')]\")"}, {"name": "timeout", "value": "None"}], "start": 1749846072721, "stop": 1749846072979}, {"name": "Ожидание видимости элемента ('xpath', \"//section[contains(@class, 'BurgerConstructor_basket')]\")", "status": "passed", "parameters": [{"name": "locator", "value": "('xpath', \"//section[contains(@class, 'BurgerConstructor_basket')]\")"}, {"name": "timeout", "value": "None"}], "start": 1749846072980, "stop": 1749846073001}, {"name": "Выполнение перетаскивания через JavaScript", "status": "passed", "parameters": [{"name": "source", "value": "<undetected_chromedriver.webelement.WebElement (session=\"ae30469c52fdc7f7562f7779ecea811a\", element=\"f.EB7EAE3CF2DB93FADDC8FB8BBE848153.d.1EF65CBFE2A5E1ED9F027DAA47831572.e.35\")>"}, {"name": "target", "value": "<undetected_chromedriver.webelement.WebElement (session=\"ae30469c52fdc7f7562f7779ecea811a\", element=\"f.EB7EAE3CF2DB93FADDC8FB8BBE848153.d.1EF65CBFE2A5E1ED9F027DAA47831572.e.36\")>"}], "start": 1749846073002, "stop": 1749846073016}], "start": 1749846072721, "stop": 1749846073016}, {"name": "Оформить заказ", "status": "passed", "steps": [{"name": "Клик по элементу ('xpath', \"//button[contains(text(), 'Оформить заказ')]\")", "status": "passed", "steps": [{"name": "Ожидание кликабельности элемента ('xpath', \"//button[contains(text(), 'Оформить заказ')]\")", "status": "passed", "parameters": [{"name": "locator", "value": "('xpath', \"//button[contains(text(), 'Оформить заказ')]\")"}, {"name": "timeout", "value": "None"}], "start": 1749846073016, "stop": 1749846073065}], "parameters": [{"name": "locator", "value": "('xpath', \"//button[contains(text(), 'Оформить заказ')]\")"}, {"name": "timeout", "value": "None"}], "start": 1749846073016, "stop": 1749846073200}, {"name": "Ожидание видимости элемента ('xpath', \"//div[contains(@class, 'Modal_modal')]\")", "status": "passed", "parameters": [{"name": "locator", "value": "('xpath', \"//div[contains(@class, 'Modal_modal')]\")"}, {"name": "timeout", "value": "None"}], "start": 1749846073201, "stop": 1749846073238}, {"name": "Дождаться изменения текста элемента", "status": "passed", "parameters": [{"name": "locator", "value": "('xpath', \"//h2[contains(@class, 'text_type_digits-large')]\")"}, {"name": "old_text", "value": "'9999'"}, {"name": "timeout", "value": "15"}], "start": 1749846073238, "stop": 1749846076406}], "start": 1749846073016, "stop": 1749846076407}, {"name": "Закрыть модальное окно", "status": "passed", "steps": [{"name": "Проверить состояние модального окна", "status": "passed", "steps": [{"name": "Проверка видимости элемента ('xpath', \"//div[contains(@class, 'Modal_modal__container')]\")", "status": "passed", "steps": [{"name": "Ожидание видимости элемента ('xpath', \"//div[contains(@class, 'Modal_modal__container')]\")", "status": "passed", "parameters": [{"name": "locator", "value": "('xpath', \"//div[contains(@class, 'Modal_modal__container')]\")"}, {"name": "timeout", "value": "10"}], "start": 1749846076407, "stop": 1749846076440}], "parameters": [{"name": "locator", "value": "('xpath', \"//div[contains(@class, 'Modal_modal__container')]\")"}, {"name": "timeout", "value": "10"}], "start": 1749846076407, "stop": 1749846076440}], "parameters": [{"name": "timeout", "value": "10"}], "start": 1749846076407, "stop": 1749846076440}, {"name": "Клик по элементу ('xpath', \"//button[contains(@class, 'Modal_modal__close')]\")", "status": "passed", "steps": [{"name": "Ожидание кликабельности элемента ('xpath', \"//button[contains(@class, 'Modal_modal__close')]\")", "status": "passed", "parameters": [{"name": "locator", "value": "('xpath', \"//button[contains(@class, 'Modal_modal__close')]\")"}, {"name": "timeout", "value": "10"}], "start": 1749846076441, "stop": 1749846076470}], "parameters": [{"name": "locator", "value": "('xpath', \"//button[contains(@class, 'Modal_modal__close')]\")"}, {"name": "timeout", "value": "10"}], "start": 1749846076441, "stop": 1749846076550}, {"name": "Ожидание исчезновения элемента", "status": "passed", "parameters": [{"name": "locator", "value": "('xpath', \"//div[contains(@class, 'Modal_modal__container')]\")"}, {"name": "timeout", "value": "10"}], "start": 1749846076550, "stop": 1749846077098}], "parameters": [{"name": "timeout", "value": "None"}], "start": 1749846076407, "stop": 1749846077098}], "start": 1749846072721, "stop": 1749846077098}, {"name": "Действие: перейти в ленту заказов и открыть детали", "status": "broken", "statusDetails": {"message": "selenium.common.exceptions.StaleElementReferenceException: Message: stale element reference: stale element not found in the current frame\n  (Session info: chrome=137.0.7151.104); For documentation on this error, please visit: https://www.selenium.dev/documentation/webdriver/troubleshooting/errors#stale-element-reference-exception\nStacktrace:\n\tGetHandleVerifier [0x0xf33783+63299]\n\tGetHandleVerifier [0x0xf337c4+63364]\n\t(No symbol) [0x0xd61113]\n\t(No symbol) [0x0xd67920]\n\t(No symbol) [0x0xd69c4a]\n\t(No symbol) [0x0xd69cc7]\n\t(No symbol) [0x0xdab54a]\n\t(No symbol) [0x0xd9f3ca]\n\t(No symbol) [0x0xdce57c]\n\t(No symbol) [0x0xd9eed4]\n\t(No symbol) [0x0xdce7f4]\n\t(No symbol) [0x0xdefa4a]\n\t(No symbol) [0x0xdce376]\n\t(No symbol) [0x0xd9d6e0]\n\t(No symbol) [0x0xd9e544]\n\tGetHandleVerifier [0x0x118e073+2531379]\n\tGetHandleVerifier [0x0x1189372+2511666]\n\tGetHandleVerifier [0x0xf59efa+220858]\n\tGetHandleVerifier [0x0xf4a548+156936]\n\tGetHandleVerifier [0x0xf50c7d+183357]\n\tGetHandleVerifier [0x0xf3b6e8+95912]\n\tGetHandleVerifier [0x0xf3b890+96336]\n\tGetHandleVerifier [0x0xf2666a+9770]\n\tBaseThreadInitThunk [0x0x75d75d49+25]\n\tRtlInitializeExceptionChain [0x0x7792d09b+107]\n\tRtlGetAppContainerNamedObjectPath [0x0x7792d021+561]\n\n", "trace": "  File \"C:\\Users\\windw\\PycharmProjects\\Diplom\\Diplom_3\\tests\\test_order_feed.py\", line 19, in test_open_order_details_modal\n    order_feed_page.click_first_order()\n    ~~~~~~~~~~~~~~~~~~~~~~~~~~~~~~~~~^^\n  File \"C:\\Users\\windw\\PycharmProjects\\Diplom\\Diplom_3\\venv\\Lib\\site-packages\\allure_commons\\_allure.py\", line 172, in impl\n    return func(*a, **kw)\n  File \"C:\\Users\\windw\\PycharmProjects\\Diplom\\Diplom_3\\pages\\order_feed_page.py\", line 45, in click_first_order\n    self.click(self.locators.FIRST_ORDER_NUMBER)\n    ~~~~~~~~~~^^^^^^^^^^^^^^^^^^^^^^^^^^^^^^^^^^\n  File \"C:\\Users\\windw\\PycharmProjects\\Diplom\\Diplom_3\\venv\\Lib\\site-packages\\allure_commons\\_allure.py\", line 172, in impl\n    return func(*a, **kw)\n  File \"C:\\Users\\windw\\PycharmProjects\\Diplom\\Diplom_3\\pages\\base_page.py\", line 49, in click\n    element.click()\n    ~~~~~~~~~~~~~^^\n  File \"C:\\Users\\windw\\PycharmProjects\\Diplom\\Diplom_3\\venv\\Lib\\site-packages\\selenium\\webdriver\\remote\\webelement.py\", line 93, in click\n    self._execute(Command.CLICK_ELEMENT)\n    ~~~~~~~~~~~~~^^^^^^^^^^^^^^^^^^^^^^^\n  File \"C:\\Users\\windw\\PycharmProjects\\Diplom\\Diplom_3\\venv\\Lib\\site-packages\\selenium\\webdriver\\remote\\webelement.py\", line 394, in _execute\n    return self._parent.execute(command, params)\n           ~~~~~~~~~~~~~~~~~~~~^^^^^^^^^^^^^^^^^\n  File \"C:\\Users\\windw\\PycharmProjects\\Diplom\\Diplom_3\\venv\\Lib\\site-packages\\selenium\\webdriver\\remote\\webdriver.py\", line 346, in execute\n    self.error_handler.check_response(response)\n    ~~~~~~~~~~~~~~~~~~~~~~~~~~~~~~~~~^^^^^^^^^^\n  File \"C:\\Users\\windw\\PycharmProjects\\Diplom\\Diplom_3\\venv\\Lib\\site-packages\\selenium\\webdriver\\remote\\errorhandler.py\", line 229, in check_response\n    raise exception_class(message, screen, stacktrace)\n"}, "steps": [{"name": "Перейти в ленту заказов", "status": "passed", "steps": [{"name": "Клик по элементу ('xpath', \"//a[@href='/feed']\")", "status": "passed", "steps": [{"name": "Ожидание кликабельности элемента ('xpath', \"//a[@href='/feed']\")", "status": "passed", "parameters": [{"name": "locator", "value": "('xpath', \"//a[@href='/feed']\")"}, {"name": "timeout", "value": "None"}], "start": 1749846077105, "stop": 1749846077138}], "parameters": [{"name": "locator", "value": "('xpath', \"//a[@href='/feed']\")"}, {"name": "timeout", "value": "None"}], "start": 1749846077105, "stop": 1749846077233}, {"name": "Ожидание URL содержащего ''/feed''", "status": "passed", "parameters": [{"name": "expected_part", "value": "'/feed'"}, {"name": "timeout", "value": "None"}], "start": 1749846077244, "stop": 1749846077250}], "start": 1749846077099, "stop": 1749846077250}, {"name": "Кликнуть на первый заказ в ленте", "status": "broken", "statusDetails": {"message": "selenium.common.exceptions.StaleElementReferenceException: Message: stale element reference: stale element not found in the current frame\n  (Session info: chrome=137.0.7151.104); For documentation on this error, please visit: https://www.selenium.dev/documentation/webdriver/troubleshooting/errors#stale-element-reference-exception\nStacktrace:\n\tGetHandleVerifier [0x0xf33783+63299]\n\tGetHandleVerifier [0x0xf337c4+63364]\n\t(No symbol) [0x0xd61113]\n\t(No symbol) [0x0xd67920]\n\t(No symbol) [0x0xd69c4a]\n\t(No symbol) [0x0xd69cc7]\n\t(No symbol) [0x0xdab54a]\n\t(No symbol) [0x0xd9f3ca]\n\t(No symbol) [0x0xdce57c]\n\t(No symbol) [0x0xd9eed4]\n\t(No symbol) [0x0xdce7f4]\n\t(No symbol) [0x0xdefa4a]\n\t(No symbol) [0x0xdce376]\n\t(No symbol) [0x0xd9d6e0]\n\t(No symbol) [0x0xd9e544]\n\tGetHandleVerifier [0x0x118e073+2531379]\n\tGetHandleVerifier [0x0x1189372+2511666]\n\tGetHandleVerifier [0x0xf59efa+220858]\n\tGetHandleVerifier [0x0xf4a548+156936]\n\tGetHandleVerifier [0x0xf50c7d+183357]\n\tGetHandleVerifier [0x0xf3b6e8+95912]\n\tGetHandleVerifier [0x0xf3b890+96336]\n\tGetHandleVerifier [0x0xf2666a+9770]\n\tBaseThreadInitThunk [0x0x75d75d49+25]\n\tRtlInitializeExceptionChain [0x0x7792d09b+107]\n\tRtlGetAppContainerNamedObjectPath [0x0x7792d021+561]\n\n", "trace": "  File \"C:\\Users\\windw\\PycharmProjects\\Diplom\\Diplom_3\\venv\\Lib\\site-packages\\allure_commons\\_allure.py\", line 172, in impl\n    return func(*a, **kw)\n  File \"C:\\Users\\windw\\PycharmProjects\\Diplom\\Diplom_3\\pages\\order_feed_page.py\", line 45, in click_first_order\n    self.click(self.locators.FIRST_ORDER_NUMBER)\n    ~~~~~~~~~~^^^^^^^^^^^^^^^^^^^^^^^^^^^^^^^^^^\n  File \"C:\\Users\\windw\\PycharmProjects\\Diplom\\Diplom_3\\venv\\Lib\\site-packages\\allure_commons\\_allure.py\", line 172, in impl\n    return func(*a, **kw)\n  File \"C:\\Users\\windw\\PycharmProjects\\Diplom\\Diplom_3\\pages\\base_page.py\", line 49, in click\n    element.click()\n    ~~~~~~~~~~~~~^^\n  File \"C:\\Users\\windw\\PycharmProjects\\Diplom\\Diplom_3\\venv\\Lib\\site-packages\\selenium\\webdriver\\remote\\webelement.py\", line 93, in click\n    self._execute(Command.CLICK_ELEMENT)\n    ~~~~~~~~~~~~~^^^^^^^^^^^^^^^^^^^^^^^\n  File \"C:\\Users\\windw\\PycharmProjects\\Diplom\\Diplom_3\\venv\\Lib\\site-packages\\selenium\\webdriver\\remote\\webelement.py\", line 394, in _execute\n    return self._parent.execute(command, params)\n           ~~~~~~~~~~~~~~~~~~~~^^^^^^^^^^^^^^^^^\n  File \"C:\\Users\\windw\\PycharmProjects\\Diplom\\Diplom_3\\venv\\Lib\\site-packages\\selenium\\webdriver\\remote\\webdriver.py\", line 346, in execute\n    self.error_handler.check_response(response)\n    ~~~~~~~~~~~~~~~~~~~~~~~~~~~~~~~~~^^^^^^^^^^\n  File \"C:\\Users\\windw\\PycharmProjects\\Diplom\\Diplom_3\\venv\\Lib\\site-packages\\selenium\\webdriver\\remote\\errorhandler.py\", line 229, in check_response\n    raise exception_class(message, screen, stacktrace)\n"}, "steps": [{"name": "Клик по элементу ('css selector', 'a.OrderHistory_link__1iNby')", "status": "broken", "statusDetails": {"message": "selenium.common.exceptions.StaleElementReferenceException: Message: stale element reference: stale element not found in the current frame\n  (Session info: chrome=137.0.7151.104); For documentation on this error, please visit: https://www.selenium.dev/documentation/webdriver/troubleshooting/errors#stale-element-reference-exception\nStacktrace:\n\tGetHandleVerifier [0x0xf33783+63299]\n\tGetHandleVerifier [0x0xf337c4+63364]\n\t(No symbol) [0x0xd61113]\n\t(No symbol) [0x0xd67920]\n\t(No symbol) [0x0xd69c4a]\n\t(No symbol) [0x0xd69cc7]\n\t(No symbol) [0x0xdab54a]\n\t(No symbol) [0x0xd9f3ca]\n\t(No symbol) [0x0xdce57c]\n\t(No symbol) [0x0xd9eed4]\n\t(No symbol) [0x0xdce7f4]\n\t(No symbol) [0x0xdefa4a]\n\t(No symbol) [0x0xdce376]\n\t(No symbol) [0x0xd9d6e0]\n\t(No symbol) [0x0xd9e544]\n\tGetHandleVerifier [0x0x118e073+2531379]\n\tGetHandleVerifier [0x0x1189372+2511666]\n\tGetHandleVerifier [0x0xf59efa+220858]\n\tGetHandleVerifier [0x0xf4a548+156936]\n\tGetHandleVerifier [0x0xf50c7d+183357]\n\tGetHandleVerifier [0x0xf3b6e8+95912]\n\tGetHandleVerifier [0x0xf3b890+96336]\n\tGetHandleVerifier [0x0xf2666a+9770]\n\tBaseThreadInitThunk [0x0x75d75d49+25]\n\tRtlInitializeExceptionChain [0x0x7792d09b+107]\n\tRtlGetAppContainerNamedObjectPath [0x0x7792d021+561]\n\n", "trace": "  File \"C:\\Users\\windw\\PycharmProjects\\Diplom\\Diplom_3\\venv\\Lib\\site-packages\\allure_commons\\_allure.py\", line 172, in impl\n    return func(*a, **kw)\n  File \"C:\\Users\\windw\\PycharmProjects\\Diplom\\Diplom_3\\pages\\base_page.py\", line 49, in click\n    element.click()\n    ~~~~~~~~~~~~~^^\n  File \"C:\\Users\\windw\\PycharmProjects\\Diplom\\Diplom_3\\venv\\Lib\\site-packages\\selenium\\webdriver\\remote\\webelement.py\", line 93, in click\n    self._execute(Command.CLICK_ELEMENT)\n    ~~~~~~~~~~~~~^^^^^^^^^^^^^^^^^^^^^^^\n  File \"C:\\Users\\windw\\PycharmProjects\\Diplom\\Diplom_3\\venv\\Lib\\site-packages\\selenium\\webdriver\\remote\\webelement.py\", line 394, in _execute\n    return self._parent.execute(command, params)\n           ~~~~~~~~~~~~~~~~~~~~^^^^^^^^^^^^^^^^^\n  File \"C:\\Users\\windw\\PycharmProjects\\Diplom\\Diplom_3\\venv\\Lib\\site-packages\\selenium\\webdriver\\remote\\webdriver.py\", line 346, in execute\n    self.error_handler.check_response(response)\n    ~~~~~~~~~~~~~~~~~~~~~~~~~~~~~~~~~^^^^^^^^^^\n  File \"C:\\Users\\windw\\PycharmProjects\\Diplom\\Diplom_3\\venv\\Lib\\site-packages\\selenium\\webdriver\\remote\\errorhandler.py\", line 229, in check_response\n    raise exception_class(message, screen, stacktrace)\n"}, "steps": [{"name": "Ожидание кликабельности элемента ('css selector', 'a.OrderHistory_link__1iNby')", "status": "passed", "parameters": [{"name": "locator", "value": "('css selector', 'a.OrderHistory_link__1iNby')"}, {"name": "timeout", "value": "None"}], "start": 1749846077251, "stop": 1749846078099}], "parameters": [{"name": "locator", "value": "('css selector', 'a.OrderHistory_link__1iNby')"}, {"name": "timeout", "value": "None"}], "start": 1749846077250, "stop": 1749846078114}], "start": 1749846077250, "stop": 1749846078131}], "start": 1749846077099, "stop": 1749846078134}], "attachments": [{"name": "log", "source": "3e69d59d-38b3-43ca-b63a-52fa1d9d93b4-attachment.txt", "type": "text/plain"}], "parameters": [{"name": "driver", "value": "'chrome'"}], "start": 1749846072721, "stop": 1749846078137, "uuid": "31248742-7a67-4d44-a5af-cf4049e46ea9", "historyId": "29c4758622358d897f317b7c6352b41f", "testCaseId": "fd9c923a7cde9c5ff31262af6a95b073", "fullName": "tests.test_order_feed.TestOrderFeed#test_open_order_details_modal", "labels": [{"name": "feature", "value": "Лента заказов"}, {"name": "parentSuite", "value": "tests"}, {"name": "suite", "value": "test_order_feed"}, {"name": "subSuite", "value": "TestOrderFeed"}, {"name": "host", "value": "Gemini_78"}, {"name": "thread", "value": "9576-MainThread"}, {"name": "framework", "value": "pytest"}, {"name": "language", "value": "cpython3"}, {"name": "package", "value": "tests.test_order_feed"}]}