{"name": "Переход в историю заказов", "status": "broken", "statusDetails": {"message": "selenium.common.exceptions.TimeoutException: Message: URL не содержит 'account/profile'", "trace": "self = <tests.test_user_profile.TestUserProfile object at 0x0000016838E32EA0>\ndriver = <selenium.webdriver.firefox.webdriver.WebDriver (session=\"10034f0b-bd5a-4d66-8c56-a46f08d98aa0\")>\ntest_user = {'email': 'test_83bf7588@example.com', 'name': 'User_29c5', 'password': 'P@ssw0rd_23db'}\n\n    @allure.title(\"Переход в историю заказов\")\n    def test_navigate_to_order_history(self, driver, test_user):\n        login_page = LoginPage(driver)\n        profile_page = ProfilePage(driver)\n    \n        with allure.step(\"Авторизация пользователя\"):\n            login_user(driver, test_user[\"email\"], test_user[\"password\"])\n    \n        with allure.step(\"Переход в личный кабинет\"):\n>           login_page.go_to_personal_account()\n\ntests\\test_user_profile.py:36: \n_ _ _ _ _ _ _ _ _ _ _ _ _ _ _ _ _ _ _ _ _ _ _ _ _ _ _ _ _ _ _ _ _ _ _ _ _ _ _ _ _ _ _ _ _ _ _ _ _ _ _ _ _ _ _ _ _ _ _ _ _ _ _ _ _ _ _ _ _ _ _ _ _ _ _ _ _ _ _ _ _ _ _\npages\\login_page.py:56: in go_to_personal_account\n    self.wait_until_url_contains(\"account/profile\")\npages\\base_page.py:130: in wait_until_url_contains\n    return self._wait_until(\npages\\base_page.py:190: in _wait_until\n    return WebDriverWait(self.driver, wait_timeout).until(\n_ _ _ _ _ _ _ _ _ _ _ _ _ _ _ _ _ _ _ _ _ _ _ _ _ _ _ _ _ _ _ _ _ _ _ _ _ _ _ _ _ _ _ _ _ _ _ _ _ _ _ _ _ _ _ _ _ _ _ _ _ _ _ _ _ _ _ _ _ _ _ _ _ _ _ _ _ _ _ _ _ _ _\n\nself = <selenium.webdriver.support.wait.WebDriverWait (session=\"10034f0b-bd5a-4d66-8c56-a46f08d98aa0\")>\nmethod = <function url_contains.<locals>._predicate at 0x000001683A4DEF20>, message = \"URL не содержит 'account/profile'\"\n\n    def until(self, method: Callable[[WebDriver], Union[Literal[False], T]], message: str = \"\") -> T:\n        \"\"\"Calls the method provided with the driver as an argument until the \\\n        return value does not evaluate to ``False``.\n    \n        :param method: callable(WebDriver)\n        :param message: optional message for :exc:`TimeoutException`\n        :returns: the result of the last call to `method`\n        :raises: :exc:`selenium.common.exceptions.TimeoutException` if timeout occurs\n        \"\"\"\n        screen = None\n        stacktrace = None\n    \n        end_time = time.monotonic() + self._timeout\n        while True:\n            try:\n                value = method(self._driver)\n                if value:\n                    return value\n            except self._ignored_exceptions as exc:\n                screen = getattr(exc, \"screen\", None)\n                stacktrace = getattr(exc, \"stacktrace\", None)\n            time.sleep(self._poll)\n            if time.monotonic() > end_time:\n                break\n>       raise TimeoutException(message, screen, stacktrace)\nE       selenium.common.exceptions.TimeoutException: Message: URL не содержит 'account/profile'\n\nvenv\\Lib\\site-packages\\selenium\\webdriver\\support\\wait.py:101: TimeoutException"}, "steps": [{"name": "Авторизация пользователя", "status": "passed", "steps": [{"name": "Авторизовать пользователя", "status": "passed", "steps": [{"name": "Открыть страницу логина", "status": "passed", "steps": [{"name": "Проверка загрузки страницы входа", "status": "passed", "steps": [{"name": "Ожидание видимости элемента ('xpath', \"//form[contains(@class, 'Auth_form')]\")", "status": "passed", "parameters": [{"name": "locator", "value": "('xpath', \"//form[contains(@class, 'Auth_form')]\")"}, {"name": "timeout", "value": "None"}], "start": 1749425034340, "stop": 1749425034370}, {"name": "Ожидание видимости элемента ('xpath', \"//input[@name='name']\")", "status": "passed", "parameters": [{"name": "locator", "value": "('xpath', \"//input[@name='name']\")"}, {"name": "timeout", "value": "None"}], "start": 1749425034370, "stop": 1749425034388}, {"name": "Ожидание видимости элемента ('xpath', \"//input[@type='password']\")", "status": "passed", "parameters": [{"name": "locator", "value": "('xpath', \"//input[@type='password']\")"}, {"name": "timeout", "value": "None"}], "start": 1749425034388, "stop": 1749425034408}], "start": 1749425034340, "stop": 1749425034408}, {"name": "Проверка загрузки страницы входа", "status": "passed", "steps": [{"name": "Ожидание видимости элемента ('xpath', \"//form[contains(@class, 'Auth_form')]\")", "status": "passed", "parameters": [{"name": "locator", "value": "('xpath', \"//form[contains(@class, 'Auth_form')]\")"}, {"name": "timeout", "value": "None"}], "start": 1749425034408, "stop": 1749425034433}, {"name": "Ожидание видимости элемента ('xpath', \"//input[@name='name']\")", "status": "passed", "parameters": [{"name": "locator", "value": "('xpath', \"//input[@name='name']\")"}, {"name": "timeout", "value": "None"}], "start": 1749425034433, "stop": 1749425034458}, {"name": "Ожидание видимости элемента ('xpath', \"//input[@type='password']\")", "status": "passed", "parameters": [{"name": "locator", "value": "('xpath', \"//input[@type='password']\")"}, {"name": "timeout", "value": "None"}], "start": 1749425034458, "stop": 1749425034472}], "start": 1749425034408, "stop": 1749425034472}], "start": 1749425032779, "stop": 1749425034472}, {"name": "Ввод текста ''test_83bf7588@example.com'' в элемент ('xpath', \"//input[@name='name']\")", "status": "passed", "steps": [{"name": "Ожидание видимости элемента ('xpath', \"//input[@name='name']\")", "status": "passed", "parameters": [{"name": "locator", "value": "('xpath', \"//input[@name='name']\")"}, {"name": "timeout", "value": "None"}], "start": 1749425034473, "stop": 1749425034487}], "parameters": [{"name": "locator", "value": "('xpath', \"//input[@name='name']\")"}, {"name": "text", "value": "'test_83bf7588@example.com'"}, {"name": "clear", "value": "True"}], "start": 1749425034473, "stop": 1749425034587}, {"name": "Ввод текста ''P@ssw0rd_23db'' в элемент ('xpath', \"//input[@type='password']\")", "status": "passed", "steps": [{"name": "Ожидание видимости элемента ('xpath', \"//input[@type='password']\")", "status": "passed", "parameters": [{"name": "locator", "value": "('xpath', \"//input[@type='password']\")"}, {"name": "timeout", "value": "None"}], "start": 1749425034587, "stop": 1749425034601}], "parameters": [{"name": "locator", "value": "('xpath', \"//input[@type='password']\")"}, {"name": "text", "value": "'P@ssw0rd_23db'"}, {"name": "clear", "value": "True"}], "start": 1749425034587, "stop": 1749425034634}, {"name": "Клик по элементу ('xpath', \"//button[contains(@class, 'button_button')]\")", "status": "passed", "steps": [{"name": "Ожидание кликабельности элемента ('xpath', \"//button[contains(@class, 'button_button')]\")", "status": "passed", "parameters": [{"name": "locator", "value": "('xpath', \"//button[contains(@class, 'button_button')]\")"}, {"name": "timeout", "value": "None"}], "start": 1749425034635, "stop": 1749425034652}], "parameters": [{"name": "locator", "value": "('xpath', \"//button[contains(@class, 'button_button')]\")"}, {"name": "timeout", "value": "None"}], "start": 1749425034634, "stop": 1749425034905}], "parameters": [{"name": "driver", "value": "<selenium.webdriver.firefox.webdriver.WebDriver (session=\"10034f0b-bd5a-4d66-8c56-a46f08d98aa0\")>"}, {"name": "email", "value": "'test_83bf7588@example.com'"}, {"name": "password", "value": "'P@ssw0rd_23db'"}], "start": 1749425032779, "stop": 1749425034905}], "start": 1749425032779, "stop": 1749425034905}, {"name": "Переход в личный кабинет", "status": "broken", "statusDetails": {"message": "selenium.common.exceptions.TimeoutException: Message: URL не содержит 'account/profile'\n\n", "trace": "  File \"C:\\Users\\windw\\PycharmProjects\\Diplom\\Diplom_3\\tests\\test_user_profile.py\", line 36, in test_navigate_to_order_history\n    login_page.go_to_personal_account()\n    ~~~~~~~~~~~~~~~~~~~~~~~~~~~~~~~~~^^\n  File \"C:\\Users\\windw\\PycharmProjects\\Diplom\\Diplom_3\\venv\\Lib\\site-packages\\allure_commons\\_allure.py\", line 172, in impl\n    return func(*a, **kw)\n  File \"C:\\Users\\windw\\PycharmProjects\\Diplom\\Diplom_3\\pages\\login_page.py\", line 56, in go_to_personal_account\n    self.wait_until_url_contains(\"account/profile\")\n    ~~~~~~~~~~~~~~~~~~~~~~~~~~~~^^^^^^^^^^^^^^^^^^^\n  File \"C:\\Users\\windw\\PycharmProjects\\Diplom\\Diplom_3\\venv\\Lib\\site-packages\\allure_commons\\_allure.py\", line 172, in impl\n    return func(*a, **kw)\n  File \"C:\\Users\\windw\\PycharmProjects\\Diplom\\Diplom_3\\pages\\base_page.py\", line 130, in wait_until_url_contains\n    return self._wait_until(\n           ~~~~~~~~~~~~~~~~^\n        EC.url_contains(expected_part),\n        ^^^^^^^^^^^^^^^^^^^^^^^^^^^^^^^\n        timeout=timeout,\n        ^^^^^^^^^^^^^^^^\n        message=f\"URL не содержит '{expected_part}'\"\n        ^^^^^^^^^^^^^^^^^^^^^^^^^^^^^^^^^^^^^^^^^^^^\n    )\n    ^\n  File \"C:\\Users\\windw\\PycharmProjects\\Diplom\\Diplom_3\\pages\\base_page.py\", line 190, in _wait_until\n    return WebDriverWait(self.driver, wait_timeout).until(\n           ~~~~~~~~~~~~~~~~~~~~~~~~~~~~~~~~~~~~~~~~~~~~~~^\n        condition,\n        ^^^^^^^^^^\n        message=message\n        ^^^^^^^^^^^^^^^\n    )\n    ^\n  File \"C:\\Users\\windw\\PycharmProjects\\Diplom\\Diplom_3\\venv\\Lib\\site-packages\\selenium\\webdriver\\support\\wait.py\", line 101, in until\n    raise TimeoutException(message, screen, stacktrace)\n"}, "steps": [{"name": "Перейти в личный кабинет", "status": "broken", "statusDetails": {"message": "selenium.common.exceptions.TimeoutException: Message: URL не содержит 'account/profile'\n\n", "trace": "  File \"C:\\Users\\windw\\PycharmProjects\\Diplom\\Diplom_3\\venv\\Lib\\site-packages\\allure_commons\\_allure.py\", line 172, in impl\n    return func(*a, **kw)\n  File \"C:\\Users\\windw\\PycharmProjects\\Diplom\\Diplom_3\\pages\\login_page.py\", line 56, in go_to_personal_account\n    self.wait_until_url_contains(\"account/profile\")\n    ~~~~~~~~~~~~~~~~~~~~~~~~~~~~^^^^^^^^^^^^^^^^^^^\n  File \"C:\\Users\\windw\\PycharmProjects\\Diplom\\Diplom_3\\venv\\Lib\\site-packages\\allure_commons\\_allure.py\", line 172, in impl\n    return func(*a, **kw)\n  File \"C:\\Users\\windw\\PycharmProjects\\Diplom\\Diplom_3\\pages\\base_page.py\", line 130, in wait_until_url_contains\n    return self._wait_until(\n           ~~~~~~~~~~~~~~~~^\n        EC.url_contains(expected_part),\n        ^^^^^^^^^^^^^^^^^^^^^^^^^^^^^^^\n        timeout=timeout,\n        ^^^^^^^^^^^^^^^^\n        message=f\"URL не содержит '{expected_part}'\"\n        ^^^^^^^^^^^^^^^^^^^^^^^^^^^^^^^^^^^^^^^^^^^^\n    )\n    ^\n  File \"C:\\Users\\windw\\PycharmProjects\\Diplom\\Diplom_3\\pages\\base_page.py\", line 190, in _wait_until\n    return WebDriverWait(self.driver, wait_timeout).until(\n           ~~~~~~~~~~~~~~~~~~~~~~~~~~~~~~~~~~~~~~~~~~~~~~^\n        condition,\n        ^^^^^^^^^^\n        message=message\n        ^^^^^^^^^^^^^^^\n    )\n    ^\n  File \"C:\\Users\\windw\\PycharmProjects\\Diplom\\Diplom_3\\venv\\Lib\\site-packages\\selenium\\webdriver\\support\\wait.py\", line 101, in until\n    raise TimeoutException(message, screen, stacktrace)\n"}, "steps": [{"name": "Клик по элементу ('xpath', \"//p[text()='Личный Кабинет']\")", "status": "passed", "steps": [{"name": "Ожидание кликабельности элемента ('xpath', \"//p[text()='Личный Кабинет']\")", "status": "passed", "parameters": [{"name": "locator", "value": "('xpath', \"//p[text()='Личный Кабинет']\")"}, {"name": "timeout", "value": "None"}], "start": 1749425034906, "stop": 1749425034926}, {"name": "Клик через JavaScript", "status": "passed", "parameters": [{"name": "element", "value": "<selenium.webdriver.remote.webelement.WebElement (session=\"10034f0b-bd5a-4d66-8c56-a46f08d98aa0\", element=\"11fca70f-e6f8-4beb-9c24-a719f7c6ec36\")>"}], "start": 1749425034931, "stop": 1749425034957}], "parameters": [{"name": "locator", "value": "('xpath', \"//p[text()='Личный Кабинет']\")"}, {"name": "timeout", "value": "None"}], "start": 1749425034906, "stop": 1749425034957}, {"name": "Ожидание URL содержащего ''account/profile''", "status": "broken", "statusDetails": {"message": "selenium.common.exceptions.TimeoutException: Message: URL не содержит 'account/profile'\n\n", "trace": "  File \"C:\\Users\\windw\\PycharmProjects\\Diplom\\Diplom_3\\venv\\Lib\\site-packages\\allure_commons\\_allure.py\", line 172, in impl\n    return func(*a, **kw)\n  File \"C:\\Users\\windw\\PycharmProjects\\Diplom\\Diplom_3\\pages\\base_page.py\", line 130, in wait_until_url_contains\n    return self._wait_until(\n           ~~~~~~~~~~~~~~~~^\n        EC.url_contains(expected_part),\n        ^^^^^^^^^^^^^^^^^^^^^^^^^^^^^^^\n        timeout=timeout,\n        ^^^^^^^^^^^^^^^^\n        message=f\"URL не содержит '{expected_part}'\"\n        ^^^^^^^^^^^^^^^^^^^^^^^^^^^^^^^^^^^^^^^^^^^^\n    )\n    ^\n  File \"C:\\Users\\windw\\PycharmProjects\\Diplom\\Diplom_3\\pages\\base_page.py\", line 190, in _wait_until\n    return WebDriverWait(self.driver, wait_timeout).until(\n           ~~~~~~~~~~~~~~~~~~~~~~~~~~~~~~~~~~~~~~~~~~~~~~^\n        condition,\n        ^^^^^^^^^^\n        message=message\n        ^^^^^^^^^^^^^^^\n    )\n    ^\n  File \"C:\\Users\\windw\\PycharmProjects\\Diplom\\Diplom_3\\venv\\Lib\\site-packages\\selenium\\webdriver\\support\\wait.py\", line 101, in until\n    raise TimeoutException(message, screen, stacktrace)\n"}, "parameters": [{"name": "expected_part", "value": "'account/profile'"}, {"name": "timeout", "value": "None"}], "start": 1749425034957, "stop": 1749425045076}], "start": 1749425034906, "stop": 1749425045078}], "start": 1749425034905, "stop": 1749425045079}], "attachments": [{"name": "log", "source": "bdb07a2c-1618-4760-9ee2-21091f0200f5-attachment.txt", "type": "text/plain"}], "parameters": [{"name": "driver", "value": "'firefox'"}], "start": 1749425032779, "stop": 1749425045081, "uuid": "fa4420cc-e3b2-4fe5-a823-1fb0e9a4519b", "historyId": "370ecd451c8c2ea122f9a1a66318c544", "testCaseId": "1a0f25c70ed39757db1fabf3f48932a0", "fullName": "tests.test_user_profile.TestUserProfile#test_navigate_to_order_history", "labels": [{"name": "feature", "value": "Личный кабинет"}, {"name": "parentSuite", "value": "tests"}, {"name": "suite", "value": "test_user_profile"}, {"name": "subSuite", "value": "TestUserProfile"}, {"name": "host", "value": "Gemini_78"}, {"name": "thread", "value": "12668-MainThread"}, {"name": "framework", "value": "pytest"}, {"name": "language", "value": "cpython3"}, {"name": "package", "value": "tests.test_user_profile"}]}