{"name": "Проверка отображения заказа в истории", "status": "broken", "statusDetails": {"message": "selenium.common.exceptions.TimeoutException: Message: Элемент ('xpath', \"//p[contains(@class, 'text_type_digits-large')]\") не стал видимым\nStacktrace:\n\tGetHandleVerifier [0x0xf93763+63299]\n\tGetHandleVerifier [0x0xf937a4+63364]\n\t(No symbol) [0x0xdc1113]\n\t(No symbol) [0x0xe0987e]\n\t(No symbol) [0x0xe09c1b]\n\t(No symbol) [0x0xe52212]\n\t(No symbol) [0x0xe2e5c4]\n\t(No symbol) [0x0xe4fa4a]\n\t(No symbol) [0x0xe2e376]\n\t(No symbol) [0x0xdfd6e0]\n\t(No symbol) [0x0xdfe544]\n\tGetHandleVerifier [0x0x11ee033+2531347]\n\tGetHandleVerifier [0x0x11e9332+2511634]\n\tGetHandleVerifier [0x0xfb9eda+220858]\n\tGetHandleVerifier [0x0xfaa528+156936]\n\tGetHandleVerifier [0x0xfb0c5d+183357]\n\tGetHandleVerifier [0x0xf9b6c8+95912]\n\tGetHandleVerifier [0x0xf9b870+96336]\n\tGetHandleVerifier [0x0xf8664a+9770]\n\tBaseThreadInitThunk [0x0x75f15d49+25]\n\tRtlInitializeExceptionChain [0x0x77abd03b+107]\n\tRtlGetAppContainerNamedObjectPath [0x0x77abcfc1+561]", "trace": "self = <tests.test_order_feed.TestOrderFeed object at 0x0000016838E329E0>, driver = <undetected_chromedriver.Chrome (session=\"b1a7a1a79150edb19434e1b185ca7b94\")>\nauthenticated_user = {'email': 'test_f8a7988e@example.com', 'name': 'User_be7c', 'password': 'P@ssw0rd_7227'}\nmain_page = <pages.main_page.MainPage object at 0x000001683A40FCD0>, profile_page = <pages.profile_page.ProfilePage object at 0x000001683900B230>\norder_feed_page = <pages.order_feed_page.OrderFeedPage object at 0x00000168390156D0>\n\n    @allure.title(\"Проверка отображения заказа в истории\")\n    def test_order_in_history(self, driver, authenticated_user, main_page, profile_page, order_feed_page):\n        with allure.step(\"Добавить ингредиент и оформить заказ\"):\n            main_page.add_ingredient_to_constructor()\n>           order_number = main_page.make_order()\n\ntests\\test_order_feed.py:33: \n_ _ _ _ _ _ _ _ _ _ _ _ _ _ _ _ _ _ _ _ _ _ _ _ _ _ _ _ _ _ _ _ _ _ _ _ _ _ _ _ _ _ _ _ _ _ _ _ _ _ _ _ _ _ _ _ _ _ _ _ _ _ _ _ _ _ _ _ _ _ _ _ _ _ _ _ _ _ _ _ _ _ _\npages\\main_page.py:80: in make_order\n    return self.get_text(self.locators.ORDER_NUMBER)\npages\\base_page.py:65: in get_text\n    element = self.wait_until_visible(locator, timeout)\npages\\base_page.py:103: in wait_until_visible\n    return self._wait_until(\npages\\base_page.py:190: in _wait_until\n    return WebDriverWait(self.driver, wait_timeout).until(\n_ _ _ _ _ _ _ _ _ _ _ _ _ _ _ _ _ _ _ _ _ _ _ _ _ _ _ _ _ _ _ _ _ _ _ _ _ _ _ _ _ _ _ _ _ _ _ _ _ _ _ _ _ _ _ _ _ _ _ _ _ _ _ _ _ _ _ _ _ _ _ _ _ _ _ _ _ _ _ _ _ _ _\n\nself = <selenium.webdriver.support.wait.WebDriverWait (session=\"b1a7a1a79150edb19434e1b185ca7b94\")>\nmethod = <function visibility_of_element_located.<locals>._predicate at 0x000001683A4C8CC0>\nmessage = 'Элемент (\\'xpath\\', \"//p[contains(@class, \\'text_type_digits-large\\')]\") не стал видимым'\n\n    def until(self, method: Callable[[WebDriver], Union[Literal[False], T]], message: str = \"\") -> T:\n        \"\"\"Calls the method provided with the driver as an argument until the \\\n        return value does not evaluate to ``False``.\n    \n        :param method: callable(WebDriver)\n        :param message: optional message for :exc:`TimeoutException`\n        :returns: the result of the last call to `method`\n        :raises: :exc:`selenium.common.exceptions.TimeoutException` if timeout occurs\n        \"\"\"\n        screen = None\n        stacktrace = None\n    \n        end_time = time.monotonic() + self._timeout\n        while True:\n            try:\n                value = method(self._driver)\n                if value:\n                    return value\n            except self._ignored_exceptions as exc:\n                screen = getattr(exc, \"screen\", None)\n                stacktrace = getattr(exc, \"stacktrace\", None)\n            time.sleep(self._poll)\n            if time.monotonic() > end_time:\n                break\n>       raise TimeoutException(message, screen, stacktrace)\nE       selenium.common.exceptions.TimeoutException: Message: Элемент ('xpath', \"//p[contains(@class, 'text_type_digits-large')]\") не стал видимым\nE       Stacktrace:\nE       \tGetHandleVerifier [0x0xf93763+63299]\nE       \tGetHandleVerifier [0x0xf937a4+63364]\nE       \t(No symbol) [0x0xdc1113]\nE       \t(No symbol) [0x0xe0987e]\nE       \t(No symbol) [0x0xe09c1b]\nE       \t(No symbol) [0x0xe52212]\nE       \t(No symbol) [0x0xe2e5c4]\nE       \t(No symbol) [0x0xe4fa4a]\nE       \t(No symbol) [0x0xe2e376]\nE       \t(No symbol) [0x0xdfd6e0]\nE       \t(No symbol) [0x0xdfe544]\nE       \tGetHandleVerifier [0x0x11ee033+2531347]\nE       \tGetHandleVerifier [0x0x11e9332+2511634]\nE       \tGetHandleVerifier [0x0xfb9eda+220858]\nE       \tGetHandleVerifier [0x0xfaa528+156936]\nE       \tGetHandleVerifier [0x0xfb0c5d+183357]\nE       \tGetHandleVerifier [0x0xf9b6c8+95912]\nE       \tGetHandleVerifier [0x0xf9b870+96336]\nE       \tGetHandleVerifier [0x0xf8664a+9770]\nE       \tBaseThreadInitThunk [0x0x75f15d49+25]\nE       \tRtlInitializeExceptionChain [0x0x77abd03b+107]\nE       \tRtlGetAppContainerNamedObjectPath [0x0x77abcfc1+561]\n\nvenv\\Lib\\site-packages\\selenium\\webdriver\\support\\wait.py:101: TimeoutException"}, "steps": [{"name": "Добавить ингредиент и оформить заказ", "status": "broken", "statusDetails": {"message": "selenium.common.exceptions.TimeoutException: Message: Элемент ('xpath', \"//p[contains(@class, 'text_type_digits-large')]\") не стал видимым\nStacktrace:\n\tGetHandleVerifier [0x0xf93763+63299]\n\tGetHandleVerifier [0x0xf937a4+63364]\n\t(No symbol) [0x0xdc1113]\n\t(No symbol) [0x0xe0987e]\n\t(No symbol) [0x0xe09c1b]\n\t(No symbol) [0x0xe52212]\n\t(No symbol) [0x0xe2e5c4]\n\t(No symbol) [0x0xe4fa4a]\n\t(No symbol) [0x0xe2e376]\n\t(No symbol) [0x0xdfd6e0]\n\t(No symbol) [0x0xdfe544]\n\tGetHandleVerifier [0x0x11ee033+2531347]\n\tGetHandleVerifier [0x0x11e9332+2511634]\n\tGetHandleVerifier [0x0xfb9eda+220858]\n\tGetHandleVerifier [0x0xfaa528+156936]\n\tGetHandleVerifier [0x0xfb0c5d+183357]\n\tGetHandleVerifier [0x0xf9b6c8+95912]\n\tGetHandleVerifier [0x0xf9b870+96336]\n\tGetHandleVerifier [0x0xf8664a+9770]\n\tBaseThreadInitThunk [0x0x75f15d49+25]\n\tRtlInitializeExceptionChain [0x0x77abd03b+107]\n\tRtlGetAppContainerNamedObjectPath [0x0x77abcfc1+561]\n\n", "trace": "  File \"C:\\Users\\windw\\PycharmProjects\\Diplom\\Diplom_3\\tests\\test_order_feed.py\", line 33, in test_order_in_history\n    order_number = main_page.make_order()\n  File \"C:\\Users\\windw\\PycharmProjects\\Diplom\\Diplom_3\\venv\\Lib\\site-packages\\allure_commons\\_allure.py\", line 172, in impl\n    return func(*a, **kw)\n  File \"C:\\Users\\windw\\PycharmProjects\\Diplom\\Diplom_3\\pages\\main_page.py\", line 80, in make_order\n    return self.get_text(self.locators.ORDER_NUMBER)\n           ~~~~~~~~~~~~~^^^^^^^^^^^^^^^^^^^^^^^^^^^^\n  File \"C:\\Users\\windw\\PycharmProjects\\Diplom\\Diplom_3\\venv\\Lib\\site-packages\\allure_commons\\_allure.py\", line 172, in impl\n    return func(*a, **kw)\n  File \"C:\\Users\\windw\\PycharmProjects\\Diplom\\Diplom_3\\pages\\base_page.py\", line 65, in get_text\n    element = self.wait_until_visible(locator, timeout)\n  File \"C:\\Users\\windw\\PycharmProjects\\Diplom\\Diplom_3\\venv\\Lib\\site-packages\\allure_commons\\_allure.py\", line 172, in impl\n    return func(*a, **kw)\n  File \"C:\\Users\\windw\\PycharmProjects\\Diplom\\Diplom_3\\pages\\base_page.py\", line 103, in wait_until_visible\n    return self._wait_until(\n           ~~~~~~~~~~~~~~~~^\n        EC.visibility_of_element_located(locator),\n        ^^^^^^^^^^^^^^^^^^^^^^^^^^^^^^^^^^^^^^^^^^\n        timeout=timeout,\n        ^^^^^^^^^^^^^^^^\n        message=f\"Элемент {locator} не стал видимым\"\n        ^^^^^^^^^^^^^^^^^^^^^^^^^^^^^^^^^^^^^^^^^^^^\n    )\n    ^\n  File \"C:\\Users\\windw\\PycharmProjects\\Diplom\\Diplom_3\\pages\\base_page.py\", line 190, in _wait_until\n    return WebDriverWait(self.driver, wait_timeout).until(\n           ~~~~~~~~~~~~~~~~~~~~~~~~~~~~~~~~~~~~~~~~~~~~~~^\n        condition,\n        ^^^^^^^^^^\n        message=message\n        ^^^^^^^^^^^^^^^\n    )\n    ^\n  File \"C:\\Users\\windw\\PycharmProjects\\Diplom\\Diplom_3\\venv\\Lib\\site-packages\\selenium\\webdriver\\support\\wait.py\", line 101, in until\n    raise TimeoutException(message, screen, stacktrace)\n"}, "steps": [{"name": "Добавить ингредиент в конструктор", "status": "passed", "steps": [{"name": "Ожидание видимости элемента ('xpath', \"//div[contains(@class, 'BurgerIngredient_ingredient')]\")", "status": "passed", "parameters": [{"name": "locator", "value": "('xpath', \"//div[contains(@class, 'BurgerIngredient_ingredient')]\")"}, {"name": "timeout", "value": "None"}], "start": 1749424723691, "stop": 1749424723751}, {"name": "Ожидание видимости элемента ('xpath', \"//section[contains(@class, 'BurgerConstructor_basket')]\")", "status": "passed", "parameters": [{"name": "locator", "value": "('xpath', \"//section[contains(@class, 'BurgerConstructor_basket')]\")"}, {"name": "timeout", "value": "None"}], "start": 1749424723751, "stop": 1749424723777}, {"name": "Выполнение перетаскивания через JavaScript", "status": "passed", "parameters": [{"name": "source", "value": "<undetected_chromedriver.webelement.WebElement (session=\"b1a7a1a79150edb19434e1b185ca7b94\", element=\"f.CDE0020F76634B5145918E6D09A7CC4D.d.E86B707702B8CA838BEDFA7E54880550.e.35\")>"}, {"name": "target", "value": "<undetected_chromedriver.webelement.WebElement (session=\"b1a7a1a79150edb19434e1b185ca7b94\", element=\"f.CDE0020F76634B5145918E6D09A7CC4D.d.E86B707702B8CA838BEDFA7E54880550.e.63\")>"}], "start": 1749424723777, "stop": 1749424723794}], "start": 1749424723690, "stop": 1749424723794}, {"name": "Оформить заказ", "status": "broken", "statusDetails": {"message": "selenium.common.exceptions.TimeoutException: Message: Элемент ('xpath', \"//p[contains(@class, 'text_type_digits-large')]\") не стал видимым\nStacktrace:\n\tGetHandleVerifier [0x0xf93763+63299]\n\tGetHandleVerifier [0x0xf937a4+63364]\n\t(No symbol) [0x0xdc1113]\n\t(No symbol) [0x0xe0987e]\n\t(No symbol) [0x0xe09c1b]\n\t(No symbol) [0x0xe52212]\n\t(No symbol) [0x0xe2e5c4]\n\t(No symbol) [0x0xe4fa4a]\n\t(No symbol) [0x0xe2e376]\n\t(No symbol) [0x0xdfd6e0]\n\t(No symbol) [0x0xdfe544]\n\tGetHandleVerifier [0x0x11ee033+2531347]\n\tGetHandleVerifier [0x0x11e9332+2511634]\n\tGetHandleVerifier [0x0xfb9eda+220858]\n\tGetHandleVerifier [0x0xfaa528+156936]\n\tGetHandleVerifier [0x0xfb0c5d+183357]\n\tGetHandleVerifier [0x0xf9b6c8+95912]\n\tGetHandleVerifier [0x0xf9b870+96336]\n\tGetHandleVerifier [0x0xf8664a+9770]\n\tBaseThreadInitThunk [0x0x75f15d49+25]\n\tRtlInitializeExceptionChain [0x0x77abd03b+107]\n\tRtlGetAppContainerNamedObjectPath [0x0x77abcfc1+561]\n\n", "trace": "  File \"C:\\Users\\windw\\PycharmProjects\\Diplom\\Diplom_3\\venv\\Lib\\site-packages\\allure_commons\\_allure.py\", line 172, in impl\n    return func(*a, **kw)\n  File \"C:\\Users\\windw\\PycharmProjects\\Diplom\\Diplom_3\\pages\\main_page.py\", line 80, in make_order\n    return self.get_text(self.locators.ORDER_NUMBER)\n           ~~~~~~~~~~~~~^^^^^^^^^^^^^^^^^^^^^^^^^^^^\n  File \"C:\\Users\\windw\\PycharmProjects\\Diplom\\Diplom_3\\venv\\Lib\\site-packages\\allure_commons\\_allure.py\", line 172, in impl\n    return func(*a, **kw)\n  File \"C:\\Users\\windw\\PycharmProjects\\Diplom\\Diplom_3\\pages\\base_page.py\", line 65, in get_text\n    element = self.wait_until_visible(locator, timeout)\n  File \"C:\\Users\\windw\\PycharmProjects\\Diplom\\Diplom_3\\venv\\Lib\\site-packages\\allure_commons\\_allure.py\", line 172, in impl\n    return func(*a, **kw)\n  File \"C:\\Users\\windw\\PycharmProjects\\Diplom\\Diplom_3\\pages\\base_page.py\", line 103, in wait_until_visible\n    return self._wait_until(\n           ~~~~~~~~~~~~~~~~^\n        EC.visibility_of_element_located(locator),\n        ^^^^^^^^^^^^^^^^^^^^^^^^^^^^^^^^^^^^^^^^^^\n        timeout=timeout,\n        ^^^^^^^^^^^^^^^^\n        message=f\"Элемент {locator} не стал видимым\"\n        ^^^^^^^^^^^^^^^^^^^^^^^^^^^^^^^^^^^^^^^^^^^^\n    )\n    ^\n  File \"C:\\Users\\windw\\PycharmProjects\\Diplom\\Diplom_3\\pages\\base_page.py\", line 190, in _wait_until\n    return WebDriverWait(self.driver, wait_timeout).until(\n           ~~~~~~~~~~~~~~~~~~~~~~~~~~~~~~~~~~~~~~~~~~~~~~^\n        condition,\n        ^^^^^^^^^^\n        message=message\n        ^^^^^^^^^^^^^^^\n    )\n    ^\n  File \"C:\\Users\\windw\\PycharmProjects\\Diplom\\Diplom_3\\venv\\Lib\\site-packages\\selenium\\webdriver\\support\\wait.py\", line 101, in until\n    raise TimeoutException(message, screen, stacktrace)\n"}, "steps": [{"name": "Клик по элементу ('xpath', \"//button[contains(text(), 'Оформить заказ')]\")", "status": "passed", "steps": [{"name": "Ожидание кликабельности элемента ('xpath', \"//button[contains(text(), 'Оформить заказ')]\")", "status": "passed", "parameters": [{"name": "locator", "value": "('xpath', \"//button[contains(text(), 'Оформить заказ')]\")"}, {"name": "timeout", "value": "None"}], "start": 1749424723794, "stop": 1749424723827}], "parameters": [{"name": "locator", "value": "('xpath', \"//button[contains(text(), 'Оформить заказ')]\")"}, {"name": "timeout", "value": "None"}], "start": 1749424723794, "stop": 1749424723905}, {"name": "Получение текста элемента ('xpath', \"//p[contains(@class, 'text_type_digits-large')]\")", "status": "broken", "statusDetails": {"message": "selenium.common.exceptions.TimeoutException: Message: Элемент ('xpath', \"//p[contains(@class, 'text_type_digits-large')]\") не стал видимым\nStacktrace:\n\tGetHandleVerifier [0x0xf93763+63299]\n\tGetHandleVerifier [0x0xf937a4+63364]\n\t(No symbol) [0x0xdc1113]\n\t(No symbol) [0x0xe0987e]\n\t(No symbol) [0x0xe09c1b]\n\t(No symbol) [0x0xe52212]\n\t(No symbol) [0x0xe2e5c4]\n\t(No symbol) [0x0xe4fa4a]\n\t(No symbol) [0x0xe2e376]\n\t(No symbol) [0x0xdfd6e0]\n\t(No symbol) [0x0xdfe544]\n\tGetHandleVerifier [0x0x11ee033+2531347]\n\tGetHandleVerifier [0x0x11e9332+2511634]\n\tGetHandleVerifier [0x0xfb9eda+220858]\n\tGetHandleVerifier [0x0xfaa528+156936]\n\tGetHandleVerifier [0x0xfb0c5d+183357]\n\tGetHandleVerifier [0x0xf9b6c8+95912]\n\tGetHandleVerifier [0x0xf9b870+96336]\n\tGetHandleVerifier [0x0xf8664a+9770]\n\tBaseThreadInitThunk [0x0x75f15d49+25]\n\tRtlInitializeExceptionChain [0x0x77abd03b+107]\n\tRtlGetAppContainerNamedObjectPath [0x0x77abcfc1+561]\n\n", "trace": "  File \"C:\\Users\\windw\\PycharmProjects\\Diplom\\Diplom_3\\venv\\Lib\\site-packages\\allure_commons\\_allure.py\", line 172, in impl\n    return func(*a, **kw)\n  File \"C:\\Users\\windw\\PycharmProjects\\Diplom\\Diplom_3\\pages\\base_page.py\", line 65, in get_text\n    element = self.wait_until_visible(locator, timeout)\n  File \"C:\\Users\\windw\\PycharmProjects\\Diplom\\Diplom_3\\venv\\Lib\\site-packages\\allure_commons\\_allure.py\", line 172, in impl\n    return func(*a, **kw)\n  File \"C:\\Users\\windw\\PycharmProjects\\Diplom\\Diplom_3\\pages\\base_page.py\", line 103, in wait_until_visible\n    return self._wait_until(\n           ~~~~~~~~~~~~~~~~^\n        EC.visibility_of_element_located(locator),\n        ^^^^^^^^^^^^^^^^^^^^^^^^^^^^^^^^^^^^^^^^^^\n        timeout=timeout,\n        ^^^^^^^^^^^^^^^^\n        message=f\"Элемент {locator} не стал видимым\"\n        ^^^^^^^^^^^^^^^^^^^^^^^^^^^^^^^^^^^^^^^^^^^^\n    )\n    ^\n  File \"C:\\Users\\windw\\PycharmProjects\\Diplom\\Diplom_3\\pages\\base_page.py\", line 190, in _wait_until\n    return WebDriverWait(self.driver, wait_timeout).until(\n           ~~~~~~~~~~~~~~~~~~~~~~~~~~~~~~~~~~~~~~~~~~~~~~^\n        condition,\n        ^^^^^^^^^^\n        message=message\n        ^^^^^^^^^^^^^^^\n    )\n    ^\n  File \"C:\\Users\\windw\\PycharmProjects\\Diplom\\Diplom_3\\venv\\Lib\\site-packages\\selenium\\webdriver\\support\\wait.py\", line 101, in until\n    raise TimeoutException(message, screen, stacktrace)\n"}, "steps": [{"name": "Ожидание видимости элемента ('xpath', \"//p[contains(@class, 'text_type_digits-large')]\")", "status": "broken", "statusDetails": {"message": "selenium.common.exceptions.TimeoutException: Message: Элемент ('xpath', \"//p[contains(@class, 'text_type_digits-large')]\") не стал видимым\nStacktrace:\n\tGetHandleVerifier [0x0xf93763+63299]\n\tGetHandleVerifier [0x0xf937a4+63364]\n\t(No symbol) [0x0xdc1113]\n\t(No symbol) [0x0xe0987e]\n\t(No symbol) [0x0xe09c1b]\n\t(No symbol) [0x0xe52212]\n\t(No symbol) [0x0xe2e5c4]\n\t(No symbol) [0x0xe4fa4a]\n\t(No symbol) [0x0xe2e376]\n\t(No symbol) [0x0xdfd6e0]\n\t(No symbol) [0x0xdfe544]\n\tGetHandleVerifier [0x0x11ee033+2531347]\n\tGetHandleVerifier [0x0x11e9332+2511634]\n\tGetHandleVerifier [0x0xfb9eda+220858]\n\tGetHandleVerifier [0x0xfaa528+156936]\n\tGetHandleVerifier [0x0xfb0c5d+183357]\n\tGetHandleVerifier [0x0xf9b6c8+95912]\n\tGetHandleVerifier [0x0xf9b870+96336]\n\tGetHandleVerifier [0x0xf8664a+9770]\n\tBaseThreadInitThunk [0x0x75f15d49+25]\n\tRtlInitializeExceptionChain [0x0x77abd03b+107]\n\tRtlGetAppContainerNamedObjectPath [0x0x77abcfc1+561]\n\n", "trace": "  File \"C:\\Users\\windw\\PycharmProjects\\Diplom\\Diplom_3\\venv\\Lib\\site-packages\\allure_commons\\_allure.py\", line 172, in impl\n    return func(*a, **kw)\n  File \"C:\\Users\\windw\\PycharmProjects\\Diplom\\Diplom_3\\pages\\base_page.py\", line 103, in wait_until_visible\n    return self._wait_until(\n           ~~~~~~~~~~~~~~~~^\n        EC.visibility_of_element_located(locator),\n        ^^^^^^^^^^^^^^^^^^^^^^^^^^^^^^^^^^^^^^^^^^\n        timeout=timeout,\n        ^^^^^^^^^^^^^^^^\n        message=f\"Элемент {locator} не стал видимым\"\n        ^^^^^^^^^^^^^^^^^^^^^^^^^^^^^^^^^^^^^^^^^^^^\n    )\n    ^\n  File \"C:\\Users\\windw\\PycharmProjects\\Diplom\\Diplom_3\\pages\\base_page.py\", line 190, in _wait_until\n    return WebDriverWait(self.driver, wait_timeout).until(\n           ~~~~~~~~~~~~~~~~~~~~~~~~~~~~~~~~~~~~~~~~~~~~~~^\n        condition,\n        ^^^^^^^^^^\n        message=message\n        ^^^^^^^^^^^^^^^\n    )\n    ^\n  File \"C:\\Users\\windw\\PycharmProjects\\Diplom\\Diplom_3\\venv\\Lib\\site-packages\\selenium\\webdriver\\support\\wait.py\", line 101, in until\n    raise TimeoutException(message, screen, stacktrace)\n"}, "parameters": [{"name": "locator", "value": "('xpath', \"//p[contains(@class, 'text_type_digits-large')]\")"}, {"name": "timeout", "value": "None"}], "start": 1749424723906, "stop": 1749424734991}], "parameters": [{"name": "locator", "value": "('xpath', \"//p[contains(@class, 'text_type_digits-large')]\")"}, {"name": "timeout", "value": "None"}], "start": 1749424723906, "stop": 1749424734993}], "start": 1749424723794, "stop": 1749424734995}], "start": 1749424723690, "stop": 1749424734998}], "attachments": [{"name": "log", "source": "9c8a9f84-cf5c-4430-be61-2cfc69f66cd8-attachment.txt", "type": "text/plain"}], "parameters": [{"name": "driver", "value": "'chrome'"}], "start": 1749424723690, "stop": 1749424735002, "uuid": "16b4a241-1722-4645-96cf-a2b08ff74536", "historyId": "50dce13400c68aead6224ac5694f9801", "testCaseId": "faa93f48a6011244bddb3f3af3273d26", "fullName": "tests.test_order_feed.TestOrderFeed#test_order_in_history", "labels": [{"name": "feature", "value": "Лента заказов"}, {"name": "parentSuite", "value": "tests"}, {"name": "suite", "value": "test_order_feed"}, {"name": "subSuite", "value": "TestOrderFeed"}, {"name": "host", "value": "Gemini_78"}, {"name": "thread", "value": "12668-MainThread"}, {"name": "framework", "value": "pytest"}, {"name": "language", "value": "cpython3"}, {"name": "package", "value": "tests.test_order_feed"}]}