{"name": "Оформление заказа авторизованным пользователем", "status": "broken", "statusDetails": {"message": "selenium.common.exceptions.TimeoutException: Message: Элемент ('xpath', \"//p[contains(@class, 'text_type_digits-large')]\") не стал видимым\nStacktrace:\n\tGetHandleVerifier [0x0xf93763+63299]\n\tGetHandleVerifier [0x0xf937a4+63364]\n\t(No symbol) [0x0xdc1113]\n\t(No symbol) [0x0xe0987e]\n\t(No symbol) [0x0xe09c1b]\n\t(No symbol) [0x0xe52212]\n\t(No symbol) [0x0xe2e5c4]\n\t(No symbol) [0x0xe4fa4a]\n\t(No symbol) [0x0xe2e376]\n\t(No symbol) [0x0xdfd6e0]\n\t(No symbol) [0x0xdfe544]\n\tGetHandleVerifier [0x0x11ee033+2531347]\n\tGetHandleVerifier [0x0x11e9332+2511634]\n\tGetHandleVerifier [0x0xfb9eda+220858]\n\tGetHandleVerifier [0x0xfaa528+156936]\n\tGetHandleVerifier [0x0xfb0c5d+183357]\n\tGetHandleVerifier [0x0xf9b6c8+95912]\n\tGetHandleVerifier [0x0xf9b870+96336]\n\tGetHandleVerifier [0x0xf8664a+9770]\n\tBaseThreadInitThunk [0x0x75f15d49+25]\n\tRtlInitializeExceptionChain [0x0x77abd03b+107]\n\tRtlGetAppContainerNamedObjectPath [0x0x77abcfc1+561]", "trace": "self = <tests.test_constructor.TestConstructor object at 0x0000016838E67890>, driver = <undetected_chromedriver.Chrome (session=\"e4c1833f79fad5f8e65e8ab5f8ed8d39\")>\ntest_user = {'email': 'test_dfbde5d8@example.com', 'name': 'User_9074', 'password': 'P@ssw0rd_8493'}\n\n    @allure.title(\"Оформление заказа авторизованным пользователем\")\n    def test_make_order_by_authenticated_user(self, driver, test_user):\n        register_page = RegisterPage(driver)\n        login_page = LoginPage(driver)\n        main_page = MainPage(driver)\n    \n        with allure.step(\"1. Зарегистрировать нового пользователя\"):\n            register_new_user(driver, test_user)\n    \n        with allure.step(\"2. Авторизоваться под созданным пользователем\"):\n            login_user(driver, test_user[\"email\"], test_user[\"password\"])\n    \n        with allure.step(\"3. Добавить ингредиент в конструктор\"):\n            main_page.add_ingredient_to_constructor()\n    \n        with allure.step(\"4. Нажать кнопку 'Оформить заказ'\"):\n>           order_number = main_page.make_order()\n\ntests\\test_constructor.py:105: \n_ _ _ _ _ _ _ _ _ _ _ _ _ _ _ _ _ _ _ _ _ _ _ _ _ _ _ _ _ _ _ _ _ _ _ _ _ _ _ _ _ _ _ _ _ _ _ _ _ _ _ _ _ _ _ _ _ _ _ _ _ _ _ _ _ _ _ _ _ _ _ _ _ _ _ _ _ _ _ _ _ _ _\npages\\main_page.py:80: in make_order\n    return self.get_text(self.locators.ORDER_NUMBER)\npages\\base_page.py:65: in get_text\n    element = self.wait_until_visible(locator, timeout)\npages\\base_page.py:103: in wait_until_visible\n    return self._wait_until(\npages\\base_page.py:190: in _wait_until\n    return WebDriverWait(self.driver, wait_timeout).until(\n_ _ _ _ _ _ _ _ _ _ _ _ _ _ _ _ _ _ _ _ _ _ _ _ _ _ _ _ _ _ _ _ _ _ _ _ _ _ _ _ _ _ _ _ _ _ _ _ _ _ _ _ _ _ _ _ _ _ _ _ _ _ _ _ _ _ _ _ _ _ _ _ _ _ _ _ _ _ _ _ _ _ _\n\nself = <selenium.webdriver.support.wait.WebDriverWait (session=\"e4c1833f79fad5f8e65e8ab5f8ed8d39\")>\nmethod = <function visibility_of_element_located.<locals>._predicate at 0x000001683907DDA0>\nmessage = 'Элемент (\\'xpath\\', \"//p[contains(@class, \\'text_type_digits-large\\')]\") не стал видимым'\n\n    def until(self, method: Callable[[WebDriver], Union[Literal[False], T]], message: str = \"\") -> T:\n        \"\"\"Calls the method provided with the driver as an argument until the \\\n        return value does not evaluate to ``False``.\n    \n        :param method: callable(WebDriver)\n        :param message: optional message for :exc:`TimeoutException`\n        :returns: the result of the last call to `method`\n        :raises: :exc:`selenium.common.exceptions.TimeoutException` if timeout occurs\n        \"\"\"\n        screen = None\n        stacktrace = None\n    \n        end_time = time.monotonic() + self._timeout\n        while True:\n            try:\n                value = method(self._driver)\n                if value:\n                    return value\n            except self._ignored_exceptions as exc:\n                screen = getattr(exc, \"screen\", None)\n                stacktrace = getattr(exc, \"stacktrace\", None)\n            time.sleep(self._poll)\n            if time.monotonic() > end_time:\n                break\n>       raise TimeoutException(message, screen, stacktrace)\nE       selenium.common.exceptions.TimeoutException: Message: Элемент ('xpath', \"//p[contains(@class, 'text_type_digits-large')]\") не стал видимым\nE       Stacktrace:\nE       \tGetHandleVerifier [0x0xf93763+63299]\nE       \tGetHandleVerifier [0x0xf937a4+63364]\nE       \t(No symbol) [0x0xdc1113]\nE       \t(No symbol) [0x0xe0987e]\nE       \t(No symbol) [0x0xe09c1b]\nE       \t(No symbol) [0x0xe52212]\nE       \t(No symbol) [0x0xe2e5c4]\nE       \t(No symbol) [0x0xe4fa4a]\nE       \t(No symbol) [0x0xe2e376]\nE       \t(No symbol) [0x0xdfd6e0]\nE       \t(No symbol) [0x0xdfe544]\nE       \tGetHandleVerifier [0x0x11ee033+2531347]\nE       \tGetHandleVerifier [0x0x11e9332+2511634]\nE       \tGetHandleVerifier [0x0xfb9eda+220858]\nE       \tGetHandleVerifier [0x0xfaa528+156936]\nE       \tGetHandleVerifier [0x0xfb0c5d+183357]\nE       \tGetHandleVerifier [0x0xf9b6c8+95912]\nE       \tGetHandleVerifier [0x0xf9b870+96336]\nE       \tGetHandleVerifier [0x0xf8664a+9770]\nE       \tBaseThreadInitThunk [0x0x75f15d49+25]\nE       \tRtlInitializeExceptionChain [0x0x77abd03b+107]\nE       \tRtlGetAppContainerNamedObjectPath [0x0x77abcfc1+561]\n\nvenv\\Lib\\site-packages\\selenium\\webdriver\\support\\wait.py:101: TimeoutException"}, "steps": [{"name": "1. Зарегистрировать нового пользователя", "status": "passed", "steps": [{"name": "Зарегистрировать нового пользователя", "status": "passed", "steps": [{"name": "Открыть страницу регистрации", "status": "passed", "steps": [{"name": "Ожидание видимости элемента ('css selector', 'form.Auth_form__3qKeq')", "status": "passed", "parameters": [{"name": "locator", "value": "('css selector', 'form.Auth_form__3qKeq')"}, {"name": "timeout", "value": "None"}], "start": 1749424632099, "stop": 1749424632142}, {"name": "Ожидание видимости элемента ('css selector', \"input[name='name']\")", "status": "passed", "parameters": [{"name": "locator", "value": "('css selector', \"input[name='name']\")"}, {"name": "timeout", "value": "None"}], "start": 1749424632142, "stop": 1749424632177}, {"name": "Ожидание видимости элемента ('css selector', 'fieldset.Auth_fieldset__1QzWN:nth-of-type(2) input')", "status": "passed", "parameters": [{"name": "locator", "value": "('css selector', 'fieldset.Auth_fieldset__1QzWN:nth-of-type(2) input')"}, {"name": "timeout", "value": "None"}], "start": 1749424632178, "stop": 1749424632224}, {"name": "Ожидание видимости элемента ('css selector', \"input[type='password']\")", "status": "passed", "parameters": [{"name": "locator", "value": "('css selector', \"input[type='password']\")"}, {"name": "timeout", "value": "None"}], "start": 1749424632224, "stop": 1749424632269}], "start": 1749424630740, "stop": 1749424632269}, {"name": "Ввод текста ''User_9074'' в элемент ('css selector', \"input[name='name']\")", "status": "passed", "steps": [{"name": "Ожидание видимости элемента ('css selector', \"input[name='name']\")", "status": "passed", "parameters": [{"name": "locator", "value": "('css selector', \"input[name='name']\")"}, {"name": "timeout", "value": "None"}], "start": 1749424632270, "stop": 1749424632303}], "parameters": [{"name": "locator", "value": "('css selector', \"input[name='name']\")"}, {"name": "text", "value": "'User_9074'"}, {"name": "clear", "value": "True"}], "start": 1749424632270, "stop": 1749424632434}, {"name": "Ввод текста ''test_dfbde5d8@example.com'' в элемент ('css selector', 'fieldset.Auth_fieldset__1QzWN:nth-of-type(2) input')", "status": "passed", "steps": [{"name": "Ожидание видимости элемента ('css selector', 'fieldset.Auth_fieldset__1QzWN:nth-of-type(2) input')", "status": "passed", "parameters": [{"name": "locator", "value": "('css selector', 'fieldset.Auth_fieldset__1QzWN:nth-of-type(2) input')"}, {"name": "timeout", "value": "None"}], "start": 1749424632435, "stop": 1749424632462}], "parameters": [{"name": "locator", "value": "('css selector', 'fieldset.Auth_fieldset__1QzWN:nth-of-type(2) input')"}, {"name": "text", "value": "'test_dfbde5d8@example.com'"}, {"name": "clear", "value": "True"}], "start": 1749424632435, "stop": 1749424632646}, {"name": "Ввод текста ''P@ssw0rd_8493'' в элемент ('css selector', \"input[type='password']\")", "status": "passed", "steps": [{"name": "Ожидание видимости элемента ('css selector', \"input[type='password']\")", "status": "passed", "parameters": [{"name": "locator", "value": "('css selector', \"input[type='password']\")"}, {"name": "timeout", "value": "None"}], "start": 1749424632646, "stop": 1749424632669}], "parameters": [{"name": "locator", "value": "('css selector', \"input[type='password']\")"}, {"name": "text", "value": "'P@ssw0rd_8493'"}, {"name": "clear", "value": "True"}], "start": 1749424632646, "stop": 1749424632801}, {"name": "Клик по элементу ('css selector', 'button.button_button__33qZ0')", "status": "passed", "steps": [{"name": "Ожидание кликабельности элемента ('css selector', 'button.button_button__33qZ0')", "status": "passed", "parameters": [{"name": "locator", "value": "('css selector', 'button.button_button__33qZ0')"}, {"name": "timeout", "value": "None"}], "start": 1749424632802, "stop": 1749424632847}], "parameters": [{"name": "locator", "value": "('css selector', 'button.button_button__33qZ0')"}, {"name": "timeout", "value": "None"}], "start": 1749424632802, "stop": 1749424632953}, {"name": "Ожидание URL содержащего ''login''", "status": "passed", "parameters": [{"name": "expected_part", "value": "'login'"}, {"name": "timeout", "value": "15"}], "start": 1749424632953, "stop": 1749424633476}], "parameters": [{"name": "driver", "value": "<undetected_chromedriver.Chrome (session=\"e4c1833f79fad5f8e65e8ab5f8ed8d39\")>"}, {"name": "user_data", "value": "{'email': 'test_dfbde5d8@example.com', 'password': 'P@ssw0rd_8493', 'name': 'User_9074'}"}], "start": 1749424630740, "stop": 1749424633476}], "start": 1749424630740, "stop": 1749424633476}, {"name": "2. Авторизоваться под созданным пользователем", "status": "passed", "steps": [{"name": "Авторизовать пользователя", "status": "passed", "steps": [{"name": "Открыть страницу логина", "status": "passed", "steps": [{"name": "Проверка загрузки страницы входа", "status": "passed", "steps": [{"name": "Ожидание видимости элемента ('xpath', \"//form[contains(@class, 'Auth_form')]\")", "status": "passed", "parameters": [{"name": "locator", "value": "('xpath', \"//form[contains(@class, 'Auth_form')]\")"}, {"name": "timeout", "value": "None"}], "start": 1749424634034, "stop": 1749424634066}, {"name": "Ожидание видимости элемента ('xpath', \"//input[@name='name']\")", "status": "passed", "parameters": [{"name": "locator", "value": "('xpath', \"//input[@name='name']\")"}, {"name": "timeout", "value": "None"}], "start": 1749424634066, "stop": 1749424634104}, {"name": "Ожидание видимости элемента ('xpath', \"//input[@type='password']\")", "status": "passed", "parameters": [{"name": "locator", "value": "('xpath', \"//input[@type='password']\")"}, {"name": "timeout", "value": "None"}], "start": 1749424634104, "stop": 1749424634130}], "start": 1749424634034, "stop": 1749424634130}, {"name": "Проверка загрузки страницы входа", "status": "passed", "steps": [{"name": "Ожидание видимости элемента ('xpath', \"//form[contains(@class, 'Auth_form')]\")", "status": "passed", "parameters": [{"name": "locator", "value": "('xpath', \"//form[contains(@class, 'Auth_form')]\")"}, {"name": "timeout", "value": "None"}], "start": 1749424634131, "stop": 1749424634164}, {"name": "Ожидание видимости элемента ('xpath', \"//input[@name='name']\")", "status": "passed", "parameters": [{"name": "locator", "value": "('xpath', \"//input[@name='name']\")"}, {"name": "timeout", "value": "None"}], "start": 1749424634165, "stop": 1749424634184}, {"name": "Ожидание видимости элемента ('xpath', \"//input[@type='password']\")", "status": "passed", "parameters": [{"name": "locator", "value": "('xpath', \"//input[@type='password']\")"}, {"name": "timeout", "value": "None"}], "start": 1749424634184, "stop": 1749424634218}], "start": 1749424634131, "stop": 1749424634218}], "start": 1749424633476, "stop": 1749424634218}, {"name": "Ввод текста ''test_dfbde5d8@example.com'' в элемент ('xpath', \"//input[@name='name']\")", "status": "passed", "steps": [{"name": "Ожидание видимости элемента ('xpath', \"//input[@name='name']\")", "status": "passed", "parameters": [{"name": "locator", "value": "('xpath', \"//input[@name='name']\")"}, {"name": "timeout", "value": "None"}], "start": 1749424634218, "stop": 1749424634239}], "parameters": [{"name": "locator", "value": "('xpath', \"//input[@name='name']\")"}, {"name": "text", "value": "'test_dfbde5d8@example.com'"}, {"name": "clear", "value": "True"}], "start": 1749424634218, "stop": 1749424634349}, {"name": "Ввод текста ''P@ssw0rd_8493'' в элемент ('xpath', \"//input[@type='password']\")", "status": "passed", "steps": [{"name": "Ожидание видимости элемента ('xpath', \"//input[@type='password']\")", "status": "passed", "parameters": [{"name": "locator", "value": "('xpath', \"//input[@type='password']\")"}, {"name": "timeout", "value": "None"}], "start": 1749424634350, "stop": 1749424634368}], "parameters": [{"name": "locator", "value": "('xpath', \"//input[@type='password']\")"}, {"name": "text", "value": "'P@ssw0rd_8493'"}, {"name": "clear", "value": "True"}], "start": 1749424634349, "stop": 1749424634460}, {"name": "Клик по элементу ('xpath', \"//button[contains(@class, 'button_button')]\")", "status": "passed", "steps": [{"name": "Ожидание кликабельности элемента ('xpath', \"//button[contains(@class, 'button_button')]\")", "status": "passed", "parameters": [{"name": "locator", "value": "('xpath', \"//button[contains(@class, 'button_button')]\")"}, {"name": "timeout", "value": "None"}], "start": 1749424634460, "stop": 1749424634495}], "parameters": [{"name": "locator", "value": "('xpath', \"//button[contains(@class, 'button_button')]\")"}, {"name": "timeout", "value": "None"}], "start": 1749424634460, "stop": 1749424634561}], "parameters": [{"name": "driver", "value": "<undetected_chromedriver.Chrome (session=\"e4c1833f79fad5f8e65e8ab5f8ed8d39\")>"}, {"name": "email", "value": "'test_dfbde5d8@example.com'"}, {"name": "password", "value": "'P@ssw0rd_8493'"}], "start": 1749424633476, "stop": 1749424634561}], "start": 1749424633476, "stop": 1749424634561}, {"name": "3. Добавить ингредиент в конструктор", "status": "passed", "steps": [{"name": "Добавить ингредиент в конструктор", "status": "passed", "steps": [{"name": "Ожидание видимости элемента ('xpath', \"//div[contains(@class, 'BurgerIngredient_ingredient')]\")", "status": "passed", "parameters": [{"name": "locator", "value": "('xpath', \"//div[contains(@class, 'BurgerIngredient_ingredient')]\")"}, {"name": "timeout", "value": "None"}], "start": 1749424634561, "stop": 1749424634836}, {"name": "Ожидание видимости элемента ('xpath', \"//section[contains(@class, 'BurgerConstructor_basket')]\")", "status": "passed", "parameters": [{"name": "locator", "value": "('xpath', \"//section[contains(@class, 'BurgerConstructor_basket')]\")"}, {"name": "timeout", "value": "None"}], "start": 1749424634836, "stop": 1749424634860}, {"name": "Выполнение перетаскивания через JavaScript", "status": "passed", "parameters": [{"name": "source", "value": "<undetected_chromedriver.webelement.WebElement (session=\"e4c1833f79fad5f8e65e8ab5f8ed8d39\", element=\"f.78951631E98CB423DF45A1053674DB67.d.F7EA149D1F4B5CBF43B226D3D7A82F14.e.65\")>"}, {"name": "target", "value": "<undetected_chromedriver.webelement.WebElement (session=\"e4c1833f79fad5f8e65e8ab5f8ed8d39\", element=\"f.78951631E98CB423DF45A1053674DB67.d.F7EA149D1F4B5CBF43B226D3D7A82F14.e.66\")>"}], "start": 1749424634860, "stop": 1749424634878}], "start": 1749424634561, "stop": 1749424634878}], "start": 1749424634561, "stop": 1749424634878}, {"name": "4. Нажать кнопку 'Оформить заказ'", "status": "broken", "statusDetails": {"message": "selenium.common.exceptions.TimeoutException: Message: Элемент ('xpath', \"//p[contains(@class, 'text_type_digits-large')]\") не стал видимым\nStacktrace:\n\tGetHandleVerifier [0x0xf93763+63299]\n\tGetHandleVerifier [0x0xf937a4+63364]\n\t(No symbol) [0x0xdc1113]\n\t(No symbol) [0x0xe0987e]\n\t(No symbol) [0x0xe09c1b]\n\t(No symbol) [0x0xe52212]\n\t(No symbol) [0x0xe2e5c4]\n\t(No symbol) [0x0xe4fa4a]\n\t(No symbol) [0x0xe2e376]\n\t(No symbol) [0x0xdfd6e0]\n\t(No symbol) [0x0xdfe544]\n\tGetHandleVerifier [0x0x11ee033+2531347]\n\tGetHandleVerifier [0x0x11e9332+2511634]\n\tGetHandleVerifier [0x0xfb9eda+220858]\n\tGetHandleVerifier [0x0xfaa528+156936]\n\tGetHandleVerifier [0x0xfb0c5d+183357]\n\tGetHandleVerifier [0x0xf9b6c8+95912]\n\tGetHandleVerifier [0x0xf9b870+96336]\n\tGetHandleVerifier [0x0xf8664a+9770]\n\tBaseThreadInitThunk [0x0x75f15d49+25]\n\tRtlInitializeExceptionChain [0x0x77abd03b+107]\n\tRtlGetAppContainerNamedObjectPath [0x0x77abcfc1+561]\n\n", "trace": "  File \"C:\\Users\\windw\\PycharmProjects\\Diplom\\Diplom_3\\tests\\test_constructor.py\", line 105, in test_make_order_by_authenticated_user\n    order_number = main_page.make_order()\n  File \"C:\\Users\\windw\\PycharmProjects\\Diplom\\Diplom_3\\venv\\Lib\\site-packages\\allure_commons\\_allure.py\", line 172, in impl\n    return func(*a, **kw)\n  File \"C:\\Users\\windw\\PycharmProjects\\Diplom\\Diplom_3\\pages\\main_page.py\", line 80, in make_order\n    return self.get_text(self.locators.ORDER_NUMBER)\n           ~~~~~~~~~~~~~^^^^^^^^^^^^^^^^^^^^^^^^^^^^\n  File \"C:\\Users\\windw\\PycharmProjects\\Diplom\\Diplom_3\\venv\\Lib\\site-packages\\allure_commons\\_allure.py\", line 172, in impl\n    return func(*a, **kw)\n  File \"C:\\Users\\windw\\PycharmProjects\\Diplom\\Diplom_3\\pages\\base_page.py\", line 65, in get_text\n    element = self.wait_until_visible(locator, timeout)\n  File \"C:\\Users\\windw\\PycharmProjects\\Diplom\\Diplom_3\\venv\\Lib\\site-packages\\allure_commons\\_allure.py\", line 172, in impl\n    return func(*a, **kw)\n  File \"C:\\Users\\windw\\PycharmProjects\\Diplom\\Diplom_3\\pages\\base_page.py\", line 103, in wait_until_visible\n    return self._wait_until(\n           ~~~~~~~~~~~~~~~~^\n        EC.visibility_of_element_located(locator),\n        ^^^^^^^^^^^^^^^^^^^^^^^^^^^^^^^^^^^^^^^^^^\n        timeout=timeout,\n        ^^^^^^^^^^^^^^^^\n        message=f\"Элемент {locator} не стал видимым\"\n        ^^^^^^^^^^^^^^^^^^^^^^^^^^^^^^^^^^^^^^^^^^^^\n    )\n    ^\n  File \"C:\\Users\\windw\\PycharmProjects\\Diplom\\Diplom_3\\pages\\base_page.py\", line 190, in _wait_until\n    return WebDriverWait(self.driver, wait_timeout).until(\n           ~~~~~~~~~~~~~~~~~~~~~~~~~~~~~~~~~~~~~~~~~~~~~~^\n        condition,\n        ^^^^^^^^^^\n        message=message\n        ^^^^^^^^^^^^^^^\n    )\n    ^\n  File \"C:\\Users\\windw\\PycharmProjects\\Diplom\\Diplom_3\\venv\\Lib\\site-packages\\selenium\\webdriver\\support\\wait.py\", line 101, in until\n    raise TimeoutException(message, screen, stacktrace)\n"}, "steps": [{"name": "Оформить заказ", "status": "broken", "statusDetails": {"message": "selenium.common.exceptions.TimeoutException: Message: Элемент ('xpath', \"//p[contains(@class, 'text_type_digits-large')]\") не стал видимым\nStacktrace:\n\tGetHandleVerifier [0x0xf93763+63299]\n\tGetHandleVerifier [0x0xf937a4+63364]\n\t(No symbol) [0x0xdc1113]\n\t(No symbol) [0x0xe0987e]\n\t(No symbol) [0x0xe09c1b]\n\t(No symbol) [0x0xe52212]\n\t(No symbol) [0x0xe2e5c4]\n\t(No symbol) [0x0xe4fa4a]\n\t(No symbol) [0x0xe2e376]\n\t(No symbol) [0x0xdfd6e0]\n\t(No symbol) [0x0xdfe544]\n\tGetHandleVerifier [0x0x11ee033+2531347]\n\tGetHandleVerifier [0x0x11e9332+2511634]\n\tGetHandleVerifier [0x0xfb9eda+220858]\n\tGetHandleVerifier [0x0xfaa528+156936]\n\tGetHandleVerifier [0x0xfb0c5d+183357]\n\tGetHandleVerifier [0x0xf9b6c8+95912]\n\tGetHandleVerifier [0x0xf9b870+96336]\n\tGetHandleVerifier [0x0xf8664a+9770]\n\tBaseThreadInitThunk [0x0x75f15d49+25]\n\tRtlInitializeExceptionChain [0x0x77abd03b+107]\n\tRtlGetAppContainerNamedObjectPath [0x0x77abcfc1+561]\n\n", "trace": "  File \"C:\\Users\\windw\\PycharmProjects\\Diplom\\Diplom_3\\venv\\Lib\\site-packages\\allure_commons\\_allure.py\", line 172, in impl\n    return func(*a, **kw)\n  File \"C:\\Users\\windw\\PycharmProjects\\Diplom\\Diplom_3\\pages\\main_page.py\", line 80, in make_order\n    return self.get_text(self.locators.ORDER_NUMBER)\n           ~~~~~~~~~~~~~^^^^^^^^^^^^^^^^^^^^^^^^^^^^\n  File \"C:\\Users\\windw\\PycharmProjects\\Diplom\\Diplom_3\\venv\\Lib\\site-packages\\allure_commons\\_allure.py\", line 172, in impl\n    return func(*a, **kw)\n  File \"C:\\Users\\windw\\PycharmProjects\\Diplom\\Diplom_3\\pages\\base_page.py\", line 65, in get_text\n    element = self.wait_until_visible(locator, timeout)\n  File \"C:\\Users\\windw\\PycharmProjects\\Diplom\\Diplom_3\\venv\\Lib\\site-packages\\allure_commons\\_allure.py\", line 172, in impl\n    return func(*a, **kw)\n  File \"C:\\Users\\windw\\PycharmProjects\\Diplom\\Diplom_3\\pages\\base_page.py\", line 103, in wait_until_visible\n    return self._wait_until(\n           ~~~~~~~~~~~~~~~~^\n        EC.visibility_of_element_located(locator),\n        ^^^^^^^^^^^^^^^^^^^^^^^^^^^^^^^^^^^^^^^^^^\n        timeout=timeout,\n        ^^^^^^^^^^^^^^^^\n        message=f\"Элемент {locator} не стал видимым\"\n        ^^^^^^^^^^^^^^^^^^^^^^^^^^^^^^^^^^^^^^^^^^^^\n    )\n    ^\n  File \"C:\\Users\\windw\\PycharmProjects\\Diplom\\Diplom_3\\pages\\base_page.py\", line 190, in _wait_until\n    return WebDriverWait(self.driver, wait_timeout).until(\n           ~~~~~~~~~~~~~~~~~~~~~~~~~~~~~~~~~~~~~~~~~~~~~~^\n        condition,\n        ^^^^^^^^^^\n        message=message\n        ^^^^^^^^^^^^^^^\n    )\n    ^\n  File \"C:\\Users\\windw\\PycharmProjects\\Diplom\\Diplom_3\\venv\\Lib\\site-packages\\selenium\\webdriver\\support\\wait.py\", line 101, in until\n    raise TimeoutException(message, screen, stacktrace)\n"}, "steps": [{"name": "Клик по элементу ('xpath', \"//button[contains(text(), 'Оформить заказ')]\")", "status": "passed", "steps": [{"name": "Ожидание кликабельности элемента ('xpath', \"//button[contains(text(), 'Оформить заказ')]\")", "status": "passed", "parameters": [{"name": "locator", "value": "('xpath', \"//button[contains(text(), 'Оформить заказ')]\")"}, {"name": "timeout", "value": "None"}], "start": 1749424634879, "stop": 1749424634924}], "parameters": [{"name": "locator", "value": "('xpath', \"//button[contains(text(), 'Оформить заказ')]\")"}, {"name": "timeout", "value": "None"}], "start": 1749424634879, "stop": 1749424635128}, {"name": "Получение текста элемента ('xpath', \"//p[contains(@class, 'text_type_digits-large')]\")", "status": "broken", "statusDetails": {"message": "selenium.common.exceptions.TimeoutException: Message: Элемент ('xpath', \"//p[contains(@class, 'text_type_digits-large')]\") не стал видимым\nStacktrace:\n\tGetHandleVerifier [0x0xf93763+63299]\n\tGetHandleVerifier [0x0xf937a4+63364]\n\t(No symbol) [0x0xdc1113]\n\t(No symbol) [0x0xe0987e]\n\t(No symbol) [0x0xe09c1b]\n\t(No symbol) [0x0xe52212]\n\t(No symbol) [0x0xe2e5c4]\n\t(No symbol) [0x0xe4fa4a]\n\t(No symbol) [0x0xe2e376]\n\t(No symbol) [0x0xdfd6e0]\n\t(No symbol) [0x0xdfe544]\n\tGetHandleVerifier [0x0x11ee033+2531347]\n\tGetHandleVerifier [0x0x11e9332+2511634]\n\tGetHandleVerifier [0x0xfb9eda+220858]\n\tGetHandleVerifier [0x0xfaa528+156936]\n\tGetHandleVerifier [0x0xfb0c5d+183357]\n\tGetHandleVerifier [0x0xf9b6c8+95912]\n\tGetHandleVerifier [0x0xf9b870+96336]\n\tGetHandleVerifier [0x0xf8664a+9770]\n\tBaseThreadInitThunk [0x0x75f15d49+25]\n\tRtlInitializeExceptionChain [0x0x77abd03b+107]\n\tRtlGetAppContainerNamedObjectPath [0x0x77abcfc1+561]\n\n", "trace": "  File \"C:\\Users\\windw\\PycharmProjects\\Diplom\\Diplom_3\\venv\\Lib\\site-packages\\allure_commons\\_allure.py\", line 172, in impl\n    return func(*a, **kw)\n  File \"C:\\Users\\windw\\PycharmProjects\\Diplom\\Diplom_3\\pages\\base_page.py\", line 65, in get_text\n    element = self.wait_until_visible(locator, timeout)\n  File \"C:\\Users\\windw\\PycharmProjects\\Diplom\\Diplom_3\\venv\\Lib\\site-packages\\allure_commons\\_allure.py\", line 172, in impl\n    return func(*a, **kw)\n  File \"C:\\Users\\windw\\PycharmProjects\\Diplom\\Diplom_3\\pages\\base_page.py\", line 103, in wait_until_visible\n    return self._wait_until(\n           ~~~~~~~~~~~~~~~~^\n        EC.visibility_of_element_located(locator),\n        ^^^^^^^^^^^^^^^^^^^^^^^^^^^^^^^^^^^^^^^^^^\n        timeout=timeout,\n        ^^^^^^^^^^^^^^^^\n        message=f\"Элемент {locator} не стал видимым\"\n        ^^^^^^^^^^^^^^^^^^^^^^^^^^^^^^^^^^^^^^^^^^^^\n    )\n    ^\n  File \"C:\\Users\\windw\\PycharmProjects\\Diplom\\Diplom_3\\pages\\base_page.py\", line 190, in _wait_until\n    return WebDriverWait(self.driver, wait_timeout).until(\n           ~~~~~~~~~~~~~~~~~~~~~~~~~~~~~~~~~~~~~~~~~~~~~~^\n        condition,\n        ^^^^^^^^^^\n        message=message\n        ^^^^^^^^^^^^^^^\n    )\n    ^\n  File \"C:\\Users\\windw\\PycharmProjects\\Diplom\\Diplom_3\\venv\\Lib\\site-packages\\selenium\\webdriver\\support\\wait.py\", line 101, in until\n    raise TimeoutException(message, screen, stacktrace)\n"}, "steps": [{"name": "Ожидание видимости элемента ('xpath', \"//p[contains(@class, 'text_type_digits-large')]\")", "status": "broken", "statusDetails": {"message": "selenium.common.exceptions.TimeoutException: Message: Элемент ('xpath', \"//p[contains(@class, 'text_type_digits-large')]\") не стал видимым\nStacktrace:\n\tGetHandleVerifier [0x0xf93763+63299]\n\tGetHandleVerifier [0x0xf937a4+63364]\n\t(No symbol) [0x0xdc1113]\n\t(No symbol) [0x0xe0987e]\n\t(No symbol) [0x0xe09c1b]\n\t(No symbol) [0x0xe52212]\n\t(No symbol) [0x0xe2e5c4]\n\t(No symbol) [0x0xe4fa4a]\n\t(No symbol) [0x0xe2e376]\n\t(No symbol) [0x0xdfd6e0]\n\t(No symbol) [0x0xdfe544]\n\tGetHandleVerifier [0x0x11ee033+2531347]\n\tGetHandleVerifier [0x0x11e9332+2511634]\n\tGetHandleVerifier [0x0xfb9eda+220858]\n\tGetHandleVerifier [0x0xfaa528+156936]\n\tGetHandleVerifier [0x0xfb0c5d+183357]\n\tGetHandleVerifier [0x0xf9b6c8+95912]\n\tGetHandleVerifier [0x0xf9b870+96336]\n\tGetHandleVerifier [0x0xf8664a+9770]\n\tBaseThreadInitThunk [0x0x75f15d49+25]\n\tRtlInitializeExceptionChain [0x0x77abd03b+107]\n\tRtlGetAppContainerNamedObjectPath [0x0x77abcfc1+561]\n\n", "trace": "  File \"C:\\Users\\windw\\PycharmProjects\\Diplom\\Diplom_3\\venv\\Lib\\site-packages\\allure_commons\\_allure.py\", line 172, in impl\n    return func(*a, **kw)\n  File \"C:\\Users\\windw\\PycharmProjects\\Diplom\\Diplom_3\\pages\\base_page.py\", line 103, in wait_until_visible\n    return self._wait_until(\n           ~~~~~~~~~~~~~~~~^\n        EC.visibility_of_element_located(locator),\n        ^^^^^^^^^^^^^^^^^^^^^^^^^^^^^^^^^^^^^^^^^^\n        timeout=timeout,\n        ^^^^^^^^^^^^^^^^\n        message=f\"Элемент {locator} не стал видимым\"\n        ^^^^^^^^^^^^^^^^^^^^^^^^^^^^^^^^^^^^^^^^^^^^\n    )\n    ^\n  File \"C:\\Users\\windw\\PycharmProjects\\Diplom\\Diplom_3\\pages\\base_page.py\", line 190, in _wait_until\n    return WebDriverWait(self.driver, wait_timeout).until(\n           ~~~~~~~~~~~~~~~~~~~~~~~~~~~~~~~~~~~~~~~~~~~~~~^\n        condition,\n        ^^^^^^^^^^\n        message=message\n        ^^^^^^^^^^^^^^^\n    )\n    ^\n  File \"C:\\Users\\windw\\PycharmProjects\\Diplom\\Diplom_3\\venv\\Lib\\site-packages\\selenium\\webdriver\\support\\wait.py\", line 101, in until\n    raise TimeoutException(message, screen, stacktrace)\n"}, "parameters": [{"name": "locator", "value": "('xpath', \"//p[contains(@class, 'text_type_digits-large')]\")"}, {"name": "timeout", "value": "None"}], "start": 1749424635128, "stop": 1749424646229}], "parameters": [{"name": "locator", "value": "('xpath', \"//p[contains(@class, 'text_type_digits-large')]\")"}, {"name": "timeout", "value": "None"}], "start": 1749424635128, "stop": 1749424646231}], "start": 1749424634879, "stop": 1749424646233}], "start": 1749424634878, "stop": 1749424646234}], "attachments": [{"name": "log", "source": "9595370c-cbea-4e90-84e5-8ad5d7dc5811-attachment.txt", "type": "text/plain"}], "parameters": [{"name": "driver", "value": "'chrome'"}], "start": 1749424630739, "stop": 1749424646235, "uuid": "1905bca2-b67d-432e-92fd-e289e43a0cd8", "historyId": "7b236298ec40f7cee9092dcd162e146d", "testCaseId": "3c705b881303dba040ba93566b4f8774", "fullName": "tests.test_constructor.TestConstructor#test_make_order_by_authenticated_user", "labels": [{"name": "feature", "value": "Основной функционал"}, {"name": "parentSuite", "value": "tests"}, {"name": "suite", "value": "test_constructor"}, {"name": "subSuite", "value": "TestConstructor"}, {"name": "host", "value": "Gemini_78"}, {"name": "thread", "value": "12668-MainThread"}, {"name": "framework", "value": "pytest"}, {"name": "language", "value": "cpython3"}, {"name": "package", "value": "tests.test_constructor"}]}