{"name": "Переход в ленту заказов по клику на 'Лента заказов'", "status": "broken", "statusDetails": {"message": "selenium.common.exceptions.TimeoutException: Message: Элемент ('xpath', \"//section[contains(@class, 'BurgerIngredients_ingredients')]\") не стал видимым\nStacktrace:\n\tGetHandleVerifier [0x0xf93763+63299]\n\tGetHandleVerifier [0x0xf937a4+63364]\n\t(No symbol) [0x0xdc1113]\n\t(No symbol) [0x0xe0987e]\n\t(No symbol) [0x0xe09c1b]\n\t(No symbol) [0x0xe52212]\n\t(No symbol) [0x0xe2e5c4]\n\t(No symbol) [0x0xe4fa4a]\n\t(No symbol) [0x0xe2e376]\n\t(No symbol) [0x0xdfd6e0]\n\t(No symbol) [0x0xdfe544]\n\tGetHandleVerifier [0x0x11ee033+2531347]\n\tGetHandleVerifier [0x0x11e9332+2511634]\n\tGetHandleVerifier [0x0xfb9eda+220858]\n\tGetHandleVerifier [0x0xfaa528+156936]\n\tGetHandleVerifier [0x0xfb0c5d+183357]\n\tGetHandleVerifier [0x0xf9b6c8+95912]\n\tGetHandleVerifier [0x0xf9b870+96336]\n\tGetHandleVerifier [0x0xf8664a+9770]\n\tBaseThreadInitThunk [0x0x75f15d49+25]\n\tRtlInitializeExceptionChain [0x0x77abd03b+107]\n\tRtlGetAppContainerNamedObjectPath [0x0x77abcfc1+561]", "trace": "self = <tests.test_constructor.TestConstructor object at 0x0000016838E323F0>, driver = <undetected_chromedriver.Chrome (session=\"f64be555968d92f5dee0d527b1c9bd4c\")>\n\n    @allure.title(\"Переход в ленту заказов по клику на 'Лента заказов'\")\n    def test_navigate_to_order_feed(self, driver):\n        main_page = MainPage(driver)\n    \n        with allure.step(\"1. Открыть главную страницу\"):\n>           main_page.open()\n\ntests\\test_constructor.py:34: \n_ _ _ _ _ _ _ _ _ _ _ _ _ _ _ _ _ _ _ _ _ _ _ _ _ _ _ _ _ _ _ _ _ _ _ _ _ _ _ _ _ _ _ _ _ _ _ _ _ _ _ _ _ _ _ _ _ _ _ _ _ _ _ _ _ _ _ _ _ _ _ _ _ _ _ _ _ _ _ _ _ _ _\npages\\main_page.py:25: in open\n    super().open()\npages\\base_page.py:39: in open\n    self._verify_page_loaded()\npages\\main_page.py:30: in _verify_page_loaded\n    self.wait_until_visible(self.locators.INGREDIENTS_SECTION)\npages\\base_page.py:103: in wait_until_visible\n    return self._wait_until(\npages\\base_page.py:190: in _wait_until\n    return WebDriverWait(self.driver, wait_timeout).until(\n_ _ _ _ _ _ _ _ _ _ _ _ _ _ _ _ _ _ _ _ _ _ _ _ _ _ _ _ _ _ _ _ _ _ _ _ _ _ _ _ _ _ _ _ _ _ _ _ _ _ _ _ _ _ _ _ _ _ _ _ _ _ _ _ _ _ _ _ _ _ _ _ _ _ _ _ _ _ _ _ _ _ _\n\nself = <selenium.webdriver.support.wait.WebDriverWait (session=\"f64be555968d92f5dee0d527b1c9bd4c\")>\nmethod = <function visibility_of_element_located.<locals>._predicate at 0x000001683905BF60>\nmessage = 'Элемент (\\'xpath\\', \"//section[contains(@class, \\'BurgerIngredients_ingredients\\')]\") не стал видимым'\n\n    def until(self, method: Callable[[WebDriver], Union[Literal[False], T]], message: str = \"\") -> T:\n        \"\"\"Calls the method provided with the driver as an argument until the \\\n        return value does not evaluate to ``False``.\n    \n        :param method: callable(WebDriver)\n        :param message: optional message for :exc:`TimeoutException`\n        :returns: the result of the last call to `method`\n        :raises: :exc:`selenium.common.exceptions.TimeoutException` if timeout occurs\n        \"\"\"\n        screen = None\n        stacktrace = None\n    \n        end_time = time.monotonic() + self._timeout\n        while True:\n            try:\n                value = method(self._driver)\n                if value:\n                    return value\n            except self._ignored_exceptions as exc:\n                screen = getattr(exc, \"screen\", None)\n                stacktrace = getattr(exc, \"stacktrace\", None)\n            time.sleep(self._poll)\n            if time.monotonic() > end_time:\n                break\n>       raise TimeoutException(message, screen, stacktrace)\nE       selenium.common.exceptions.TimeoutException: Message: Элемент ('xpath', \"//section[contains(@class, 'BurgerIngredients_ingredients')]\") не стал видимым\nE       Stacktrace:\nE       \tGetHandleVerifier [0x0xf93763+63299]\nE       \tGetHandleVerifier [0x0xf937a4+63364]\nE       \t(No symbol) [0x0xdc1113]\nE       \t(No symbol) [0x0xe0987e]\nE       \t(No symbol) [0x0xe09c1b]\nE       \t(No symbol) [0x0xe52212]\nE       \t(No symbol) [0x0xe2e5c4]\nE       \t(No symbol) [0x0xe4fa4a]\nE       \t(No symbol) [0x0xe2e376]\nE       \t(No symbol) [0x0xdfd6e0]\nE       \t(No symbol) [0x0xdfe544]\nE       \tGetHandleVerifier [0x0x11ee033+2531347]\nE       \tGetHandleVerifier [0x0x11e9332+2511634]\nE       \tGetHandleVerifier [0x0xfb9eda+220858]\nE       \tGetHandleVerifier [0x0xfaa528+156936]\nE       \tGetHandleVerifier [0x0xfb0c5d+183357]\nE       \tGetHandleVerifier [0x0xf9b6c8+95912]\nE       \tGetHandleVerifier [0x0xf9b870+96336]\nE       \tGetHandleVerifier [0x0xf8664a+9770]\nE       \tBaseThreadInitThunk [0x0x75f15d49+25]\nE       \tRtlInitializeExceptionChain [0x0x77abd03b+107]\nE       \tRtlGetAppContainerNamedObjectPath [0x0x77abcfc1+561]\n\nvenv\\Lib\\site-packages\\selenium\\webdriver\\support\\wait.py:101: TimeoutException"}, "steps": [{"name": "1. Открыть главную страницу", "status": "broken", "statusDetails": {"message": "selenium.common.exceptions.TimeoutException: Message: Элемент ('xpath', \"//section[contains(@class, 'BurgerIngredients_ingredients')]\") не стал видимым\nStacktrace:\n\tGetHandleVerifier [0x0xf93763+63299]\n\tGetHandleVerifier [0x0xf937a4+63364]\n\t(No symbol) [0x0xdc1113]\n\t(No symbol) [0x0xe0987e]\n\t(No symbol) [0x0xe09c1b]\n\t(No symbol) [0x0xe52212]\n\t(No symbol) [0x0xe2e5c4]\n\t(No symbol) [0x0xe4fa4a]\n\t(No symbol) [0x0xe2e376]\n\t(No symbol) [0x0xdfd6e0]\n\t(No symbol) [0x0xdfe544]\n\tGetHandleVerifier [0x0x11ee033+2531347]\n\tGetHandleVerifier [0x0x11e9332+2511634]\n\tGetHandleVerifier [0x0xfb9eda+220858]\n\tGetHandleVerifier [0x0xfaa528+156936]\n\tGetHandleVerifier [0x0xfb0c5d+183357]\n\tGetHandleVerifier [0x0xf9b6c8+95912]\n\tGetHandleVerifier [0x0xf9b870+96336]\n\tGetHandleVerifier [0x0xf8664a+9770]\n\tBaseThreadInitThunk [0x0x75f15d49+25]\n\tRtlInitializeExceptionChain [0x0x77abd03b+107]\n\tRtlGetAppContainerNamedObjectPath [0x0x77abcfc1+561]\n\n", "trace": "  File \"C:\\Users\\windw\\PycharmProjects\\Diplom\\Diplom_3\\tests\\test_constructor.py\", line 34, in test_navigate_to_order_feed\n    main_page.open()\n    ~~~~~~~~~~~~~~^^\n  File \"C:\\Users\\windw\\PycharmProjects\\Diplom\\Diplom_3\\venv\\Lib\\site-packages\\allure_commons\\_allure.py\", line 172, in impl\n    return func(*a, **kw)\n  File \"C:\\Users\\windw\\PycharmProjects\\Diplom\\Diplom_3\\pages\\main_page.py\", line 25, in open\n    super().open()\n    ~~~~~~~~~~~~^^\n  File \"C:\\Users\\windw\\PycharmProjects\\Diplom\\Diplom_3\\pages\\base_page.py\", line 39, in open\n    self._verify_page_loaded()\n    ~~~~~~~~~~~~~~~~~~~~~~~~^^\n  File \"C:\\Users\\windw\\PycharmProjects\\Diplom\\Diplom_3\\pages\\main_page.py\", line 30, in _verify_page_loaded\n    self.wait_until_visible(self.locators.INGREDIENTS_SECTION)\n    ~~~~~~~~~~~~~~~~~~~~~~~^^^^^^^^^^^^^^^^^^^^^^^^^^^^^^^^^^^\n  File \"C:\\Users\\windw\\PycharmProjects\\Diplom\\Diplom_3\\venv\\Lib\\site-packages\\allure_commons\\_allure.py\", line 172, in impl\n    return func(*a, **kw)\n  File \"C:\\Users\\windw\\PycharmProjects\\Diplom\\Diplom_3\\pages\\base_page.py\", line 103, in wait_until_visible\n    return self._wait_until(\n           ~~~~~~~~~~~~~~~~^\n        EC.visibility_of_element_located(locator),\n        ^^^^^^^^^^^^^^^^^^^^^^^^^^^^^^^^^^^^^^^^^^\n        timeout=timeout,\n        ^^^^^^^^^^^^^^^^\n        message=f\"Элемент {locator} не стал видимым\"\n        ^^^^^^^^^^^^^^^^^^^^^^^^^^^^^^^^^^^^^^^^^^^^\n    )\n    ^\n  File \"C:\\Users\\windw\\PycharmProjects\\Diplom\\Diplom_3\\pages\\base_page.py\", line 190, in _wait_until\n    return WebDriverWait(self.driver, wait_timeout).until(\n           ~~~~~~~~~~~~~~~~~~~~~~~~~~~~~~~~~~~~~~~~~~~~~~^\n        condition,\n        ^^^^^^^^^^\n        message=message\n        ^^^^^^^^^^^^^^^\n    )\n    ^\n  File \"C:\\Users\\windw\\PycharmProjects\\Diplom\\Diplom_3\\venv\\Lib\\site-packages\\selenium\\webdriver\\support\\wait.py\", line 101, in until\n    raise TimeoutException(message, screen, stacktrace)\n"}, "steps": [{"name": "Открыть главную страницу", "status": "broken", "statusDetails": {"message": "selenium.common.exceptions.TimeoutException: Message: Элемент ('xpath', \"//section[contains(@class, 'BurgerIngredients_ingredients')]\") не стал видимым\nStacktrace:\n\tGetHandleVerifier [0x0xf93763+63299]\n\tGetHandleVerifier [0x0xf937a4+63364]\n\t(No symbol) [0x0xdc1113]\n\t(No symbol) [0x0xe0987e]\n\t(No symbol) [0x0xe09c1b]\n\t(No symbol) [0x0xe52212]\n\t(No symbol) [0x0xe2e5c4]\n\t(No symbol) [0x0xe4fa4a]\n\t(No symbol) [0x0xe2e376]\n\t(No symbol) [0x0xdfd6e0]\n\t(No symbol) [0x0xdfe544]\n\tGetHandleVerifier [0x0x11ee033+2531347]\n\tGetHandleVerifier [0x0x11e9332+2511634]\n\tGetHandleVerifier [0x0xfb9eda+220858]\n\tGetHandleVerifier [0x0xfaa528+156936]\n\tGetHandleVerifier [0x0xfb0c5d+183357]\n\tGetHandleVerifier [0x0xf9b6c8+95912]\n\tGetHandleVerifier [0x0xf9b870+96336]\n\tGetHandleVerifier [0x0xf8664a+9770]\n\tBaseThreadInitThunk [0x0x75f15d49+25]\n\tRtlInitializeExceptionChain [0x0x77abd03b+107]\n\tRtlGetAppContainerNamedObjectPath [0x0x77abcfc1+561]\n\n", "trace": "  File \"C:\\Users\\windw\\PycharmProjects\\Diplom\\Diplom_3\\venv\\Lib\\site-packages\\allure_commons\\_allure.py\", line 172, in impl\n    return func(*a, **kw)\n  File \"C:\\Users\\windw\\PycharmProjects\\Diplom\\Diplom_3\\pages\\main_page.py\", line 25, in open\n    super().open()\n    ~~~~~~~~~~~~^^\n  File \"C:\\Users\\windw\\PycharmProjects\\Diplom\\Diplom_3\\pages\\base_page.py\", line 39, in open\n    self._verify_page_loaded()\n    ~~~~~~~~~~~~~~~~~~~~~~~~^^\n  File \"C:\\Users\\windw\\PycharmProjects\\Diplom\\Diplom_3\\pages\\main_page.py\", line 30, in _verify_page_loaded\n    self.wait_until_visible(self.locators.INGREDIENTS_SECTION)\n    ~~~~~~~~~~~~~~~~~~~~~~~^^^^^^^^^^^^^^^^^^^^^^^^^^^^^^^^^^^\n  File \"C:\\Users\\windw\\PycharmProjects\\Diplom\\Diplom_3\\venv\\Lib\\site-packages\\allure_commons\\_allure.py\", line 172, in impl\n    return func(*a, **kw)\n  File \"C:\\Users\\windw\\PycharmProjects\\Diplom\\Diplom_3\\pages\\base_page.py\", line 103, in wait_until_visible\n    return self._wait_until(\n           ~~~~~~~~~~~~~~~~^\n        EC.visibility_of_element_located(locator),\n        ^^^^^^^^^^^^^^^^^^^^^^^^^^^^^^^^^^^^^^^^^^\n        timeout=timeout,\n        ^^^^^^^^^^^^^^^^\n        message=f\"Элемент {locator} не стал видимым\"\n        ^^^^^^^^^^^^^^^^^^^^^^^^^^^^^^^^^^^^^^^^^^^^\n    )\n    ^\n  File \"C:\\Users\\windw\\PycharmProjects\\Diplom\\Diplom_3\\pages\\base_page.py\", line 190, in _wait_until\n    return WebDriverWait(self.driver, wait_timeout).until(\n           ~~~~~~~~~~~~~~~~~~~~~~~~~~~~~~~~~~~~~~~~~~~~~~^\n        condition,\n        ^^^^^^^^^^\n        message=message\n        ^^^^^^^^^^^^^^^\n    )\n    ^\n  File \"C:\\Users\\windw\\PycharmProjects\\Diplom\\Diplom_3\\venv\\Lib\\site-packages\\selenium\\webdriver\\support\\wait.py\", line 101, in until\n    raise TimeoutException(message, screen, stacktrace)\n"}, "steps": [{"name": "Ожидание видимости элемента ('xpath', \"//section[contains(@class, 'BurgerIngredients_ingredients')]\")", "status": "broken", "statusDetails": {"message": "selenium.common.exceptions.TimeoutException: Message: Элемент ('xpath', \"//section[contains(@class, 'BurgerIngredients_ingredients')]\") не стал видимым\nStacktrace:\n\tGetHandleVerifier [0x0xf93763+63299]\n\tGetHandleVerifier [0x0xf937a4+63364]\n\t(No symbol) [0x0xdc1113]\n\t(No symbol) [0x0xe0987e]\n\t(No symbol) [0x0xe09c1b]\n\t(No symbol) [0x0xe52212]\n\t(No symbol) [0x0xe2e5c4]\n\t(No symbol) [0x0xe4fa4a]\n\t(No symbol) [0x0xe2e376]\n\t(No symbol) [0x0xdfd6e0]\n\t(No symbol) [0x0xdfe544]\n\tGetHandleVerifier [0x0x11ee033+2531347]\n\tGetHandleVerifier [0x0x11e9332+2511634]\n\tGetHandleVerifier [0x0xfb9eda+220858]\n\tGetHandleVerifier [0x0xfaa528+156936]\n\tGetHandleVerifier [0x0xfb0c5d+183357]\n\tGetHandleVerifier [0x0xf9b6c8+95912]\n\tGetHandleVerifier [0x0xf9b870+96336]\n\tGetHandleVerifier [0x0xf8664a+9770]\n\tBaseThreadInitThunk [0x0x75f15d49+25]\n\tRtlInitializeExceptionChain [0x0x77abd03b+107]\n\tRtlGetAppContainerNamedObjectPath [0x0x77abcfc1+561]\n\n", "trace": "  File \"C:\\Users\\windw\\PycharmProjects\\Diplom\\Diplom_3\\venv\\Lib\\site-packages\\allure_commons\\_allure.py\", line 172, in impl\n    return func(*a, **kw)\n  File \"C:\\Users\\windw\\PycharmProjects\\Diplom\\Diplom_3\\pages\\base_page.py\", line 103, in wait_until_visible\n    return self._wait_until(\n           ~~~~~~~~~~~~~~~~^\n        EC.visibility_of_element_located(locator),\n        ^^^^^^^^^^^^^^^^^^^^^^^^^^^^^^^^^^^^^^^^^^\n        timeout=timeout,\n        ^^^^^^^^^^^^^^^^\n        message=f\"Элемент {locator} не стал видимым\"\n        ^^^^^^^^^^^^^^^^^^^^^^^^^^^^^^^^^^^^^^^^^^^^\n    )\n    ^\n  File \"C:\\Users\\windw\\PycharmProjects\\Diplom\\Diplom_3\\pages\\base_page.py\", line 190, in _wait_until\n    return WebDriverWait(self.driver, wait_timeout).until(\n           ~~~~~~~~~~~~~~~~~~~~~~~~~~~~~~~~~~~~~~~~~~~~~~^\n        condition,\n        ^^^^^^^^^^\n        message=message\n        ^^^^^^^^^^^^^^^\n    )\n    ^\n  File \"C:\\Users\\windw\\PycharmProjects\\Diplom\\Diplom_3\\venv\\Lib\\site-packages\\selenium\\webdriver\\support\\wait.py\", line 101, in until\n    raise TimeoutException(message, screen, stacktrace)\n"}, "parameters": [{"name": "locator", "value": "('xpath', \"//section[contains(@class, 'BurgerIngredients_ingredients')]\")"}, {"name": "timeout", "value": "None"}], "start": 1749424478365, "stop": 1749424489461}], "start": 1749424477217, "stop": 1749424489474}], "start": 1749424477217, "stop": 1749424489476}], "attachments": [{"name": "log", "source": "1d7379f2-55f2-4950-8928-ddd7d532acbb-attachment.txt", "type": "text/plain"}], "parameters": [{"name": "driver", "value": "'chrome'"}], "start": 1749424477216, "stop": 1749424489478, "uuid": "15eee19a-7ff1-4ec7-b9cc-3ad30490a011", "historyId": "fdde97dba94f2139d811e0c69d5fac19", "testCaseId": "71ec44788fc70aac8b50dc37521282bc", "fullName": "tests.test_constructor.TestConstructor#test_navigate_to_order_feed", "labels": [{"name": "feature", "value": "Основной функционал"}, {"name": "parentSuite", "value": "tests"}, {"name": "suite", "value": "test_constructor"}, {"name": "subSuite", "value": "TestConstructor"}, {"name": "host", "value": "Gemini_78"}, {"name": "thread", "value": "12668-MainThread"}, {"name": "framework", "value": "pytest"}, {"name": "language", "value": "cpython3"}, {"name": "package", "value": "tests.test_constructor"}]}