{"name": "5. Проверка отображения заказа в разделе 'В работе'", "status": "broken", "statusDetails": {"message": "selenium.common.exceptions.TimeoutException: Message: \nStacktrace:\nRemoteError@chrome://remote/content/shared/RemoteError.sys.mjs:8:8\nWebDriverError@chrome://remote/content/shared/webdriver/Errors.sys.mjs:199:5\nNoSuchElementError@chrome://remote/content/shared/webdriver/Errors.sys.mjs:552:5\ndom.find/</<@chrome://remote/content/shared/DOM.sys.mjs:136:16", "trace": "self = <tests.test_order_feed.TestOrderFeed object at 0x000001DE7E14EC60>\ndriver = <selenium.webdriver.firefox.webdriver.WebDriver (session=\"a4d1d3ff-ebd4-4529-8a70-85be8c7e945d\")>, login = {'email': 'test7710@test.com', 'token': None}\n\n    @allure.title(\"5. Проверка отображения заказа в разделе 'В работе'\")\n    def test_order_in_progress(self, driver, login):\n        main_page = MainPage(driver)\n        order_feed_page = OrderFeedPage(driver)\n        with allure.step(\"1. Создать и оформить заказ\"):\n            main_page.open()\n            bun = WebDriverWait(driver, 15).until(\n                EC.presence_of_element_located(MainPageLocators.BUN_ITEM)\n            )\n            constructor = WebDriverWait(driver, 15).until(\n                EC.presence_of_element_located(MainPageLocators.CONSTRUCTOR_DROP_ZONE)\n            )\n            drag_and_drop(driver, bun, constructor)\n>           WebDriverWait(driver, 15).until(\n                EC.element_to_be_clickable(MainPageLocators.MAKE_ORDER_BUTTON)\n            ).click()\n\ntests\\test_order_feed.py:180: \n_ _ _ _ _ _ _ _ _ _ _ _ _ _ _ _ _ _ _ _ _ _ _ _ _ _ _ _ _ _ _ _ _ _ _ _ _ _ _ _ _ _ _ _ _ _ _ _ _ _ _ _ _ _ _ _ _ _ _ _ _ _ _ _ _ _ _ _ _ _ _ _ _ _ _ _ _ _ _ _ _ _ _\n\nself = <selenium.webdriver.support.wait.WebDriverWait (session=\"a4d1d3ff-ebd4-4529-8a70-85be8c7e945d\")>\nmethod = <function element_to_be_clickable.<locals>._predicate at 0x000001DE00013EC0>, message = ''\n\n    def until(self, method: Callable[[WebDriver], Union[Literal[False], T]], message: str = \"\") -> T:\n        \"\"\"Calls the method provided with the driver as an argument until the \\\n        return value does not evaluate to ``False``.\n    \n        :param method: callable(WebDriver)\n        :param message: optional message for :exc:`TimeoutException`\n        :returns: the result of the last call to `method`\n        :raises: :exc:`selenium.common.exceptions.TimeoutException` if timeout occurs\n        \"\"\"\n        screen = None\n        stacktrace = None\n    \n        end_time = time.monotonic() + self._timeout\n        while True:\n            try:\n                value = method(self._driver)\n                if value:\n                    return value\n            except self._ignored_exceptions as exc:\n                screen = getattr(exc, \"screen\", None)\n                stacktrace = getattr(exc, \"stacktrace\", None)\n            time.sleep(self._poll)\n            if time.monotonic() > end_time:\n                break\n>       raise TimeoutException(message, screen, stacktrace)\nE       selenium.common.exceptions.TimeoutException: Message: \nE       Stacktrace:\nE       RemoteError@chrome://remote/content/shared/RemoteError.sys.mjs:8:8\nE       WebDriverError@chrome://remote/content/shared/webdriver/Errors.sys.mjs:199:5\nE       NoSuchElementError@chrome://remote/content/shared/webdriver/Errors.sys.mjs:552:5\nE       dom.find/</<@chrome://remote/content/shared/DOM.sys.mjs:136:16\n\nvenv\\Lib\\site-packages\\selenium\\webdriver\\support\\wait.py:101: TimeoutException"}, "steps": [{"name": "1. Создать и оформить заказ", "status": "broken", "statusDetails": {"message": "selenium.common.exceptions.TimeoutException: Message: \nStacktrace:\nRemoteError@chrome://remote/content/shared/RemoteError.sys.mjs:8:8\nWebDriverError@chrome://remote/content/shared/webdriver/Errors.sys.mjs:199:5\nNoSuchElementError@chrome://remote/content/shared/webdriver/Errors.sys.mjs:552:5\ndom.find/</<@chrome://remote/content/shared/DOM.sys.mjs:136:16\n\n", "trace": "  File \"C:\\Users\\windw\\PycharmProjects\\Diplom\\Diplom_3\\tests\\test_order_feed.py\", line 180, in test_order_in_progress\n    WebDriverWait(driver, 15).until(\n    ~~~~~~~~~~~~~~~~~~~~~~~~~~~~~~~^\n        EC.element_to_be_clickable(MainPageLocators.MAKE_ORDER_BUTTON)\n        ^^^^^^^^^^^^^^^^^^^^^^^^^^^^^^^^^^^^^^^^^^^^^^^^^^^^^^^^^^^^^^\n    ).click()\n    ^\n  File \"C:\\Users\\windw\\PycharmProjects\\Diplom\\Diplom_3\\venv\\Lib\\site-packages\\selenium\\webdriver\\support\\wait.py\", line 101, in until\n    raise TimeoutException(message, screen, stacktrace)\n"}, "start": 1748199976359, "stop": 1748199998035}], "parameters": [{"name": "driver", "value": "'firefox'"}], "start": 1748199976359, "stop": 1748199998037, "uuid": "8800c427-f7e4-4442-a06d-43839c6ecb89", "historyId": "93efd8b1e4eeabdc8d68752a29525269", "testCaseId": "db22de7e6445bc8b783ef3182ac18fe0", "fullName": "tests.test_order_feed.TestOrderFeed#test_order_in_progress", "labels": [{"name": "feature", "value": "Лента заказов"}, {"name": "parentSuite", "value": "tests"}, {"name": "suite", "value": "test_order_feed"}, {"name": "subSuite", "value": "TestOrderFeed"}, {"name": "host", "value": "Gemini_78"}, {"name": "thread", "value": "19464-MainThread"}, {"name": "framework", "value": "pytest"}, {"name": "language", "value": "cpython3"}, {"name": "package", "value": "tests.test_order_feed"}]}