{"name": "Проверка увеличения счетчика 'Выполнено за сегодня'", "status": "broken", "statusDetails": {"message": "selenium.common.exceptions.TimeoutException: Message: Элемент ('xpath', \"//p[text()='Выполнено за сегодня']/following-sibling::p\") не стал видимым\nStacktrace:\n\tGetHandleVerifier [0x0xf93763+63299]\n\tGetHandleVerifier [0x0xf937a4+63364]\n\t(No symbol) [0x0xdc1113]\n\t(No symbol) [0x0xe0987e]\n\t(No symbol) [0x0xe09c1b]\n\t(No symbol) [0x0xe52212]\n\t(No symbol) [0x0xe2e5c4]\n\t(No symbol) [0x0xe4fa4a]\n\t(No symbol) [0x0xe2e376]\n\t(No symbol) [0x0xdfd6e0]\n\t(No symbol) [0x0xdfe544]\n\tGetHandleVerifier [0x0x11ee033+2531347]\n\tGetHandleVerifier [0x0x11e9332+2511634]\n\tGetHandleVerifier [0x0xfb9eda+220858]\n\tGetHandleVerifier [0x0xfaa528+156936]\n\tGetHandleVerifier [0x0xfb0c5d+183357]\n\tGetHandleVerifier [0x0xf9b6c8+95912]\n\tGetHandleVerifier [0x0xf9b870+96336]\n\tGetHandleVerifier [0x0xf8664a+9770]\n\tBaseThreadInitThunk [0x0x75f15d49+25]\n\tRtlInitializeExceptionChain [0x0x77abd03b+107]\n\tRtlGetAppContainerNamedObjectPath [0x0x77abcfc1+561]", "trace": "self = <tests.test_order_feed.TestOrderFeed object at 0x0000016838EA6030>, driver = <undetected_chromedriver.Chrome (session=\"bf3576fc7ef280158bab988f4ed4d96b\")>\nauthenticated_user = {'email': 'test_a85b8712@example.com', 'name': 'User_681a', 'password': 'P@ssw0rd_c1b8'}\nmain_page = <pages.main_page.MainPage object at 0x000001683A41EE50>, order_feed_page = <pages.order_feed_page.OrderFeedPage object at 0x00000168390CEBE0>\n\n    @allure.title(\"Проверка увеличения счетчика 'Выполнено за сегодня'\")\n    def test_today_orders_counter_increase(self, driver, authenticated_user, main_page, order_feed_page):\n        with allure.step(\"Получить начальное значение счетчика\"):\n            main_page.navigate_to_order_feed()\n>           initial_today = order_feed_page.get_today_orders_count()\n\ntests\\test_order_feed.py:72: \n_ _ _ _ _ _ _ _ _ _ _ _ _ _ _ _ _ _ _ _ _ _ _ _ _ _ _ _ _ _ _ _ _ _ _ _ _ _ _ _ _ _ _ _ _ _ _ _ _ _ _ _ _ _ _ _ _ _ _ _ _ _ _ _ _ _ _ _ _ _ _ _ _ _ _ _ _ _ _ _ _ _ _\npages\\order_feed_page.py:62: in get_today_orders_count\n    count_text = self.get_text(self.locators.TODAY_ORDERS_COUNT)\npages\\base_page.py:65: in get_text\n    element = self.wait_until_visible(locator, timeout)\npages\\base_page.py:103: in wait_until_visible\n    return self._wait_until(\npages\\base_page.py:190: in _wait_until\n    return WebDriverWait(self.driver, wait_timeout).until(\n_ _ _ _ _ _ _ _ _ _ _ _ _ _ _ _ _ _ _ _ _ _ _ _ _ _ _ _ _ _ _ _ _ _ _ _ _ _ _ _ _ _ _ _ _ _ _ _ _ _ _ _ _ _ _ _ _ _ _ _ _ _ _ _ _ _ _ _ _ _ _ _ _ _ _ _ _ _ _ _ _ _ _\n\nself = <selenium.webdriver.support.wait.WebDriverWait (session=\"bf3576fc7ef280158bab988f4ed4d96b\")>\nmethod = <function visibility_of_element_located.<locals>._predicate at 0x000001683907EA20>\nmessage = 'Элемент (\\'xpath\\', \"//p[text()=\\'Выполнено за сегодня\\']/following-sibling::p\") не стал видимым'\n\n    def until(self, method: Callable[[WebDriver], Union[Literal[False], T]], message: str = \"\") -> T:\n        \"\"\"Calls the method provided with the driver as an argument until the \\\n        return value does not evaluate to ``False``.\n    \n        :param method: callable(WebDriver)\n        :param message: optional message for :exc:`TimeoutException`\n        :returns: the result of the last call to `method`\n        :raises: :exc:`selenium.common.exceptions.TimeoutException` if timeout occurs\n        \"\"\"\n        screen = None\n        stacktrace = None\n    \n        end_time = time.monotonic() + self._timeout\n        while True:\n            try:\n                value = method(self._driver)\n                if value:\n                    return value\n            except self._ignored_exceptions as exc:\n                screen = getattr(exc, \"screen\", None)\n                stacktrace = getattr(exc, \"stacktrace\", None)\n            time.sleep(self._poll)\n            if time.monotonic() > end_time:\n                break\n>       raise TimeoutException(message, screen, stacktrace)\nE       selenium.common.exceptions.TimeoutException: Message: Элемент ('xpath', \"//p[text()='Выполнено за сегодня']/following-sibling::p\") не стал видимым\nE       Stacktrace:\nE       \tGetHandleVerifier [0x0xf93763+63299]\nE       \tGetHandleVerifier [0x0xf937a4+63364]\nE       \t(No symbol) [0x0xdc1113]\nE       \t(No symbol) [0x0xe0987e]\nE       \t(No symbol) [0x0xe09c1b]\nE       \t(No symbol) [0x0xe52212]\nE       \t(No symbol) [0x0xe2e5c4]\nE       \t(No symbol) [0x0xe4fa4a]\nE       \t(No symbol) [0x0xe2e376]\nE       \t(No symbol) [0x0xdfd6e0]\nE       \t(No symbol) [0x0xdfe544]\nE       \tGetHandleVerifier [0x0x11ee033+2531347]\nE       \tGetHandleVerifier [0x0x11e9332+2511634]\nE       \tGetHandleVerifier [0x0xfb9eda+220858]\nE       \tGetHandleVerifier [0x0xfaa528+156936]\nE       \tGetHandleVerifier [0x0xfb0c5d+183357]\nE       \tGetHandleVerifier [0x0xf9b6c8+95912]\nE       \tGetHandleVerifier [0x0xf9b870+96336]\nE       \tGetHandleVerifier [0x0xf8664a+9770]\nE       \tBaseThreadInitThunk [0x0x75f15d49+25]\nE       \tRtlInitializeExceptionChain [0x0x77abd03b+107]\nE       \tRtlGetAppContainerNamedObjectPath [0x0x77abcfc1+561]\n\nvenv\\Lib\\site-packages\\selenium\\webdriver\\support\\wait.py:101: TimeoutException"}, "steps": [{"name": "Получить начальное значение счетчика", "status": "broken", "statusDetails": {"message": "selenium.common.exceptions.TimeoutException: Message: Элемент ('xpath', \"//p[text()='Выполнено за сегодня']/following-sibling::p\") не стал видимым\nStacktrace:\n\tGetHandleVerifier [0x0xf93763+63299]\n\tGetHandleVerifier [0x0xf937a4+63364]\n\t(No symbol) [0x0xdc1113]\n\t(No symbol) [0x0xe0987e]\n\t(No symbol) [0x0xe09c1b]\n\t(No symbol) [0x0xe52212]\n\t(No symbol) [0x0xe2e5c4]\n\t(No symbol) [0x0xe4fa4a]\n\t(No symbol) [0x0xe2e376]\n\t(No symbol) [0x0xdfd6e0]\n\t(No symbol) [0x0xdfe544]\n\tGetHandleVerifier [0x0x11ee033+2531347]\n\tGetHandleVerifier [0x0x11e9332+2511634]\n\tGetHandleVerifier [0x0xfb9eda+220858]\n\tGetHandleVerifier [0x0xfaa528+156936]\n\tGetHandleVerifier [0x0xfb0c5d+183357]\n\tGetHandleVerifier [0x0xf9b6c8+95912]\n\tGetHandleVerifier [0x0xf9b870+96336]\n\tGetHandleVerifier [0x0xf8664a+9770]\n\tBaseThreadInitThunk [0x0x75f15d49+25]\n\tRtlInitializeExceptionChain [0x0x77abd03b+107]\n\tRtlGetAppContainerNamedObjectPath [0x0x77abcfc1+561]\n\n", "trace": "  File \"C:\\Users\\windw\\PycharmProjects\\Diplom\\Diplom_3\\tests\\test_order_feed.py\", line 72, in test_today_orders_counter_increase\n    initial_today = order_feed_page.get_today_orders_count()\n  File \"C:\\Users\\windw\\PycharmProjects\\Diplom\\Diplom_3\\venv\\Lib\\site-packages\\allure_commons\\_allure.py\", line 172, in impl\n    return func(*a, **kw)\n  File \"C:\\Users\\windw\\PycharmProjects\\Diplom\\Diplom_3\\pages\\order_feed_page.py\", line 62, in get_today_orders_count\n    count_text = self.get_text(self.locators.TODAY_ORDERS_COUNT)\n  File \"C:\\Users\\windw\\PycharmProjects\\Diplom\\Diplom_3\\venv\\Lib\\site-packages\\allure_commons\\_allure.py\", line 172, in impl\n    return func(*a, **kw)\n  File \"C:\\Users\\windw\\PycharmProjects\\Diplom\\Diplom_3\\pages\\base_page.py\", line 65, in get_text\n    element = self.wait_until_visible(locator, timeout)\n  File \"C:\\Users\\windw\\PycharmProjects\\Diplom\\Diplom_3\\venv\\Lib\\site-packages\\allure_commons\\_allure.py\", line 172, in impl\n    return func(*a, **kw)\n  File \"C:\\Users\\windw\\PycharmProjects\\Diplom\\Diplom_3\\pages\\base_page.py\", line 103, in wait_until_visible\n    return self._wait_until(\n           ~~~~~~~~~~~~~~~~^\n        EC.visibility_of_element_located(locator),\n        ^^^^^^^^^^^^^^^^^^^^^^^^^^^^^^^^^^^^^^^^^^\n        timeout=timeout,\n        ^^^^^^^^^^^^^^^^\n        message=f\"Элемент {locator} не стал видимым\"\n        ^^^^^^^^^^^^^^^^^^^^^^^^^^^^^^^^^^^^^^^^^^^^\n    )\n    ^\n  File \"C:\\Users\\windw\\PycharmProjects\\Diplom\\Diplom_3\\pages\\base_page.py\", line 190, in _wait_until\n    return WebDriverWait(self.driver, wait_timeout).until(\n           ~~~~~~~~~~~~~~~~~~~~~~~~~~~~~~~~~~~~~~~~~~~~~~^\n        condition,\n        ^^^^^^^^^^\n        message=message\n        ^^^^^^^^^^^^^^^\n    )\n    ^\n  File \"C:\\Users\\windw\\PycharmProjects\\Diplom\\Diplom_3\\venv\\Lib\\site-packages\\selenium\\webdriver\\support\\wait.py\", line 101, in until\n    raise TimeoutException(message, screen, stacktrace)\n"}, "steps": [{"name": "Перейти в ленту заказов", "status": "passed", "steps": [{"name": "Клик по элементу ('xpath', \"//a[@href='/feed']\")", "status": "passed", "steps": [{"name": "Ожидание кликабельности элемента ('xpath', \"//a[@href='/feed']\")", "status": "passed", "parameters": [{"name": "locator", "value": "('xpath', \"//a[@href='/feed']\")"}, {"name": "timeout", "value": "None"}], "start": 1749424811195, "stop": 1749424811234}], "parameters": [{"name": "locator", "value": "('xpath', \"//a[@href='/feed']\")"}, {"name": "timeout", "value": "None"}], "start": 1749424811195, "stop": 1749424811472}, {"name": "Ожидание URL содержащего ''feed''", "status": "passed", "parameters": [{"name": "expected_part", "value": "'feed'"}, {"name": "timeout", "value": "None"}], "start": 1749424811474, "stop": 1749424811484}], "start": 1749424811195, "stop": 1749424811484}, {"name": "Получить количество заказов за сегодня", "status": "broken", "statusDetails": {"message": "selenium.common.exceptions.TimeoutException: Message: Элемент ('xpath', \"//p[text()='Выполнено за сегодня']/following-sibling::p\") не стал видимым\nStacktrace:\n\tGetHandleVerifier [0x0xf93763+63299]\n\tGetHandleVerifier [0x0xf937a4+63364]\n\t(No symbol) [0x0xdc1113]\n\t(No symbol) [0x0xe0987e]\n\t(No symbol) [0x0xe09c1b]\n\t(No symbol) [0x0xe52212]\n\t(No symbol) [0x0xe2e5c4]\n\t(No symbol) [0x0xe4fa4a]\n\t(No symbol) [0x0xe2e376]\n\t(No symbol) [0x0xdfd6e0]\n\t(No symbol) [0x0xdfe544]\n\tGetHandleVerifier [0x0x11ee033+2531347]\n\tGetHandleVerifier [0x0x11e9332+2511634]\n\tGetHandleVerifier [0x0xfb9eda+220858]\n\tGetHandleVerifier [0x0xfaa528+156936]\n\tGetHandleVerifier [0x0xfb0c5d+183357]\n\tGetHandleVerifier [0x0xf9b6c8+95912]\n\tGetHandleVerifier [0x0xf9b870+96336]\n\tGetHandleVerifier [0x0xf8664a+9770]\n\tBaseThreadInitThunk [0x0x75f15d49+25]\n\tRtlInitializeExceptionChain [0x0x77abd03b+107]\n\tRtlGetAppContainerNamedObjectPath [0x0x77abcfc1+561]\n\n", "trace": "  File \"C:\\Users\\windw\\PycharmProjects\\Diplom\\Diplom_3\\venv\\Lib\\site-packages\\allure_commons\\_allure.py\", line 172, in impl\n    return func(*a, **kw)\n  File \"C:\\Users\\windw\\PycharmProjects\\Diplom\\Diplom_3\\pages\\order_feed_page.py\", line 62, in get_today_orders_count\n    count_text = self.get_text(self.locators.TODAY_ORDERS_COUNT)\n  File \"C:\\Users\\windw\\PycharmProjects\\Diplom\\Diplom_3\\venv\\Lib\\site-packages\\allure_commons\\_allure.py\", line 172, in impl\n    return func(*a, **kw)\n  File \"C:\\Users\\windw\\PycharmProjects\\Diplom\\Diplom_3\\pages\\base_page.py\", line 65, in get_text\n    element = self.wait_until_visible(locator, timeout)\n  File \"C:\\Users\\windw\\PycharmProjects\\Diplom\\Diplom_3\\venv\\Lib\\site-packages\\allure_commons\\_allure.py\", line 172, in impl\n    return func(*a, **kw)\n  File \"C:\\Users\\windw\\PycharmProjects\\Diplom\\Diplom_3\\pages\\base_page.py\", line 103, in wait_until_visible\n    return self._wait_until(\n           ~~~~~~~~~~~~~~~~^\n        EC.visibility_of_element_located(locator),\n        ^^^^^^^^^^^^^^^^^^^^^^^^^^^^^^^^^^^^^^^^^^\n        timeout=timeout,\n        ^^^^^^^^^^^^^^^^\n        message=f\"Элемент {locator} не стал видимым\"\n        ^^^^^^^^^^^^^^^^^^^^^^^^^^^^^^^^^^^^^^^^^^^^\n    )\n    ^\n  File \"C:\\Users\\windw\\PycharmProjects\\Diplom\\Diplom_3\\pages\\base_page.py\", line 190, in _wait_until\n    return WebDriverWait(self.driver, wait_timeout).until(\n           ~~~~~~~~~~~~~~~~~~~~~~~~~~~~~~~~~~~~~~~~~~~~~~^\n        condition,\n        ^^^^^^^^^^\n        message=message\n        ^^^^^^^^^^^^^^^\n    )\n    ^\n  File \"C:\\Users\\windw\\PycharmProjects\\Diplom\\Diplom_3\\venv\\Lib\\site-packages\\selenium\\webdriver\\support\\wait.py\", line 101, in until\n    raise TimeoutException(message, screen, stacktrace)\n"}, "steps": [{"name": "Получение текста элемента ('xpath', \"//p[text()='Выполнено за сегодня']/following-sibling::p\")", "status": "broken", "statusDetails": {"message": "selenium.common.exceptions.TimeoutException: Message: Элемент ('xpath', \"//p[text()='Выполнено за сегодня']/following-sibling::p\") не стал видимым\nStacktrace:\n\tGetHandleVerifier [0x0xf93763+63299]\n\tGetHandleVerifier [0x0xf937a4+63364]\n\t(No symbol) [0x0xdc1113]\n\t(No symbol) [0x0xe0987e]\n\t(No symbol) [0x0xe09c1b]\n\t(No symbol) [0x0xe52212]\n\t(No symbol) [0x0xe2e5c4]\n\t(No symbol) [0x0xe4fa4a]\n\t(No symbol) [0x0xe2e376]\n\t(No symbol) [0x0xdfd6e0]\n\t(No symbol) [0x0xdfe544]\n\tGetHandleVerifier [0x0x11ee033+2531347]\n\tGetHandleVerifier [0x0x11e9332+2511634]\n\tGetHandleVerifier [0x0xfb9eda+220858]\n\tGetHandleVerifier [0x0xfaa528+156936]\n\tGetHandleVerifier [0x0xfb0c5d+183357]\n\tGetHandleVerifier [0x0xf9b6c8+95912]\n\tGetHandleVerifier [0x0xf9b870+96336]\n\tGetHandleVerifier [0x0xf8664a+9770]\n\tBaseThreadInitThunk [0x0x75f15d49+25]\n\tRtlInitializeExceptionChain [0x0x77abd03b+107]\n\tRtlGetAppContainerNamedObjectPath [0x0x77abcfc1+561]\n\n", "trace": "  File \"C:\\Users\\windw\\PycharmProjects\\Diplom\\Diplom_3\\venv\\Lib\\site-packages\\allure_commons\\_allure.py\", line 172, in impl\n    return func(*a, **kw)\n  File \"C:\\Users\\windw\\PycharmProjects\\Diplom\\Diplom_3\\pages\\base_page.py\", line 65, in get_text\n    element = self.wait_until_visible(locator, timeout)\n  File \"C:\\Users\\windw\\PycharmProjects\\Diplom\\Diplom_3\\venv\\Lib\\site-packages\\allure_commons\\_allure.py\", line 172, in impl\n    return func(*a, **kw)\n  File \"C:\\Users\\windw\\PycharmProjects\\Diplom\\Diplom_3\\pages\\base_page.py\", line 103, in wait_until_visible\n    return self._wait_until(\n           ~~~~~~~~~~~~~~~~^\n        EC.visibility_of_element_located(locator),\n        ^^^^^^^^^^^^^^^^^^^^^^^^^^^^^^^^^^^^^^^^^^\n        timeout=timeout,\n        ^^^^^^^^^^^^^^^^\n        message=f\"Элемент {locator} не стал видимым\"\n        ^^^^^^^^^^^^^^^^^^^^^^^^^^^^^^^^^^^^^^^^^^^^\n    )\n    ^\n  File \"C:\\Users\\windw\\PycharmProjects\\Diplom\\Diplom_3\\pages\\base_page.py\", line 190, in _wait_until\n    return WebDriverWait(self.driver, wait_timeout).until(\n           ~~~~~~~~~~~~~~~~~~~~~~~~~~~~~~~~~~~~~~~~~~~~~~^\n        condition,\n        ^^^^^^^^^^\n        message=message\n        ^^^^^^^^^^^^^^^\n    )\n    ^\n  File \"C:\\Users\\windw\\PycharmProjects\\Diplom\\Diplom_3\\venv\\Lib\\site-packages\\selenium\\webdriver\\support\\wait.py\", line 101, in until\n    raise TimeoutException(message, screen, stacktrace)\n"}, "steps": [{"name": "Ожидание видимости элемента ('xpath', \"//p[text()='Выполнено за сегодня']/following-sibling::p\")", "status": "broken", "statusDetails": {"message": "selenium.common.exceptions.TimeoutException: Message: Элемент ('xpath', \"//p[text()='Выполнено за сегодня']/following-sibling::p\") не стал видимым\nStacktrace:\n\tGetHandleVerifier [0x0xf93763+63299]\n\tGetHandleVerifier [0x0xf937a4+63364]\n\t(No symbol) [0x0xdc1113]\n\t(No symbol) [0x0xe0987e]\n\t(No symbol) [0x0xe09c1b]\n\t(No symbol) [0x0xe52212]\n\t(No symbol) [0x0xe2e5c4]\n\t(No symbol) [0x0xe4fa4a]\n\t(No symbol) [0x0xe2e376]\n\t(No symbol) [0x0xdfd6e0]\n\t(No symbol) [0x0xdfe544]\n\tGetHandleVerifier [0x0x11ee033+2531347]\n\tGetHandleVerifier [0x0x11e9332+2511634]\n\tGetHandleVerifier [0x0xfb9eda+220858]\n\tGetHandleVerifier [0x0xfaa528+156936]\n\tGetHandleVerifier [0x0xfb0c5d+183357]\n\tGetHandleVerifier [0x0xf9b6c8+95912]\n\tGetHandleVerifier [0x0xf9b870+96336]\n\tGetHandleVerifier [0x0xf8664a+9770]\n\tBaseThreadInitThunk [0x0x75f15d49+25]\n\tRtlInitializeExceptionChain [0x0x77abd03b+107]\n\tRtlGetAppContainerNamedObjectPath [0x0x77abcfc1+561]\n\n", "trace": "  File \"C:\\Users\\windw\\PycharmProjects\\Diplom\\Diplom_3\\venv\\Lib\\site-packages\\allure_commons\\_allure.py\", line 172, in impl\n    return func(*a, **kw)\n  File \"C:\\Users\\windw\\PycharmProjects\\Diplom\\Diplom_3\\pages\\base_page.py\", line 103, in wait_until_visible\n    return self._wait_until(\n           ~~~~~~~~~~~~~~~~^\n        EC.visibility_of_element_located(locator),\n        ^^^^^^^^^^^^^^^^^^^^^^^^^^^^^^^^^^^^^^^^^^\n        timeout=timeout,\n        ^^^^^^^^^^^^^^^^\n        message=f\"Элемент {locator} не стал видимым\"\n        ^^^^^^^^^^^^^^^^^^^^^^^^^^^^^^^^^^^^^^^^^^^^\n    )\n    ^\n  File \"C:\\Users\\windw\\PycharmProjects\\Diplom\\Diplom_3\\pages\\base_page.py\", line 190, in _wait_until\n    return WebDriverWait(self.driver, wait_timeout).until(\n           ~~~~~~~~~~~~~~~~~~~~~~~~~~~~~~~~~~~~~~~~~~~~~~^\n        condition,\n        ^^^^^^^^^^\n        message=message\n        ^^^^^^^^^^^^^^^\n    )\n    ^\n  File \"C:\\Users\\windw\\PycharmProjects\\Diplom\\Diplom_3\\venv\\Lib\\site-packages\\selenium\\webdriver\\support\\wait.py\", line 101, in until\n    raise TimeoutException(message, screen, stacktrace)\n"}, "parameters": [{"name": "locator", "value": "('xpath', \"//p[text()='Выполнено за сегодня']/following-sibling::p\")"}, {"name": "timeout", "value": "None"}], "start": 1749424811484, "stop": 1749424822562}], "parameters": [{"name": "locator", "value": "('xpath', \"//p[text()='Выполнено за сегодня']/following-sibling::p\")"}, {"name": "timeout", "value": "None"}], "start": 1749424811484, "stop": 1749424822565}], "start": 1749424811484, "stop": 1749424822568}], "start": 1749424811195, "stop": 1749424822570}], "attachments": [{"name": "log", "source": "90057177-c206-40fc-9557-f4f6af69c52c-attachment.txt", "type": "text/plain"}], "parameters": [{"name": "driver", "value": "'chrome'"}], "start": 1749424811194, "stop": 1749424822573, "uuid": "d2667ac5-0ca6-4906-bdc0-f6e380992bec", "historyId": "751961e9deff55d4c5536141426e6a57", "testCaseId": "35df54770cff04c664f468ed5e2112c8", "fullName": "tests.test_order_feed.TestOrderFeed#test_today_orders_counter_increase", "labels": [{"name": "feature", "value": "Лента заказов"}, {"name": "parentSuite", "value": "tests"}, {"name": "suite", "value": "test_order_feed"}, {"name": "subSuite", "value": "TestOrderFeed"}, {"name": "host", "value": "Gemini_78"}, {"name": "thread", "value": "12668-MainThread"}, {"name": "framework", "value": "pytest"}, {"name": "language", "value": "cpython3"}, {"name": "package", "value": "tests.test_order_feed"}]}