{"name": "5. Проверка отображения заказа в разделе 'В работе'", "status": "failed", "statusDetails": {"message": "AssertionError: Заказ 9999 не найден в разделе 'В работе'\nassert '9999' in ['Все текущие заказы готовы!']", "trace": "self = <tests.test_order_feed.TestOrderFeed object at 0x000001DE7E171950>, driver = <undetected_chromedriver.Chrome (session=\"c0c3a511e0d5a93e999c3ce73bc7ed59\")>\nlogin = {'email': 'test6821@test.com', 'token': None}\n\n    @allure.title(\"5. Проверка отображения заказа в разделе 'В работе'\")\n    def test_order_in_progress(self, driver, login):\n        main_page = MainPage(driver)\n        order_feed_page = OrderFeedPage(driver)\n        with allure.step(\"1. Создать и оформить заказ\"):\n            main_page.open()\n            bun = WebDriverWait(driver, 15).until(\n                EC.presence_of_element_located(MainPageLocators.BUN_ITEM)\n            )\n            constructor = WebDriverWait(driver, 15).until(\n                EC.presence_of_element_located(MainPageLocators.CONSTRUCTOR_DROP_ZONE)\n            )\n            drag_and_drop(driver, bun, constructor)\n            WebDriverWait(driver, 15).until(\n                EC.element_to_be_clickable(MainPageLocators.MAKE_ORDER_BUTTON)\n            ).click()\n            order_number = WebDriverWait(driver, 15).until(\n                EC.visibility_of_element_located(MainPageLocators.MODAL_ORDER_NUMBER)\n            ).text\n            assert order_number, \"Не удалось получить номер заказа\"\n            close_btn = WebDriverWait(driver, 15).until(\n                EC.element_to_be_clickable(MainPageLocators.MODAL_CLOSE_BUTTON)\n            )\n            driver.execute_script(\"arguments[0].click();\", close_btn)\n            WebDriverWait(driver, 15).until(\n                EC.invisibility_of_element_located(MainPageLocators.MODAL_OVERLAY)\n            )\n        with allure.step(\"2. Проверить заказ в разделе 'В работе'\"):\n            main_page.go_to_order_feed()\n            WebDriverWait(driver, 15).until(\n                EC.visibility_of_element_located(OrderFeedLocators.IN_PROGRESS_ORDERS)\n            )\n            in_progress_orders = driver.find_elements(*OrderFeedLocators.IN_PROGRESS_ORDERS)\n            order_numbers = [order.text for order in in_progress_orders]\n>           assert order_number in order_numbers, f\"Заказ {order_number} не найден в разделе 'В работе'\"\nE           AssertionError: Заказ 9999 не найден в разделе 'В работе'\nE           assert '9999' in ['Все текущие заказы готовы!']\n\ntests\\test_order_feed.py:201: AssertionError"}, "steps": [{"name": "1. Создать и оформить заказ", "status": "passed", "start": 1748199931594, "stop": 1748199942700}, {"name": "2. Проверить заказ в разделе 'В работе'", "status": "failed", "statusDetails": {"message": "AssertionError: Заказ 9999 не найден в разделе 'В работе'\nassert '9999' in ['Все текущие заказы готовы!']\n", "trace": "  File \"C:\\Users\\windw\\PycharmProjects\\Diplom\\Diplom_3\\tests\\test_order_feed.py\", line 201, in test_order_in_progress\n    assert order_number in order_numbers, f\"Заказ {order_number} не найден в разделе 'В работе'\"\n"}, "start": 1748199942700, "stop": 1748199964870}], "parameters": [{"name": "driver", "value": "'chrome'"}], "start": 1748199931593, "stop": 1748199964871, "uuid": "2f2728e8-7477-47ad-9d91-1995743adb5c", "historyId": "9ff423356d9d337e166c5ce124536d2a", "testCaseId": "db22de7e6445bc8b783ef3182ac18fe0", "fullName": "tests.test_order_feed.TestOrderFeed#test_order_in_progress", "labels": [{"name": "feature", "value": "Лента заказов"}, {"name": "parentSuite", "value": "tests"}, {"name": "suite", "value": "test_order_feed"}, {"name": "subSuite", "value": "TestOrderFeed"}, {"name": "host", "value": "Gemini_78"}, {"name": "thread", "value": "19464-MainThread"}, {"name": "framework", "value": "pytest"}, {"name": "language", "value": "cpython3"}, {"name": "package", "value": "tests.test_order_feed"}]}