{"name": "Проверка отображения заказа в истории", "status": "broken", "statusDetails": {"message": "selenium.common.exceptions.TimeoutException: Message: Элемент ('xpath', \"//p[contains(@class, 'text_type_digits-large')]\") не стал видимым\nStacktrace:\nRemoteError@chrome://remote/content/shared/RemoteError.sys.mjs:8:8\nWebDriverError@chrome://remote/content/shared/webdriver/Errors.sys.mjs:199:5\nNoSuchElementError@chrome://remote/content/shared/webdriver/Errors.sys.mjs:552:5\ndom.find/</<@chrome://remote/content/shared/DOM.sys.mjs:136:16", "trace": "self = <tests.test_order_feed.TestOrderFeed object at 0x0000016838E32780>\ndriver = <selenium.webdriver.firefox.webdriver.WebDriver (session=\"967850bd-8d99-422e-93f2-93eb386f2c01\")>\nauthenticated_user = {'email': 'test_68fc9be1@example.com', 'name': 'User_cf70', 'password': 'P@ssw0rd_2f63'}\nmain_page = <pages.main_page.MainPage object at 0x000001683A3E8690>, profile_page = <pages.profile_page.ProfilePage object at 0x0000016839015310>\norder_feed_page = <pages.order_feed_page.OrderFeedPage object at 0x00000168390B09D0>\n\n    @allure.title(\"Проверка отображения заказа в истории\")\n    def test_order_in_history(self, driver, authenticated_user, main_page, profile_page, order_feed_page):\n        with allure.step(\"Добавить ингредиент и оформить заказ\"):\n            main_page.add_ingredient_to_constructor()\n>           order_number = main_page.make_order()\n\ntests\\test_order_feed.py:33: \n_ _ _ _ _ _ _ _ _ _ _ _ _ _ _ _ _ _ _ _ _ _ _ _ _ _ _ _ _ _ _ _ _ _ _ _ _ _ _ _ _ _ _ _ _ _ _ _ _ _ _ _ _ _ _ _ _ _ _ _ _ _ _ _ _ _ _ _ _ _ _ _ _ _ _ _ _ _ _ _ _ _ _\npages\\main_page.py:80: in make_order\n    return self.get_text(self.locators.ORDER_NUMBER)\npages\\base_page.py:65: in get_text\n    element = self.wait_until_visible(locator, timeout)\npages\\base_page.py:103: in wait_until_visible\n    return self._wait_until(\npages\\base_page.py:190: in _wait_until\n    return WebDriverWait(self.driver, wait_timeout).until(\n_ _ _ _ _ _ _ _ _ _ _ _ _ _ _ _ _ _ _ _ _ _ _ _ _ _ _ _ _ _ _ _ _ _ _ _ _ _ _ _ _ _ _ _ _ _ _ _ _ _ _ _ _ _ _ _ _ _ _ _ _ _ _ _ _ _ _ _ _ _ _ _ _ _ _ _ _ _ _ _ _ _ _\n\nself = <selenium.webdriver.support.wait.WebDriverWait (session=\"967850bd-8d99-422e-93f2-93eb386f2c01\")>\nmethod = <function visibility_of_element_located.<locals>._predicate at 0x000001683A3E82C0>\nmessage = 'Элемент (\\'xpath\\', \"//p[contains(@class, \\'text_type_digits-large\\')]\") не стал видимым'\n\n    def until(self, method: Callable[[WebDriver], Union[Literal[False], T]], message: str = \"\") -> T:\n        \"\"\"Calls the method provided with the driver as an argument until the \\\n        return value does not evaluate to ``False``.\n    \n        :param method: callable(WebDriver)\n        :param message: optional message for :exc:`TimeoutException`\n        :returns: the result of the last call to `method`\n        :raises: :exc:`selenium.common.exceptions.TimeoutException` if timeout occurs\n        \"\"\"\n        screen = None\n        stacktrace = None\n    \n        end_time = time.monotonic() + self._timeout\n        while True:\n            try:\n                value = method(self._driver)\n                if value:\n                    return value\n            except self._ignored_exceptions as exc:\n                screen = getattr(exc, \"screen\", None)\n                stacktrace = getattr(exc, \"stacktrace\", None)\n            time.sleep(self._poll)\n            if time.monotonic() > end_time:\n                break\n>       raise TimeoutException(message, screen, stacktrace)\nE       selenium.common.exceptions.TimeoutException: Message: Элемент ('xpath', \"//p[contains(@class, 'text_type_digits-large')]\") не стал видимым\nE       Stacktrace:\nE       RemoteError@chrome://remote/content/shared/RemoteError.sys.mjs:8:8\nE       WebDriverError@chrome://remote/content/shared/webdriver/Errors.sys.mjs:199:5\nE       NoSuchElementError@chrome://remote/content/shared/webdriver/Errors.sys.mjs:552:5\nE       dom.find/</<@chrome://remote/content/shared/DOM.sys.mjs:136:16\n\nvenv\\Lib\\site-packages\\selenium\\webdriver\\support\\wait.py:101: TimeoutException"}, "steps": [{"name": "Добавить ингредиент и оформить заказ", "status": "broken", "statusDetails": {"message": "selenium.common.exceptions.TimeoutException: Message: Элемент ('xpath', \"//p[contains(@class, 'text_type_digits-large')]\") не стал видимым\nStacktrace:\nRemoteError@chrome://remote/content/shared/RemoteError.sys.mjs:8:8\nWebDriverError@chrome://remote/content/shared/webdriver/Errors.sys.mjs:199:5\nNoSuchElementError@chrome://remote/content/shared/webdriver/Errors.sys.mjs:552:5\ndom.find/</<@chrome://remote/content/shared/DOM.sys.mjs:136:16\n\n", "trace": "  File \"C:\\Users\\windw\\PycharmProjects\\Diplom\\Diplom_3\\tests\\test_order_feed.py\", line 33, in test_order_in_history\n    order_number = main_page.make_order()\n  File \"C:\\Users\\windw\\PycharmProjects\\Diplom\\Diplom_3\\venv\\Lib\\site-packages\\allure_commons\\_allure.py\", line 172, in impl\n    return func(*a, **kw)\n  File \"C:\\Users\\windw\\PycharmProjects\\Diplom\\Diplom_3\\pages\\main_page.py\", line 80, in make_order\n    return self.get_text(self.locators.ORDER_NUMBER)\n           ~~~~~~~~~~~~~^^^^^^^^^^^^^^^^^^^^^^^^^^^^\n  File \"C:\\Users\\windw\\PycharmProjects\\Diplom\\Diplom_3\\venv\\Lib\\site-packages\\allure_commons\\_allure.py\", line 172, in impl\n    return func(*a, **kw)\n  File \"C:\\Users\\windw\\PycharmProjects\\Diplom\\Diplom_3\\pages\\base_page.py\", line 65, in get_text\n    element = self.wait_until_visible(locator, timeout)\n  File \"C:\\Users\\windw\\PycharmProjects\\Diplom\\Diplom_3\\venv\\Lib\\site-packages\\allure_commons\\_allure.py\", line 172, in impl\n    return func(*a, **kw)\n  File \"C:\\Users\\windw\\PycharmProjects\\Diplom\\Diplom_3\\pages\\base_page.py\", line 103, in wait_until_visible\n    return self._wait_until(\n           ~~~~~~~~~~~~~~~~^\n        EC.visibility_of_element_located(locator),\n        ^^^^^^^^^^^^^^^^^^^^^^^^^^^^^^^^^^^^^^^^^^\n        timeout=timeout,\n        ^^^^^^^^^^^^^^^^\n        message=f\"Элемент {locator} не стал видимым\"\n        ^^^^^^^^^^^^^^^^^^^^^^^^^^^^^^^^^^^^^^^^^^^^\n    )\n    ^\n  File \"C:\\Users\\windw\\PycharmProjects\\Diplom\\Diplom_3\\pages\\base_page.py\", line 190, in _wait_until\n    return WebDriverWait(self.driver, wait_timeout).until(\n           ~~~~~~~~~~~~~~~~~~~~~~~~~~~~~~~~~~~~~~~~~~~~~~^\n        condition,\n        ^^^^^^^^^^\n        message=message\n        ^^^^^^^^^^^^^^^\n    )\n    ^\n  File \"C:\\Users\\windw\\PycharmProjects\\Diplom\\Diplom_3\\venv\\Lib\\site-packages\\selenium\\webdriver\\support\\wait.py\", line 101, in until\n    raise TimeoutException(message, screen, stacktrace)\n"}, "steps": [{"name": "Добавить ингредиент в конструктор", "status": "passed", "steps": [{"name": "Ожидание видимости элемента ('xpath', \"//div[contains(@class, 'BurgerIngredient_ingredient')]\")", "status": "passed", "parameters": [{"name": "locator", "value": "('xpath', \"//div[contains(@class, 'BurgerIngredient_ingredient')]\")"}, {"name": "timeout", "value": "None"}], "start": 1749424745368, "stop": 1749424745389}, {"name": "Ожидание видимости элемента ('xpath', \"//section[contains(@class, 'BurgerConstructor_basket')]\")", "status": "passed", "parameters": [{"name": "locator", "value": "('xpath', \"//section[contains(@class, 'BurgerConstructor_basket')]\")"}, {"name": "timeout", "value": "None"}], "start": 1749424745390, "stop": 1749424745406}, {"name": "Выполнение перетаскивания через JavaScript", "status": "passed", "parameters": [{"name": "source", "value": "<selenium.webdriver.remote.webelement.WebElement (session=\"967850bd-8d99-422e-93f2-93eb386f2c01\", element=\"5dd13d9e-4d70-4d06-9317-a8eeb0f472cc\")>"}, {"name": "target", "value": "<selenium.webdriver.remote.webelement.WebElement (session=\"967850bd-8d99-422e-93f2-93eb386f2c01\", element=\"1f973b89-0106-4ea9-a544-63f0875df3b8\")>"}], "start": 1749424745406, "stop": 1749424745422}], "start": 1749424745368, "stop": 1749424745422}, {"name": "Оформить заказ", "status": "broken", "statusDetails": {"message": "selenium.common.exceptions.TimeoutException: Message: Элемент ('xpath', \"//p[contains(@class, 'text_type_digits-large')]\") не стал видимым\nStacktrace:\nRemoteError@chrome://remote/content/shared/RemoteError.sys.mjs:8:8\nWebDriverError@chrome://remote/content/shared/webdriver/Errors.sys.mjs:199:5\nNoSuchElementError@chrome://remote/content/shared/webdriver/Errors.sys.mjs:552:5\ndom.find/</<@chrome://remote/content/shared/DOM.sys.mjs:136:16\n\n", "trace": "  File \"C:\\Users\\windw\\PycharmProjects\\Diplom\\Diplom_3\\venv\\Lib\\site-packages\\allure_commons\\_allure.py\", line 172, in impl\n    return func(*a, **kw)\n  File \"C:\\Users\\windw\\PycharmProjects\\Diplom\\Diplom_3\\pages\\main_page.py\", line 80, in make_order\n    return self.get_text(self.locators.ORDER_NUMBER)\n           ~~~~~~~~~~~~~^^^^^^^^^^^^^^^^^^^^^^^^^^^^\n  File \"C:\\Users\\windw\\PycharmProjects\\Diplom\\Diplom_3\\venv\\Lib\\site-packages\\allure_commons\\_allure.py\", line 172, in impl\n    return func(*a, **kw)\n  File \"C:\\Users\\windw\\PycharmProjects\\Diplom\\Diplom_3\\pages\\base_page.py\", line 65, in get_text\n    element = self.wait_until_visible(locator, timeout)\n  File \"C:\\Users\\windw\\PycharmProjects\\Diplom\\Diplom_3\\venv\\Lib\\site-packages\\allure_commons\\_allure.py\", line 172, in impl\n    return func(*a, **kw)\n  File \"C:\\Users\\windw\\PycharmProjects\\Diplom\\Diplom_3\\pages\\base_page.py\", line 103, in wait_until_visible\n    return self._wait_until(\n           ~~~~~~~~~~~~~~~~^\n        EC.visibility_of_element_located(locator),\n        ^^^^^^^^^^^^^^^^^^^^^^^^^^^^^^^^^^^^^^^^^^\n        timeout=timeout,\n        ^^^^^^^^^^^^^^^^\n        message=f\"Элемент {locator} не стал видимым\"\n        ^^^^^^^^^^^^^^^^^^^^^^^^^^^^^^^^^^^^^^^^^^^^\n    )\n    ^\n  File \"C:\\Users\\windw\\PycharmProjects\\Diplom\\Diplom_3\\pages\\base_page.py\", line 190, in _wait_until\n    return WebDriverWait(self.driver, wait_timeout).until(\n           ~~~~~~~~~~~~~~~~~~~~~~~~~~~~~~~~~~~~~~~~~~~~~~^\n        condition,\n        ^^^^^^^^^^\n        message=message\n        ^^^^^^^^^^^^^^^\n    )\n    ^\n  File \"C:\\Users\\windw\\PycharmProjects\\Diplom\\Diplom_3\\venv\\Lib\\site-packages\\selenium\\webdriver\\support\\wait.py\", line 101, in until\n    raise TimeoutException(message, screen, stacktrace)\n"}, "steps": [{"name": "Клик по элементу ('xpath', \"//button[contains(text(), 'Оформить заказ')]\")", "status": "passed", "steps": [{"name": "Ожидание кликабельности элемента ('xpath', \"//button[contains(text(), 'Оформить заказ')]\")", "status": "passed", "parameters": [{"name": "locator", "value": "('xpath', \"//button[contains(text(), 'Оформить заказ')]\")"}, {"name": "timeout", "value": "None"}], "start": 1749424745422, "stop": 1749424745456}, {"name": "Клик через JavaScript", "status": "passed", "parameters": [{"name": "element", "value": "<selenium.webdriver.remote.webelement.WebElement (session=\"967850bd-8d99-422e-93f2-93eb386f2c01\", element=\"aef9d4f7-42f7-4033-882f-ab660a00effa\")>"}], "start": 1749424745466, "stop": 1749424745477}], "parameters": [{"name": "locator", "value": "('xpath', \"//button[contains(text(), 'Оформить заказ')]\")"}, {"name": "timeout", "value": "None"}], "start": 1749424745422, "stop": 1749424745477}, {"name": "Получение текста элемента ('xpath', \"//p[contains(@class, 'text_type_digits-large')]\")", "status": "broken", "statusDetails": {"message": "selenium.common.exceptions.TimeoutException: Message: Элемент ('xpath', \"//p[contains(@class, 'text_type_digits-large')]\") не стал видимым\nStacktrace:\nRemoteError@chrome://remote/content/shared/RemoteError.sys.mjs:8:8\nWebDriverError@chrome://remote/content/shared/webdriver/Errors.sys.mjs:199:5\nNoSuchElementError@chrome://remote/content/shared/webdriver/Errors.sys.mjs:552:5\ndom.find/</<@chrome://remote/content/shared/DOM.sys.mjs:136:16\n\n", "trace": "  File \"C:\\Users\\windw\\PycharmProjects\\Diplom\\Diplom_3\\venv\\Lib\\site-packages\\allure_commons\\_allure.py\", line 172, in impl\n    return func(*a, **kw)\n  File \"C:\\Users\\windw\\PycharmProjects\\Diplom\\Diplom_3\\pages\\base_page.py\", line 65, in get_text\n    element = self.wait_until_visible(locator, timeout)\n  File \"C:\\Users\\windw\\PycharmProjects\\Diplom\\Diplom_3\\venv\\Lib\\site-packages\\allure_commons\\_allure.py\", line 172, in impl\n    return func(*a, **kw)\n  File \"C:\\Users\\windw\\PycharmProjects\\Diplom\\Diplom_3\\pages\\base_page.py\", line 103, in wait_until_visible\n    return self._wait_until(\n           ~~~~~~~~~~~~~~~~^\n        EC.visibility_of_element_located(locator),\n        ^^^^^^^^^^^^^^^^^^^^^^^^^^^^^^^^^^^^^^^^^^\n        timeout=timeout,\n        ^^^^^^^^^^^^^^^^\n        message=f\"Элемент {locator} не стал видимым\"\n        ^^^^^^^^^^^^^^^^^^^^^^^^^^^^^^^^^^^^^^^^^^^^\n    )\n    ^\n  File \"C:\\Users\\windw\\PycharmProjects\\Diplom\\Diplom_3\\pages\\base_page.py\", line 190, in _wait_until\n    return WebDriverWait(self.driver, wait_timeout).until(\n           ~~~~~~~~~~~~~~~~~~~~~~~~~~~~~~~~~~~~~~~~~~~~~~^\n        condition,\n        ^^^^^^^^^^\n        message=message\n        ^^^^^^^^^^^^^^^\n    )\n    ^\n  File \"C:\\Users\\windw\\PycharmProjects\\Diplom\\Diplom_3\\venv\\Lib\\site-packages\\selenium\\webdriver\\support\\wait.py\", line 101, in until\n    raise TimeoutException(message, screen, stacktrace)\n"}, "steps": [{"name": "Ожидание видимости элемента ('xpath', \"//p[contains(@class, 'text_type_digits-large')]\")", "status": "broken", "statusDetails": {"message": "selenium.common.exceptions.TimeoutException: Message: Элемент ('xpath', \"//p[contains(@class, 'text_type_digits-large')]\") не стал видимым\nStacktrace:\nRemoteError@chrome://remote/content/shared/RemoteError.sys.mjs:8:8\nWebDriverError@chrome://remote/content/shared/webdriver/Errors.sys.mjs:199:5\nNoSuchElementError@chrome://remote/content/shared/webdriver/Errors.sys.mjs:552:5\ndom.find/</<@chrome://remote/content/shared/DOM.sys.mjs:136:16\n\n", "trace": "  File \"C:\\Users\\windw\\PycharmProjects\\Diplom\\Diplom_3\\venv\\Lib\\site-packages\\allure_commons\\_allure.py\", line 172, in impl\n    return func(*a, **kw)\n  File \"C:\\Users\\windw\\PycharmProjects\\Diplom\\Diplom_3\\pages\\base_page.py\", line 103, in wait_until_visible\n    return self._wait_until(\n           ~~~~~~~~~~~~~~~~^\n        EC.visibility_of_element_located(locator),\n        ^^^^^^^^^^^^^^^^^^^^^^^^^^^^^^^^^^^^^^^^^^\n        timeout=timeout,\n        ^^^^^^^^^^^^^^^^\n        message=f\"Элемент {locator} не стал видимым\"\n        ^^^^^^^^^^^^^^^^^^^^^^^^^^^^^^^^^^^^^^^^^^^^\n    )\n    ^\n  File \"C:\\Users\\windw\\PycharmProjects\\Diplom\\Diplom_3\\pages\\base_page.py\", line 190, in _wait_until\n    return WebDriverWait(self.driver, wait_timeout).until(\n           ~~~~~~~~~~~~~~~~~~~~~~~~~~~~~~~~~~~~~~~~~~~~~~^\n        condition,\n        ^^^^^^^^^^\n        message=message\n        ^^^^^^^^^^^^^^^\n    )\n    ^\n  File \"C:\\Users\\windw\\PycharmProjects\\Diplom\\Diplom_3\\venv\\Lib\\site-packages\\selenium\\webdriver\\support\\wait.py\", line 101, in until\n    raise TimeoutException(message, screen, stacktrace)\n"}, "parameters": [{"name": "locator", "value": "('xpath', \"//p[contains(@class, 'text_type_digits-large')]\")"}, {"name": "timeout", "value": "None"}], "start": 1749424745478, "stop": 1749424756524}], "parameters": [{"name": "locator", "value": "('xpath', \"//p[contains(@class, 'text_type_digits-large')]\")"}, {"name": "timeout", "value": "None"}], "start": 1749424745478, "stop": 1749424756526}], "start": 1749424745422, "stop": 1749424756528}], "start": 1749424745368, "stop": 1749424756530}], "attachments": [{"name": "log", "source": "8b25742a-58e8-4153-8208-f4e257d6b4ab-attachment.txt", "type": "text/plain"}], "parameters": [{"name": "driver", "value": "'firefox'"}], "start": 1749424745368, "stop": 1749424756532, "uuid": "ba15dbcd-560d-4087-be01-30a9e33fcd4d", "historyId": "81a06631253827fc583a853136cfa523", "testCaseId": "faa93f48a6011244bddb3f3af3273d26", "fullName": "tests.test_order_feed.TestOrderFeed#test_order_in_history", "labels": [{"name": "feature", "value": "Лента заказов"}, {"name": "parentSuite", "value": "tests"}, {"name": "suite", "value": "test_order_feed"}, {"name": "subSuite", "value": "TestOrderFeed"}, {"name": "host", "value": "Gemini_78"}, {"name": "thread", "value": "12668-MainThread"}, {"name": "framework", "value": "pytest"}, {"name": "language", "value": "cpython3"}, {"name": "package", "value": "tests.test_order_feed"}]}