{"name": "3. Выход из аккаунта из ЛК", "status": "broken", "statusDetails": {"message": "selenium.common.exceptions.TimeoutException: Message: \nStacktrace:\n\tGetHandleVerifier [0x00C2FC03+61635]\n\tGetHandleVerifier [0x00C2FC44+61700]\n\t(No symbol) [0x00A505D3]\n\t(No symbol) [0x00A9899E]\n\t(No symbol) [0x00A98D3B]\n\t(No symbol) [0x00AE0E12]\n\t(No symbol) [0x00ABD2E4]\n\t(No symbol) [0x00ADE61B]\n\t(No symbol) [0x00ABD096]\n\t(No symbol) [0x00A8C840]\n\t(No symbol) [0x00A8D6A4]\n\tGetHandleVerifier [0x00EB4523+2701795]\n\tGetHandleVerifier [0x00EAFCA6+2683238]\n\tGetHandleVerifier [0x00ECA9EE+2793134]\n\tGetHandleVerifier [0x00C468C5+155013]\n\tGetHandleVerifier [0x00C4CFAD+181357]\n\tGetHandleVerifier [0x00C37458+92440]\n\tGetHandleVerifier [0x00C37600+92864]\n\tGetHandleVerifier [0x00C21FF0+5296]\n\tBaseThreadInitThunk [0x75F15D49+25]\n\tRtlInitializeExceptionChain [0x77ABD03B+107]\n\tRtlGetAppContainerNamedObjectPath [0x77ABCFC1+561]", "trace": "self = <tests.test_user_profile.TestUserProfile object at 0x000001DE7E1C72F0>\nauthorized_user = <undetected_chromedriver.Chrome (session=\"ec4a98cace79f4e8560561ca587b1b14\")>\nprofile_page = <pages.profile_page.ProfilePage object at 0x000001DE7E3C5590>\n\n    @allure.title(\"3. Выход из аккаунта из ЛК\")\n    def test_user_logout(self, authorized_user, profile_page):\n        with allure.step(\"1. Открыть страницу профиля\"):\n            profile_page.open()\n>           WebDriverWait(authorized_user, 10).until(\n                EC.visibility_of_element_located(ProfilePageLocators.PROFILE_FORM)\n            )\n\ntests\\test_user_profile.py:53: \n_ _ _ _ _ _ _ _ _ _ _ _ _ _ _ _ _ _ _ _ _ _ _ _ _ _ _ _ _ _ _ _ _ _ _ _ _ _ _ _ _ _ _ _ _ _ _ _ _ _ _ _ _ _ _ _ _ _ _ _ _ _ _ _ _ _ _ _ _ _ _ _ _ _ _ _ _ _ _ _ _ _ _\n\nself = <selenium.webdriver.support.wait.WebDriverWait (session=\"ec4a98cace79f4e8560561ca587b1b14\")>\nmethod = <function visibility_of_element_located.<locals>._predicate at 0x000001DE000111C0>, message = ''\n\n    def until(self, method: Callable[[WebDriver], Union[Literal[False], T]], message: str = \"\") -> T:\n        \"\"\"Calls the method provided with the driver as an argument until the \\\n        return value does not evaluate to ``False``.\n    \n        :param method: callable(WebDriver)\n        :param message: optional message for :exc:`TimeoutException`\n        :returns: the result of the last call to `method`\n        :raises: :exc:`selenium.common.exceptions.TimeoutException` if timeout occurs\n        \"\"\"\n        screen = None\n        stacktrace = None\n    \n        end_time = time.monotonic() + self._timeout\n        while True:\n            try:\n                value = method(self._driver)\n                if value:\n                    return value\n            except self._ignored_exceptions as exc:\n                screen = getattr(exc, \"screen\", None)\n                stacktrace = getattr(exc, \"stacktrace\", None)\n            time.sleep(self._poll)\n            if time.monotonic() > end_time:\n                break\n>       raise TimeoutException(message, screen, stacktrace)\nE       selenium.common.exceptions.TimeoutException: Message: \nE       Stacktrace:\nE       \tGetHandleVerifier [0x00C2FC03+61635]\nE       \tGetHandleVerifier [0x00C2FC44+61700]\nE       \t(No symbol) [0x00A505D3]\nE       \t(No symbol) [0x00A9899E]\nE       \t(No symbol) [0x00A98D3B]\nE       \t(No symbol) [0x00AE0E12]\nE       \t(No symbol) [0x00ABD2E4]\nE       \t(No symbol) [0x00ADE61B]\nE       \t(No symbol) [0x00ABD096]\nE       \t(No symbol) [0x00A8C840]\nE       \t(No symbol) [0x00A8D6A4]\nE       \tGetHandleVerifier [0x00EB4523+2701795]\nE       \tGetHandleVerifier [0x00EAFCA6+2683238]\nE       \tGetHandleVerifier [0x00ECA9EE+2793134]\nE       \tGetHandleVerifier [0x00C468C5+155013]\nE       \tGetHandleVerifier [0x00C4CFAD+181357]\nE       \tGetHandleVerifier [0x00C37458+92440]\nE       \tGetHandleVerifier [0x00C37600+92864]\nE       \tGetHandleVerifier [0x00C21FF0+5296]\nE       \tBaseThreadInitThunk [0x75F15D49+25]\nE       \tRtlInitializeExceptionChain [0x77ABD03B+107]\nE       \tRtlGetAppContainerNamedObjectPath [0x77ABCFC1+561]\n\nvenv\\Lib\\site-packages\\selenium\\webdriver\\support\\wait.py:101: TimeoutException"}, "steps": [{"name": "1. Открыть страницу профиля", "status": "broken", "statusDetails": {"message": "selenium.common.exceptions.TimeoutException: Message: \nStacktrace:\n\tGetHandleVerifier [0x00C2FC03+61635]\n\tGetHandleVerifier [0x00C2FC44+61700]\n\t(No symbol) [0x00A505D3]\n\t(No symbol) [0x00A9899E]\n\t(No symbol) [0x00A98D3B]\n\t(No symbol) [0x00AE0E12]\n\t(No symbol) [0x00ABD2E4]\n\t(No symbol) [0x00ADE61B]\n\t(No symbol) [0x00ABD096]\n\t(No symbol) [0x00A8C840]\n\t(No symbol) [0x00A8D6A4]\n\tGetHandleVerifier [0x00EB4523+2701795]\n\tGetHandleVerifier [0x00EAFCA6+2683238]\n\tGetHandleVerifier [0x00ECA9EE+2793134]\n\tGetHandleVerifier [0x00C468C5+155013]\n\tGetHandleVerifier [0x00C4CFAD+181357]\n\tGetHandleVerifier [0x00C37458+92440]\n\tGetHandleVerifier [0x00C37600+92864]\n\tGetHandleVerifier [0x00C21FF0+5296]\n\tBaseThreadInitThunk [0x75F15D49+25]\n\tRtlInitializeExceptionChain [0x77ABD03B+107]\n\tRtlGetAppContainerNamedObjectPath [0x77ABCFC1+561]\n\n", "trace": "  File \"C:\\Users\\windw\\PycharmProjects\\Diplom\\Diplom_3\\tests\\test_user_profile.py\", line 53, in test_user_logout\n    WebDriverWait(authorized_user, 10).until(\n    ~~~~~~~~~~~~~~~~~~~~~~~~~~~~~~~~~~~~~~~~^\n        EC.visibility_of_element_located(ProfilePageLocators.PROFILE_FORM)\n        ^^^^^^^^^^^^^^^^^^^^^^^^^^^^^^^^^^^^^^^^^^^^^^^^^^^^^^^^^^^^^^^^^^\n    )\n    ^\n  File \"C:\\Users\\windw\\PycharmProjects\\Diplom\\Diplom_3\\venv\\Lib\\site-packages\\selenium\\webdriver\\support\\wait.py\", line 101, in until\n    raise TimeoutException(message, screen, stacktrace)\n"}, "start": 1748200135313, "stop": 1748200146243}], "parameters": [{"name": "driver", "value": "'chrome'"}], "start": 1748200135312, "stop": 1748200146245, "uuid": "b7648b67-0fed-4bd9-b040-3804a666879e", "historyId": "e0cdda2aa6885f0bd665b404eaa853fc", "testCaseId": "212a7779ac946c52ccc9547636e8ad80", "fullName": "tests.test_user_profile.TestUserProfile#test_user_logout", "labels": [{"name": "tag", "value": "@pytest.mark.usefixtures('driver')"}, {"name": "parentSuite", "value": "tests"}, {"name": "suite", "value": "test_user_profile"}, {"name": "subSuite", "value": "TestUserProfile"}, {"name": "host", "value": "Gemini_78"}, {"name": "thread", "value": "19464-MainThread"}, {"name": "framework", "value": "pytest"}, {"name": "language", "value": "cpython3"}, {"name": "package", "value": "tests.test_user_profile"}]}