{"name": "Проверка открытия деталей заказа из ленты", "status": "broken", "statusDetails": {"message": "selenium.common.exceptions.TimeoutException: Message: Элемент ('xpath', \"//p[contains(@class, 'text_type_digits-large')]\") не стал видимым\nStacktrace:\n\tGetHandleVerifier [0x0xf93763+63299]\n\tGetHandleVerifier [0x0xf937a4+63364]\n\t(No symbol) [0x0xdc1113]\n\t(No symbol) [0x0xe0987e]\n\t(No symbol) [0x0xe09c1b]\n\t(No symbol) [0x0xe52212]\n\t(No symbol) [0x0xe2e5c4]\n\t(No symbol) [0x0xe4fa4a]\n\t(No symbol) [0x0xe2e376]\n\t(No symbol) [0x0xdfd6e0]\n\t(No symbol) [0x0xdfe544]\n\tGetHandleVerifier [0x0x11ee033+2531347]\n\tGetHandleVerifier [0x0x11e9332+2511634]\n\tGetHandleVerifier [0x0xfb9eda+220858]\n\tGetHandleVerifier [0x0xfaa528+156936]\n\tGetHandleVerifier [0x0xfb0c5d+183357]\n\tGetHandleVerifier [0x0xf9b6c8+95912]\n\tGetHandleVerifier [0x0xf9b870+96336]\n\tGetHandleVerifier [0x0xf8664a+9770]\n\tBaseThreadInitThunk [0x0x75f15d49+25]\n\tRtlInitializeExceptionChain [0x0x77abd03b+107]\n\tRtlGetAppContainerNamedObjectPath [0x0x77abcfc1+561]", "trace": "self = <tests.test_order_feed.TestOrderFeed object at 0x0000016838EBE350>, driver = <undetected_chromedriver.Chrome (session=\"89d7fc78ac58701c54cc5b6e08656282\")>\nauthenticated_user = {'email': 'test_df9da3f3@example.com', 'name': 'User_192d', 'password': 'P@ssw0rd_4ace'}\nmain_page = <pages.main_page.MainPage object at 0x00000168390AA510>, order_feed_page = <pages.order_feed_page.OrderFeedPage object at 0x000001683900AF90>\n\n    @allure.title(\"Проверка открытия деталей заказа из ленты\")\n    def test_open_order_details_from_feed(self, driver, authenticated_user, main_page, order_feed_page):\n        with allure.step(\"Добавить ингредиент и оформить заказ\"):\n            main_page.add_ingredient_to_constructor()\n>           order_number = main_page.make_order()\n\ntests\\test_order_feed.py:14: \n_ _ _ _ _ _ _ _ _ _ _ _ _ _ _ _ _ _ _ _ _ _ _ _ _ _ _ _ _ _ _ _ _ _ _ _ _ _ _ _ _ _ _ _ _ _ _ _ _ _ _ _ _ _ _ _ _ _ _ _ _ _ _ _ _ _ _ _ _ _ _ _ _ _ _ _ _ _ _ _ _ _ _\npages\\main_page.py:80: in make_order\n    return self.get_text(self.locators.ORDER_NUMBER)\npages\\base_page.py:65: in get_text\n    element = self.wait_until_visible(locator, timeout)\npages\\base_page.py:103: in wait_until_visible\n    return self._wait_until(\npages\\base_page.py:190: in _wait_until\n    return WebDriverWait(self.driver, wait_timeout).until(\n_ _ _ _ _ _ _ _ _ _ _ _ _ _ _ _ _ _ _ _ _ _ _ _ _ _ _ _ _ _ _ _ _ _ _ _ _ _ _ _ _ _ _ _ _ _ _ _ _ _ _ _ _ _ _ _ _ _ _ _ _ _ _ _ _ _ _ _ _ _ _ _ _ _ _ _ _ _ _ _ _ _ _\n\nself = <selenium.webdriver.support.wait.WebDriverWait (session=\"89d7fc78ac58701c54cc5b6e08656282\")>\nmethod = <function visibility_of_element_located.<locals>._predicate at 0x000001683A4CA160>\nmessage = 'Элемент (\\'xpath\\', \"//p[contains(@class, \\'text_type_digits-large\\')]\") не стал видимым'\n\n    def until(self, method: Callable[[WebDriver], Union[Literal[False], T]], message: str = \"\") -> T:\n        \"\"\"Calls the method provided with the driver as an argument until the \\\n        return value does not evaluate to ``False``.\n    \n        :param method: callable(WebDriver)\n        :param message: optional message for :exc:`TimeoutException`\n        :returns: the result of the last call to `method`\n        :raises: :exc:`selenium.common.exceptions.TimeoutException` if timeout occurs\n        \"\"\"\n        screen = None\n        stacktrace = None\n    \n        end_time = time.monotonic() + self._timeout\n        while True:\n            try:\n                value = method(self._driver)\n                if value:\n                    return value\n            except self._ignored_exceptions as exc:\n                screen = getattr(exc, \"screen\", None)\n                stacktrace = getattr(exc, \"stacktrace\", None)\n            time.sleep(self._poll)\n            if time.monotonic() > end_time:\n                break\n>       raise TimeoutException(message, screen, stacktrace)\nE       selenium.common.exceptions.TimeoutException: Message: Элемент ('xpath', \"//p[contains(@class, 'text_type_digits-large')]\") не стал видимым\nE       Stacktrace:\nE       \tGetHandleVerifier [0x0xf93763+63299]\nE       \tGetHandleVerifier [0x0xf937a4+63364]\nE       \t(No symbol) [0x0xdc1113]\nE       \t(No symbol) [0x0xe0987e]\nE       \t(No symbol) [0x0xe09c1b]\nE       \t(No symbol) [0x0xe52212]\nE       \t(No symbol) [0x0xe2e5c4]\nE       \t(No symbol) [0x0xe4fa4a]\nE       \t(No symbol) [0x0xe2e376]\nE       \t(No symbol) [0x0xdfd6e0]\nE       \t(No symbol) [0x0xdfe544]\nE       \tGetHandleVerifier [0x0x11ee033+2531347]\nE       \tGetHandleVerifier [0x0x11e9332+2511634]\nE       \tGetHandleVerifier [0x0xfb9eda+220858]\nE       \tGetHandleVerifier [0x0xfaa528+156936]\nE       \tGetHandleVerifier [0x0xfb0c5d+183357]\nE       \tGetHandleVerifier [0x0xf9b6c8+95912]\nE       \tGetHandleVerifier [0x0xf9b870+96336]\nE       \tGetHandleVerifier [0x0xf8664a+9770]\nE       \tBaseThreadInitThunk [0x0x75f15d49+25]\nE       \tRtlInitializeExceptionChain [0x0x77abd03b+107]\nE       \tRtlGetAppContainerNamedObjectPath [0x0x77abcfc1+561]\n\nvenv\\Lib\\site-packages\\selenium\\webdriver\\support\\wait.py:101: TimeoutException"}, "steps": [{"name": "Добавить ингредиент и оформить заказ", "status": "broken", "statusDetails": {"message": "selenium.common.exceptions.TimeoutException: Message: Элемент ('xpath', \"//p[contains(@class, 'text_type_digits-large')]\") не стал видимым\nStacktrace:\n\tGetHandleVerifier [0x0xf93763+63299]\n\tGetHandleVerifier [0x0xf937a4+63364]\n\t(No symbol) [0x0xdc1113]\n\t(No symbol) [0x0xe0987e]\n\t(No symbol) [0x0xe09c1b]\n\t(No symbol) [0x0xe52212]\n\t(No symbol) [0x0xe2e5c4]\n\t(No symbol) [0x0xe4fa4a]\n\t(No symbol) [0x0xe2e376]\n\t(No symbol) [0x0xdfd6e0]\n\t(No symbol) [0x0xdfe544]\n\tGetHandleVerifier [0x0x11ee033+2531347]\n\tGetHandleVerifier [0x0x11e9332+2511634]\n\tGetHandleVerifier [0x0xfb9eda+220858]\n\tGetHandleVerifier [0x0xfaa528+156936]\n\tGetHandleVerifier [0x0xfb0c5d+183357]\n\tGetHandleVerifier [0x0xf9b6c8+95912]\n\tGetHandleVerifier [0x0xf9b870+96336]\n\tGetHandleVerifier [0x0xf8664a+9770]\n\tBaseThreadInitThunk [0x0x75f15d49+25]\n\tRtlInitializeExceptionChain [0x0x77abd03b+107]\n\tRtlGetAppContainerNamedObjectPath [0x0x77abcfc1+561]\n\n", "trace": "  File \"C:\\Users\\windw\\PycharmProjects\\Diplom\\Diplom_3\\tests\\test_order_feed.py\", line 14, in test_open_order_details_from_feed\n    order_number = main_page.make_order()\n  File \"C:\\Users\\windw\\PycharmProjects\\Diplom\\Diplom_3\\venv\\Lib\\site-packages\\allure_commons\\_allure.py\", line 172, in impl\n    return func(*a, **kw)\n  File \"C:\\Users\\windw\\PycharmProjects\\Diplom\\Diplom_3\\pages\\main_page.py\", line 80, in make_order\n    return self.get_text(self.locators.ORDER_NUMBER)\n           ~~~~~~~~~~~~~^^^^^^^^^^^^^^^^^^^^^^^^^^^^\n  File \"C:\\Users\\windw\\PycharmProjects\\Diplom\\Diplom_3\\venv\\Lib\\site-packages\\allure_commons\\_allure.py\", line 172, in impl\n    return func(*a, **kw)\n  File \"C:\\Users\\windw\\PycharmProjects\\Diplom\\Diplom_3\\pages\\base_page.py\", line 65, in get_text\n    element = self.wait_until_visible(locator, timeout)\n  File \"C:\\Users\\windw\\PycharmProjects\\Diplom\\Diplom_3\\venv\\Lib\\site-packages\\allure_commons\\_allure.py\", line 172, in impl\n    return func(*a, **kw)\n  File \"C:\\Users\\windw\\PycharmProjects\\Diplom\\Diplom_3\\pages\\base_page.py\", line 103, in wait_until_visible\n    return self._wait_until(\n           ~~~~~~~~~~~~~~~~^\n        EC.visibility_of_element_located(locator),\n        ^^^^^^^^^^^^^^^^^^^^^^^^^^^^^^^^^^^^^^^^^^\n        timeout=timeout,\n        ^^^^^^^^^^^^^^^^\n        message=f\"Элемент {locator} не стал видимым\"\n        ^^^^^^^^^^^^^^^^^^^^^^^^^^^^^^^^^^^^^^^^^^^^\n    )\n    ^\n  File \"C:\\Users\\windw\\PycharmProjects\\Diplom\\Diplom_3\\pages\\base_page.py\", line 190, in _wait_until\n    return WebDriverWait(self.driver, wait_timeout).until(\n           ~~~~~~~~~~~~~~~~~~~~~~~~~~~~~~~~~~~~~~~~~~~~~~^\n        condition,\n        ^^^^^^^^^^\n        message=message\n        ^^^^^^^^^^^^^^^\n    )\n    ^\n  File \"C:\\Users\\windw\\PycharmProjects\\Diplom\\Diplom_3\\venv\\Lib\\site-packages\\selenium\\webdriver\\support\\wait.py\", line 101, in until\n    raise TimeoutException(message, screen, stacktrace)\n"}, "steps": [{"name": "Добавить ингредиент в конструктор", "status": "passed", "steps": [{"name": "Ожидание видимости элемента ('xpath', \"//div[contains(@class, 'BurgerIngredient_ingredient')]\")", "status": "passed", "parameters": [{"name": "locator", "value": "('xpath', \"//div[contains(@class, 'BurgerIngredient_ingredient')]\")"}, {"name": "timeout", "value": "None"}], "start": 1749424684310, "stop": 1749424684340}, {"name": "Ожидание видимости элемента ('xpath', \"//section[contains(@class, 'BurgerConstructor_basket')]\")", "status": "passed", "parameters": [{"name": "locator", "value": "('xpath', \"//section[contains(@class, 'BurgerConstructor_basket')]\")"}, {"name": "timeout", "value": "None"}], "start": 1749424684340, "stop": 1749424684386}, {"name": "Выполнение перетаскивания через JavaScript", "status": "passed", "parameters": [{"name": "source", "value": "<undetected_chromedriver.webelement.WebElement (session=\"89d7fc78ac58701c54cc5b6e08656282\", element=\"f.B2D29B77EFF6BFB53715BD42FE137D4B.d.F2CA83C61B4EFBE5C7FC781967E84DED.e.34\")>"}, {"name": "target", "value": "<undetected_chromedriver.webelement.WebElement (session=\"89d7fc78ac58701c54cc5b6e08656282\", element=\"f.B2D29B77EFF6BFB53715BD42FE137D4B.d.F2CA83C61B4EFBE5C7FC781967E84DED.e.62\")>"}], "start": 1749424684386, "stop": 1749424684405}], "start": 1749424684310, "stop": 1749424684405}, {"name": "Оформить заказ", "status": "broken", "statusDetails": {"message": "selenium.common.exceptions.TimeoutException: Message: Элемент ('xpath', \"//p[contains(@class, 'text_type_digits-large')]\") не стал видимым\nStacktrace:\n\tGetHandleVerifier [0x0xf93763+63299]\n\tGetHandleVerifier [0x0xf937a4+63364]\n\t(No symbol) [0x0xdc1113]\n\t(No symbol) [0x0xe0987e]\n\t(No symbol) [0x0xe09c1b]\n\t(No symbol) [0x0xe52212]\n\t(No symbol) [0x0xe2e5c4]\n\t(No symbol) [0x0xe4fa4a]\n\t(No symbol) [0x0xe2e376]\n\t(No symbol) [0x0xdfd6e0]\n\t(No symbol) [0x0xdfe544]\n\tGetHandleVerifier [0x0x11ee033+2531347]\n\tGetHandleVerifier [0x0x11e9332+2511634]\n\tGetHandleVerifier [0x0xfb9eda+220858]\n\tGetHandleVerifier [0x0xfaa528+156936]\n\tGetHandleVerifier [0x0xfb0c5d+183357]\n\tGetHandleVerifier [0x0xf9b6c8+95912]\n\tGetHandleVerifier [0x0xf9b870+96336]\n\tGetHandleVerifier [0x0xf8664a+9770]\n\tBaseThreadInitThunk [0x0x75f15d49+25]\n\tRtlInitializeExceptionChain [0x0x77abd03b+107]\n\tRtlGetAppContainerNamedObjectPath [0x0x77abcfc1+561]\n\n", "trace": "  File \"C:\\Users\\windw\\PycharmProjects\\Diplom\\Diplom_3\\venv\\Lib\\site-packages\\allure_commons\\_allure.py\", line 172, in impl\n    return func(*a, **kw)\n  File \"C:\\Users\\windw\\PycharmProjects\\Diplom\\Diplom_3\\pages\\main_page.py\", line 80, in make_order\n    return self.get_text(self.locators.ORDER_NUMBER)\n           ~~~~~~~~~~~~~^^^^^^^^^^^^^^^^^^^^^^^^^^^^\n  File \"C:\\Users\\windw\\PycharmProjects\\Diplom\\Diplom_3\\venv\\Lib\\site-packages\\allure_commons\\_allure.py\", line 172, in impl\n    return func(*a, **kw)\n  File \"C:\\Users\\windw\\PycharmProjects\\Diplom\\Diplom_3\\pages\\base_page.py\", line 65, in get_text\n    element = self.wait_until_visible(locator, timeout)\n  File \"C:\\Users\\windw\\PycharmProjects\\Diplom\\Diplom_3\\venv\\Lib\\site-packages\\allure_commons\\_allure.py\", line 172, in impl\n    return func(*a, **kw)\n  File \"C:\\Users\\windw\\PycharmProjects\\Diplom\\Diplom_3\\pages\\base_page.py\", line 103, in wait_until_visible\n    return self._wait_until(\n           ~~~~~~~~~~~~~~~~^\n        EC.visibility_of_element_located(locator),\n        ^^^^^^^^^^^^^^^^^^^^^^^^^^^^^^^^^^^^^^^^^^\n        timeout=timeout,\n        ^^^^^^^^^^^^^^^^\n        message=f\"Элемент {locator} не стал видимым\"\n        ^^^^^^^^^^^^^^^^^^^^^^^^^^^^^^^^^^^^^^^^^^^^\n    )\n    ^\n  File \"C:\\Users\\windw\\PycharmProjects\\Diplom\\Diplom_3\\pages\\base_page.py\", line 190, in _wait_until\n    return WebDriverWait(self.driver, wait_timeout).until(\n           ~~~~~~~~~~~~~~~~~~~~~~~~~~~~~~~~~~~~~~~~~~~~~~^\n        condition,\n        ^^^^^^^^^^\n        message=message\n        ^^^^^^^^^^^^^^^\n    )\n    ^\n  File \"C:\\Users\\windw\\PycharmProjects\\Diplom\\Diplom_3\\venv\\Lib\\site-packages\\selenium\\webdriver\\support\\wait.py\", line 101, in until\n    raise TimeoutException(message, screen, stacktrace)\n"}, "steps": [{"name": "Клик по элементу ('xpath', \"//button[contains(text(), 'Оформить заказ')]\")", "status": "passed", "steps": [{"name": "Ожидание кликабельности элемента ('xpath', \"//button[contains(text(), 'Оформить заказ')]\")", "status": "passed", "parameters": [{"name": "locator", "value": "('xpath', \"//button[contains(text(), 'Оформить заказ')]\")"}, {"name": "timeout", "value": "None"}], "start": 1749424684405, "stop": 1749424684434}], "parameters": [{"name": "locator", "value": "('xpath', \"//button[contains(text(), 'Оформить заказ')]\")"}, {"name": "timeout", "value": "None"}], "start": 1749424684405, "stop": 1749424684504}, {"name": "Получение текста элемента ('xpath', \"//p[contains(@class, 'text_type_digits-large')]\")", "status": "broken", "statusDetails": {"message": "selenium.common.exceptions.TimeoutException: Message: Элемент ('xpath', \"//p[contains(@class, 'text_type_digits-large')]\") не стал видимым\nStacktrace:\n\tGetHandleVerifier [0x0xf93763+63299]\n\tGetHandleVerifier [0x0xf937a4+63364]\n\t(No symbol) [0x0xdc1113]\n\t(No symbol) [0x0xe0987e]\n\t(No symbol) [0x0xe09c1b]\n\t(No symbol) [0x0xe52212]\n\t(No symbol) [0x0xe2e5c4]\n\t(No symbol) [0x0xe4fa4a]\n\t(No symbol) [0x0xe2e376]\n\t(No symbol) [0x0xdfd6e0]\n\t(No symbol) [0x0xdfe544]\n\tGetHandleVerifier [0x0x11ee033+2531347]\n\tGetHandleVerifier [0x0x11e9332+2511634]\n\tGetHandleVerifier [0x0xfb9eda+220858]\n\tGetHandleVerifier [0x0xfaa528+156936]\n\tGetHandleVerifier [0x0xfb0c5d+183357]\n\tGetHandleVerifier [0x0xf9b6c8+95912]\n\tGetHandleVerifier [0x0xf9b870+96336]\n\tGetHandleVerifier [0x0xf8664a+9770]\n\tBaseThreadInitThunk [0x0x75f15d49+25]\n\tRtlInitializeExceptionChain [0x0x77abd03b+107]\n\tRtlGetAppContainerNamedObjectPath [0x0x77abcfc1+561]\n\n", "trace": "  File \"C:\\Users\\windw\\PycharmProjects\\Diplom\\Diplom_3\\venv\\Lib\\site-packages\\allure_commons\\_allure.py\", line 172, in impl\n    return func(*a, **kw)\n  File \"C:\\Users\\windw\\PycharmProjects\\Diplom\\Diplom_3\\pages\\base_page.py\", line 65, in get_text\n    element = self.wait_until_visible(locator, timeout)\n  File \"C:\\Users\\windw\\PycharmProjects\\Diplom\\Diplom_3\\venv\\Lib\\site-packages\\allure_commons\\_allure.py\", line 172, in impl\n    return func(*a, **kw)\n  File \"C:\\Users\\windw\\PycharmProjects\\Diplom\\Diplom_3\\pages\\base_page.py\", line 103, in wait_until_visible\n    return self._wait_until(\n           ~~~~~~~~~~~~~~~~^\n        EC.visibility_of_element_located(locator),\n        ^^^^^^^^^^^^^^^^^^^^^^^^^^^^^^^^^^^^^^^^^^\n        timeout=timeout,\n        ^^^^^^^^^^^^^^^^\n        message=f\"Элемент {locator} не стал видимым\"\n        ^^^^^^^^^^^^^^^^^^^^^^^^^^^^^^^^^^^^^^^^^^^^\n    )\n    ^\n  File \"C:\\Users\\windw\\PycharmProjects\\Diplom\\Diplom_3\\pages\\base_page.py\", line 190, in _wait_until\n    return WebDriverWait(self.driver, wait_timeout).until(\n           ~~~~~~~~~~~~~~~~~~~~~~~~~~~~~~~~~~~~~~~~~~~~~~^\n        condition,\n        ^^^^^^^^^^\n        message=message\n        ^^^^^^^^^^^^^^^\n    )\n    ^\n  File \"C:\\Users\\windw\\PycharmProjects\\Diplom\\Diplom_3\\venv\\Lib\\site-packages\\selenium\\webdriver\\support\\wait.py\", line 101, in until\n    raise TimeoutException(message, screen, stacktrace)\n"}, "steps": [{"name": "Ожидание видимости элемента ('xpath', \"//p[contains(@class, 'text_type_digits-large')]\")", "status": "broken", "statusDetails": {"message": "selenium.common.exceptions.TimeoutException: Message: Элемент ('xpath', \"//p[contains(@class, 'text_type_digits-large')]\") не стал видимым\nStacktrace:\n\tGetHandleVerifier [0x0xf93763+63299]\n\tGetHandleVerifier [0x0xf937a4+63364]\n\t(No symbol) [0x0xdc1113]\n\t(No symbol) [0x0xe0987e]\n\t(No symbol) [0x0xe09c1b]\n\t(No symbol) [0x0xe52212]\n\t(No symbol) [0x0xe2e5c4]\n\t(No symbol) [0x0xe4fa4a]\n\t(No symbol) [0x0xe2e376]\n\t(No symbol) [0x0xdfd6e0]\n\t(No symbol) [0x0xdfe544]\n\tGetHandleVerifier [0x0x11ee033+2531347]\n\tGetHandleVerifier [0x0x11e9332+2511634]\n\tGetHandleVerifier [0x0xfb9eda+220858]\n\tGetHandleVerifier [0x0xfaa528+156936]\n\tGetHandleVerifier [0x0xfb0c5d+183357]\n\tGetHandleVerifier [0x0xf9b6c8+95912]\n\tGetHandleVerifier [0x0xf9b870+96336]\n\tGetHandleVerifier [0x0xf8664a+9770]\n\tBaseThreadInitThunk [0x0x75f15d49+25]\n\tRtlInitializeExceptionChain [0x0x77abd03b+107]\n\tRtlGetAppContainerNamedObjectPath [0x0x77abcfc1+561]\n\n", "trace": "  File \"C:\\Users\\windw\\PycharmProjects\\Diplom\\Diplom_3\\venv\\Lib\\site-packages\\allure_commons\\_allure.py\", line 172, in impl\n    return func(*a, **kw)\n  File \"C:\\Users\\windw\\PycharmProjects\\Diplom\\Diplom_3\\pages\\base_page.py\", line 103, in wait_until_visible\n    return self._wait_until(\n           ~~~~~~~~~~~~~~~~^\n        EC.visibility_of_element_located(locator),\n        ^^^^^^^^^^^^^^^^^^^^^^^^^^^^^^^^^^^^^^^^^^\n        timeout=timeout,\n        ^^^^^^^^^^^^^^^^\n        message=f\"Элемент {locator} не стал видимым\"\n        ^^^^^^^^^^^^^^^^^^^^^^^^^^^^^^^^^^^^^^^^^^^^\n    )\n    ^\n  File \"C:\\Users\\windw\\PycharmProjects\\Diplom\\Diplom_3\\pages\\base_page.py\", line 190, in _wait_until\n    return WebDriverWait(self.driver, wait_timeout).until(\n           ~~~~~~~~~~~~~~~~~~~~~~~~~~~~~~~~~~~~~~~~~~~~~~^\n        condition,\n        ^^^^^^^^^^\n        message=message\n        ^^^^^^^^^^^^^^^\n    )\n    ^\n  File \"C:\\Users\\windw\\PycharmProjects\\Diplom\\Diplom_3\\venv\\Lib\\site-packages\\selenium\\webdriver\\support\\wait.py\", line 101, in until\n    raise TimeoutException(message, screen, stacktrace)\n"}, "parameters": [{"name": "locator", "value": "('xpath', \"//p[contains(@class, 'text_type_digits-large')]\")"}, {"name": "timeout", "value": "None"}], "start": 1749424684505, "stop": 1749424695574}], "parameters": [{"name": "locator", "value": "('xpath', \"//p[contains(@class, 'text_type_digits-large')]\")"}, {"name": "timeout", "value": "None"}], "start": 1749424684505, "stop": 1749424695576}], "start": 1749424684405, "stop": 1749424695578}], "start": 1749424684310, "stop": 1749424695579}], "attachments": [{"name": "log", "source": "4abb9d3c-0c6e-4437-8dfe-510a56e67d12-attachment.txt", "type": "text/plain"}], "parameters": [{"name": "driver", "value": "'chrome'"}], "start": 1749424684309, "stop": 1749424695581, "uuid": "64f2e2fa-a6c0-4a37-a960-fee75a8b6c7d", "historyId": "49beedda83ea93ff770bf17bf911a71c", "testCaseId": "cbfab2099d69681fb0dd8283a7042a9d", "fullName": "tests.test_order_feed.TestOrderFeed#test_open_order_details_from_feed", "labels": [{"name": "feature", "value": "Лента заказов"}, {"name": "parentSuite", "value": "tests"}, {"name": "suite", "value": "test_order_feed"}, {"name": "subSuite", "value": "TestOrderFeed"}, {"name": "host", "value": "Gemini_78"}, {"name": "thread", "value": "12668-MainThread"}, {"name": "framework", "value": "pytest"}, {"name": "language", "value": "cpython3"}, {"name": "package", "value": "tests.test_order_feed"}]}