{"name": "Залогиненный пользователь может оформить заказ", "status": "broken", "statusDetails": {"message": "selenium.common.exceptions.TimeoutException: Message: \nStacktrace:\n\tGetHandleVerifier [0x00F7FC03+61635]\n\tGetHandleVerifier [0x00F7FC44+61700]\n\t(No symbol) [0x00DA05D3]\n\t(No symbol) [0x00DE899E]\n\t(No symbol) [0x00DE8D3B]\n\t(No symbol) [0x00E30E12]\n\t(No symbol) [0x00E0D2E4]\n\t(No symbol) [0x00E2E61B]\n\t(No symbol) [0x00E0D096]\n\t(No symbol) [0x00DDC840]\n\t(No symbol) [0x00DDD6A4]\n\tGetHandleVerifier [0x01204523+2701795]\n\tGetHandleVerifier [0x011FFCA6+2683238]\n\tGetHandleVerifier [0x0121A9EE+2793134]\n\tGetHandleVerifier [0x00F968C5+155013]\n\tGetHandleVerifier [0x00F9CFAD+181357]\n\tGetHandleVerifier [0x00F87458+92440]\n\tGetHandleVerifier [0x00F87600+92864]\n\tGetHandleVerifier [0x00F71FF0+5296]\n\tBaseThreadInitThunk [0x75F15D49+25]\n\tRtlInitializeExceptionChain [0x77ABD03B+107]\n\tRtlGetAppContainerNamedObjectPath [0x77ABCFC1+561]", "trace": "self = <tests.test_constructor.TestConstructorFromLogin object at 0x000001DE7E14E6C0>\ndriver = <undetected_chromedriver.Chrome (session=\"75fb8375f534dcc193bd945ec771e63f\")>, main_page = <pages.main_page.MainPage object at 0x000001DE7E30B3F0>\n\n    @pytest.mark.usefixtures(\"ui_auth_user\")\n    @allure.title(\"Залогиненный пользователь может оформить заказ\")\n    def test_authorized_user_can_make_order(self, driver, main_page):\n        with allure.step(\"Проверка авторизации\"):\n            WebDriverWait(driver, 10).until(\n                lambda d: \"login\" not in d.current_url,\n                \"Пользователь не авторизован или страница не загрузилась\"\n            )\n        with allure.step(\"Открываем главную страницу\"):\n            main_page.open()\n            WebDriverWait(driver, 10).until(\n                EC.visibility_of_element_located(MainPageLocators.INGREDIENT_SECTION),\n                \"Секция ингредиентов не загрузилась\"\n            )\n        with allure.step(\"Добавляем ингредиенты\"):\n            main_page.add_bun_to_constructor()  # Используем существующий метод\n        with allure.step(\"Оформляем заказ\"):\n            main_page.make_order()\n>           order_number = WebDriverWait(driver, 15).until(\n                lambda d: main_page.get_order_number(),\n                \"Не удалось получить номер заказа\"\n            )\n\ntests\\test_constructor.py:145: \n_ _ _ _ _ _ _ _ _ _ _ _ _ _ _ _ _ _ _ _ _ _ _ _ _ _ _ _ _ _ _ _ _ _ _ _ _ _ _ _ _ _ _ _ _ _ _ _ _ _ _ _ _ _ _ _ _ _ _ _ _ _ _ _ _ _ _ _ _ _ _ _ _ _ _ _ _ _ _ _ _ _ _\nvenv\\Lib\\site-packages\\selenium\\webdriver\\support\\wait.py:92: in until\n    value = method(self._driver)\ntests\\test_constructor.py:146: in <lambda>\n    lambda d: main_page.get_order_number(),\npages\\main_page.py:99: in get_order_number\n    return self.wait.until(\n_ _ _ _ _ _ _ _ _ _ _ _ _ _ _ _ _ _ _ _ _ _ _ _ _ _ _ _ _ _ _ _ _ _ _ _ _ _ _ _ _ _ _ _ _ _ _ _ _ _ _ _ _ _ _ _ _ _ _ _ _ _ _ _ _ _ _ _ _ _ _ _ _ _ _ _ _ _ _ _ _ _ _\n\nself = <selenium.webdriver.support.wait.WebDriverWait (session=\"75fb8375f534dcc193bd945ec771e63f\")>\nmethod = <function visibility_of_element_located.<locals>._predicate at 0x000001DE7E3AB920>, message = ''\n\n    def until(self, method: Callable[[WebDriver], Union[Literal[False], T]], message: str = \"\") -> T:\n        \"\"\"Calls the method provided with the driver as an argument until the \\\n        return value does not evaluate to ``False``.\n    \n        :param method: callable(WebDriver)\n        :param message: optional message for :exc:`TimeoutException`\n        :returns: the result of the last call to `method`\n        :raises: :exc:`selenium.common.exceptions.TimeoutException` if timeout occurs\n        \"\"\"\n        screen = None\n        stacktrace = None\n    \n        end_time = time.monotonic() + self._timeout\n        while True:\n            try:\n                value = method(self._driver)\n                if value:\n                    return value\n            except self._ignored_exceptions as exc:\n                screen = getattr(exc, \"screen\", None)\n                stacktrace = getattr(exc, \"stacktrace\", None)\n            time.sleep(self._poll)\n            if time.monotonic() > end_time:\n                break\n>       raise TimeoutException(message, screen, stacktrace)\nE       selenium.common.exceptions.TimeoutException: Message: \nE       Stacktrace:\nE       \tGetHandleVerifier [0x00F7FC03+61635]\nE       \tGetHandleVerifier [0x00F7FC44+61700]\nE       \t(No symbol) [0x00DA05D3]\nE       \t(No symbol) [0x00DE899E]\nE       \t(No symbol) [0x00DE8D3B]\nE       \t(No symbol) [0x00E30E12]\nE       \t(No symbol) [0x00E0D2E4]\nE       \t(No symbol) [0x00E2E61B]\nE       \t(No symbol) [0x00E0D096]\nE       \t(No symbol) [0x00DDC840]\nE       \t(No symbol) [0x00DDD6A4]\nE       \tGetHandleVerifier [0x01204523+2701795]\nE       \tGetHandleVerifier [0x011FFCA6+2683238]\nE       \tGetHandleVerifier [0x0121A9EE+2793134]\nE       \tGetHandleVerifier [0x00F968C5+155013]\nE       \tGetHandleVerifier [0x00F9CFAD+181357]\nE       \tGetHandleVerifier [0x00F87458+92440]\nE       \tGetHandleVerifier [0x00F87600+92864]\nE       \tGetHandleVerifier [0x00F71FF0+5296]\nE       \tBaseThreadInitThunk [0x75F15D49+25]\nE       \tRtlInitializeExceptionChain [0x77ABD03B+107]\nE       \tRtlGetAppContainerNamedObjectPath [0x77ABCFC1+561]\n\nvenv\\Lib\\site-packages\\selenium\\webdriver\\support\\wait.py:101: TimeoutException"}, "steps": [{"name": "Проверка авторизации", "status": "passed", "start": 1748199346420, "stop": 1748199346934}, {"name": "Открываем главную страницу", "status": "passed", "start": 1748199346934, "stop": 1748199347515}, {"name": "Добавляем ингредиенты", "status": "passed", "start": 1748199347515, "stop": 1748199347566}, {"name": "Оформляем заказ", "status": "broken", "statusDetails": {"message": "selenium.common.exceptions.TimeoutException: Message: \nStacktrace:\n\tGetHandleVerifier [0x00F7FC03+61635]\n\tGetHandleVerifier [0x00F7FC44+61700]\n\t(No symbol) [0x00DA05D3]\n\t(No symbol) [0x00DE899E]\n\t(No symbol) [0x00DE8D3B]\n\t(No symbol) [0x00E30E12]\n\t(No symbol) [0x00E0D2E4]\n\t(No symbol) [0x00E2E61B]\n\t(No symbol) [0x00E0D096]\n\t(No symbol) [0x00DDC840]\n\t(No symbol) [0x00DDD6A4]\n\tGetHandleVerifier [0x01204523+2701795]\n\tGetHandleVerifier [0x011FFCA6+2683238]\n\tGetHandleVerifier [0x0121A9EE+2793134]\n\tGetHandleVerifier [0x00F968C5+155013]\n\tGetHandleVerifier [0x00F9CFAD+181357]\n\tGetHandleVerifier [0x00F87458+92440]\n\tGetHandleVerifier [0x00F87600+92864]\n\tGetHandleVerifier [0x00F71FF0+5296]\n\tBaseThreadInitThunk [0x75F15D49+25]\n\tRtlInitializeExceptionChain [0x77ABD03B+107]\n\tRtlGetAppContainerNamedObjectPath [0x77ABCFC1+561]\n\n", "trace": "  File \"C:\\Users\\windw\\PycharmProjects\\Diplom\\Diplom_3\\tests\\test_constructor.py\", line 145, in test_authorized_user_can_make_order\n    order_number = WebDriverWait(driver, 15).until(\n        lambda d: main_page.get_order_number(),\n        \"Не удалось получить номер заказа\"\n    )\n  File \"C:\\Users\\windw\\PycharmProjects\\Diplom\\Diplom_3\\venv\\Lib\\site-packages\\selenium\\webdriver\\support\\wait.py\", line 92, in until\n    value = method(self._driver)\n  File \"C:\\Users\\windw\\PycharmProjects\\Diplom\\Diplom_3\\tests\\test_constructor.py\", line 146, in <lambda>\n    lambda d: main_page.get_order_number(),\n              ~~~~~~~~~~~~~~~~~~~~~~~~~~^^\n  File \"C:\\Users\\windw\\PycharmProjects\\Diplom\\Diplom_3\\pages\\main_page.py\", line 99, in get_order_number\n    return self.wait.until(\n           ~~~~~~~~~~~~~~~^\n        EC.visibility_of_element_located(self.locators.ORDER_NUMBER)\n        ^^^^^^^^^^^^^^^^^^^^^^^^^^^^^^^^^^^^^^^^^^^^^^^^^^^^^^^^^^^^\n    ).text\n    ^\n  File \"C:\\Users\\windw\\PycharmProjects\\Diplom\\Diplom_3\\venv\\Lib\\site-packages\\selenium\\webdriver\\support\\wait.py\", line 101, in until\n    raise TimeoutException(message, screen, stacktrace)\n"}, "start": 1748199347566, "stop": 1748199389842}], "parameters": [{"name": "driver", "value": "'chrome'"}], "start": 1748199346420, "stop": 1748199389846, "uuid": "167f3c29-fe5c-4eab-8dcd-79b987bb7707", "historyId": "92565569abf351a7a6fa6f0c5ea84c9e", "testCaseId": "abc0047ddaa9cdb71f54c676c4cd3ed2", "fullName": "tests.test_constructor.TestConstructorFromLogin#test_authorized_user_can_make_order", "labels": [{"name": "tag", "value": "@pytest.mark.usefixtures('ui_auth_user')"}, {"name": "parentSuite", "value": "tests"}, {"name": "suite", "value": "test_constructor"}, {"name": "subSuite", "value": "TestConstructorFromLogin"}, {"name": "host", "value": "Gemini_78"}, {"name": "thread", "value": "19464-MainThread"}, {"name": "framework", "value": "pytest"}, {"name": "language", "value": "cpython3"}, {"name": "package", "value": "tests.test_constructor"}]}